#
# There is insufficient memory for the Java Runtime Environment to continue.
# Native memory allocation (malloc) failed to allocate 1067376 bytes for Chunk::new
# Possible reasons:
#   The system is out of physical RAM or swap space
#   The process is running with CompressedOops enabled, and the Java Heap may be blocking the growth of the native heap
# Possible solutions:
#   Reduce memory load on the system
#   Increase physical memory or swap space
#   Check if swap backing store is full
#   Decrease Java heap size (-Xmx/-Xms)
#   Decrease number of Java threads
#   Decrease Java thread stack sizes (-Xss)
#   Set larger code cache with -XX:ReservedCodeCacheSize=
#   JVM is running with Unscaled Compressed Oops mode in which the Java heap is
#     placed in the first 4GB address space. The Java Heap base address is the
#     maximum limit for the native heap growth. Please use -XX:HeapBaseMinAddress
#     to set the Java Heap base and to place the Java Heap above 4GB virtual address.
# This output file may be truncated or incomplete.
#
#  Out of Memory Error (./src/hotspot/share/memory/arena.cpp:197), pid=7228, tid=1152
#
# JRE version: OpenJDK Runtime Environment (11.0.8+10) (build 11.0.8+10-b944.6842174)
# Java VM: OpenJDK 64-Bit Server VM (11.0.8+10-b944.6842174, mixed mode, tiered, compressed oops, g1 gc, windows-amd64)
# No core dump will be written. Minidumps are not enabled by default on client versions of Windows
#

---------------  S U M M A R Y ------------

Command Line: --add-opens=java.base/java.util=ALL-UNNAMED --add-opens=java.base/java.lang=ALL-UNNAMED --add-opens=java.base/java.lang.invoke=ALL-UNNAMED --add-opens=java.prefs/java.util.prefs=ALL-UNNAMED -Xmx2048m -Dfile.encoding=UTF-8 -Duser.country=US -Duser.language=en -Duser.variant org.gradle.launcher.daemon.bootstrap.GradleDaemon 6.7.1

Host: AMD Ryzen 5 3500U with Radeon Vega Mobile Gfx  , 8 cores, 3G,  Windows 10 , 64 bit Build 19041 (10.0.19041.928)
Time: Tue May 25 02:49:54 2021 Malay Peninsula Standard Time elapsed time: 29 seconds (0d 0h 0m 29s)

---------------  T H R E A D  ---------------

Current thread (0x0000024fe7207000):  JavaThread "C2 CompilerThread0" daemon [_thread_in_native, id=1152, stack(0x000000af0d200000,0x000000af0d300000)]


Current CompileTask:
C2:  29692 9870  s!   4       jdk.internal.loader.URLClassPath::getLoader (194 bytes)

Stack: [0x000000af0d200000,0x000000af0d300000]
Native frames: (J=compiled Java code, j=interpreted, Vv=VM code, C=native code)
V  [jvm.dll+0x5de50a]
V  [jvm.dll+0x7122f5]
V  [jvm.dll+0x71384d]
V  [jvm.dll+0x713f03]
V  [jvm.dll+0x23e728]
V  [jvm.dll+0xb899c]
V  [jvm.dll+0xb8e9c]
V  [jvm.dll+0x35024d]
V  [jvm.dll+0x193cbc]
V  [jvm.dll+0x1f780e]
V  [jvm.dll+0x1f68d4]
V  [jvm.dll+0x17f32c]
V  [jvm.dll+0x205047]
V  [jvm.dll+0x203891]
V  [jvm.dll+0x6dad3f]
V  [jvm.dll+0x6d3895]
V  [jvm.dll+0x5dd4a6]
C  [ucrtbase.dll+0x21bb2]
C  [KERNEL32.DLL+0x17034]
C  [ntdll.dll+0x52651]


---------------  P R O C E S S  ---------------

Threads class SMR info:
_java_thread_list=0x0000024fee0aba70, length=155, elements={
0x0000024fcc738000, 0x0000024fe71a5800, 0x0000024fe71b1000, 0x0000024fe7204800,
0x0000024fe7205800, 0x0000024fe7207000, 0x0000024fe7217800, 0x0000024fe7219000,
0x0000024fe7c82000, 0x0000024fe7c94000, 0x0000024fe956d800, 0x0000024fe971b000,
0x0000024fe8e36800, 0x0000024fe9653800, 0x0000024fe8e0a800, 0x0000024fe8c2a800,
0x0000024fe9772800, 0x0000024fe946a800, 0x0000024fe946b800, 0x0000024fe8e49800,
0x0000024fe9759800, 0x0000024fe975d000, 0x0000024fe975e000, 0x0000024fe9759000,
0x0000024fe975c000, 0x0000024fe975e800, 0x0000024fe975f800, 0x0000024fe975a800,
0x0000024fe975b800, 0x0000024fec7c8000, 0x0000024fec7c6800, 0x0000024fec7c9800,
0x0000024fec7ca800, 0x0000024fec7c7000, 0x0000024fec7c4800, 0x0000024fec7cb000,
0x0000024fec7c5800, 0x0000024fec7cd000, 0x0000024fec7cd800, 0x0000024fec7ce800,
0x0000024fec7cf000, 0x0000024fec7d0000, 0x0000024fec7d1000, 0x0000024fec7cc000,
0x0000024fec7d1800, 0x0000024fec7d2800, 0x0000024fec7d3800, 0x0000024fe8a55800,
0x0000024fe8a56800, 0x0000024fe8a54800, 0x0000024fe8a54000, 0x0000024fe8a57000,
0x0000024fe8a59000, 0x0000024fe8a5b000, 0x0000024fe8a58000, 0x0000024fe8a5a800,
0x0000024fe8a59800, 0x0000024fe8a5e800, 0x0000024fe8a61800, 0x0000024fe8a60000,
0x0000024fe8a5d800, 0x0000024fe8a5c000, 0x0000024fe8a61000, 0x0000024fe8a5f800,
0x0000024fe8a62800, 0x0000024fe8a5d000, 0x0000024fe9366800, 0x0000024fe9365800,
0x0000024fe9369000, 0x0000024fe9367800, 0x0000024fe9363800, 0x0000024fe9368000,
0x0000024fe936a000, 0x0000024fe9364000, 0x0000024fe936a800, 0x0000024fe9365000,
0x0000024fe9371000, 0x0000024fe936e800, 0x0000024fe936b800, 0x0000024fe9372000,
0x0000024fe936c000, 0x0000024fe936d000, 0x0000024fe9370800, 0x0000024fe936e000,
0x0000024fe936f800, 0x0000024fea7b7800, 0x0000024fea7b6800, 0x0000024fea7b4000,
0x0000024fea7b3000, 0x0000024fea7b5800, 0x0000024fea7b8000, 0x0000024fea7b9000,
0x0000024fea7ba800, 0x0000024fea7ba000, 0x0000024fea7b5000, 0x0000024fea7bd000,
0x0000024fea7c1000, 0x0000024fea7bb800, 0x0000024fea7c2000, 0x0000024fea7bc000,
0x0000024fea7c0800, 0x0000024fea7bf800, 0x0000024fea7be000, 0x0000024fea7be800,
0x0000024fe9ff9000, 0x0000024fe9ffd000, 0x0000024fe9ffe000, 0x0000024fe9ffa000,
0x0000024fe9ff8000, 0x0000024fe9fff800, 0x0000024fe9ffa800, 0x0000024fe9fff000,
0x0000024fea000800, 0x0000024fea001000, 0x0000024fe9ffb800, 0x0000024fea002000,
0x0000024fe9ffc800, 0x0000024fea003800, 0x0000024fea003000, 0x0000024fea004800,
0x0000024fea005800, 0x0000024fea006000, 0x0000024fea007000, 0x0000024fe7db5800,
0x0000024fe7db9800, 0x0000024fe7db6800, 0x0000024fe7db7000, 0x0000024fe7db4800,
0x0000024fe7dbd800, 0x0000024fe7dbc000, 0x0000024fe7dbd000, 0x0000024fe7dbb800,
0x0000024fe7dba800, 0x0000024fe7db8000, 0x0000024fe7dbe800, 0x0000024fe7db9000,
0x0000024fe7dbf800, 0x0000024fe7dc0000, 0x0000024fe7dc1000, 0x0000024fe7dc3800,
0x0000024fe7dc2000, 0x0000024fe7dc2800, 0x0000024fee519000, 0x0000024fee514000,
0x0000024fee51b000, 0x0000024fee515000, 0x0000024fee51a000, 0x0000024fee516000,
0x0000024fee51b800, 0x0000024fee517800, 0x0000024fee516800, 0x0000024fee51c800,
0x0000024fee51d000, 0x0000024fee51e000, 0x0000024fee518800
}

Java Threads: ( => current thread )
  0x0000024fcc738000 JavaThread "main" [_thread_blocked, id=12540, stack(0x000000af0c700000,0x000000af0c800000)]
  0x0000024fe71a5800 JavaThread "Reference Handler" daemon [_thread_blocked, id=2444, stack(0x000000af0ce00000,0x000000af0cf00000)]
  0x0000024fe71b1000 JavaThread "Finalizer" daemon [_thread_blocked, id=5316, stack(0x000000af0cf00000,0x000000af0d000000)]
  0x0000024fe7204800 JavaThread "Signal Dispatcher" daemon [_thread_blocked, id=12952, stack(0x000000af0d000000,0x000000af0d100000)]
  0x0000024fe7205800 JavaThread "Attach Listener" daemon [_thread_blocked, id=12004, stack(0x000000af0d100000,0x000000af0d200000)]
=>0x0000024fe7207000 JavaThread "C2 CompilerThread0" daemon [_thread_in_native, id=1152, stack(0x000000af0d200000,0x000000af0d300000)]
  0x0000024fe7217800 JavaThread "C1 CompilerThread0" daemon [_thread_in_native, id=7324, stack(0x000000af0d300000,0x000000af0d400000)]
  0x0000024fe7219000 JavaThread "Sweeper thread" daemon [_thread_blocked, id=12512, stack(0x000000af0d400000,0x000000af0d500000)]
  0x0000024fe7c82000 JavaThread "Common-Cleaner" daemon [_thread_blocked, id=4968, stack(0x000000af0d500000,0x000000af0d600000)]
  0x0000024fe7c94000 JavaThread "Service Thread" daemon [_thread_blocked, id=5668, stack(0x000000af0d600000,0x000000af0d700000)]
  0x0000024fe956d800 JavaThread "Daemon health stats" [_thread_blocked, id=6984, stack(0x000000af0d900000,0x000000af0da00000)]
  0x0000024fe971b000 JavaThread "Incoming local TCP Connector on port 51434" [_thread_in_native, id=6032, stack(0x000000af0de00000,0x000000af0df00000)]
  0x0000024fe8e36800 JavaThread "Daemon periodic checks" [_thread_blocked, id=12800, stack(0x000000af0df00000,0x000000af0e000000)]
  0x0000024fe9653800 JavaThread "Daemon" [_thread_blocked, id=6308, stack(0x000000af0e000000,0x000000af0e100000)]
  0x0000024fe8e0a800 JavaThread "Handler for socket connection from /127.0.0.1:51434 to /127.0.0.1:51435" [_thread_in_native, id=6468, stack(0x000000af0e100000,0x000000af0e200000)]
  0x0000024fe8c2a800 JavaThread "Cancel handler" [_thread_blocked, id=7884, stack(0x000000af0e200000,0x000000af0e300000)]
  0x0000024fe9772800 JavaThread "Daemon worker" [_thread_blocked, id=13268, stack(0x000000af0e300000,0x000000af0e400000)]
  0x0000024fe946a800 JavaThread "Asynchronous log dispatcher for DefaultDaemonConnection: socket connection from /127.0.0.1:51434 to /127.0.0.1:51435" [_thread_blocked, id=9736, stack(0x000000af0e400000,0x000000af0e500000)]
  0x0000024fe946b800 JavaThread "Stdin handler" [_thread_blocked, id=6112, stack(0x000000af0e500000,0x000000af0e600000)]
  0x0000024fe8e49800 JavaThread "Thread-8" [_thread_blocked, id=6484, stack(0x000000af0e600000,0x000000af0e700000)]
  0x0000024fe9759800 JavaThread "Cache worker for file hash cache (C:\Users\HP\.gradle\caches\6.7.1\fileHashes)" [_thread_blocked, id=11996, stack(0x000000af0eb00000,0x000000af0ec00000)]
  0x0000024fe975d000 JavaThread "File lock request listener" [_thread_in_native, id=5216, stack(0x000000af0ec00000,0x000000af0ed00000)]
  0x0000024fe975e000 JavaThread "Cache worker for journal cache (C:\Users\HP\.gradle\caches\journal-1)" [_thread_blocked, id=13152, stack(0x000000af0ee00000,0x000000af0ef00000)]
  0x0000024fe9759000 JavaThread "Cache worker for file hash cache (C:\Users\HP\AndroidStudioProjects\fyp\.gradle\6.7.1\fileHashes)" [_thread_blocked, id=4744, stack(0x000000af0ef00000,0x000000af0f000000)]
  0x0000024fe975c000 JavaThread "Cache worker for checksums cache (C:\Users\HP\AndroidStudioProjects\fyp\.gradle\checksums)" [_thread_blocked, id=12756, stack(0x000000af0f000000,0x000000af0f100000)]
  0x0000024fe975e800 JavaThread "Cache worker for cache directory md-supplier (C:\Users\HP\.gradle\caches\6.7.1\md-supplier)" [_thread_blocked, id=7852, stack(0x000000af0f100000,0x000000af0f200000)]
  0x0000024fe975f800 JavaThread "Cache worker for cache directory md-rule (C:\Users\HP\.gradle\caches\6.7.1\md-rule)" [_thread_blocked, id=7240, stack(0x000000af0f200000,0x000000af0f300000)]
  0x0000024fe975a800 JavaThread "Cache worker for execution history cache (C:\Users\HP\.gradle\caches\6.7.1\executionHistory)" [_thread_blocked, id=8812, stack(0x000000af0f300000,0x000000af0f400000)]
  0x0000024fe975b800 JavaThread "jar transforms" [_thread_blocked, id=10472, stack(0x000000af0f400000,0x000000af0f500000)]
  0x0000024fec7c8000 JavaThread "Cache worker for file content cache (C:\Users\HP\.gradle\caches\6.7.1\fileContent)" [_thread_blocked, id=9340, stack(0x000000af0f500000,0x000000af0f600000)]
  0x0000024fec7c6800 JavaThread "Cache worker for Build Output Cleanup Cache (C:\Users\HP\AndroidStudioProjects\fyp\.gradle\buildOutputCleanup)" [_thread_blocked, id=8308, stack(0x000000af0f600000,0x000000af0f700000)]
  0x0000024fec7c9800 JavaThread "Build operations" [_thread_blocked, id=7764, stack(0x000000af0f700000,0x000000af0f800000)]
  0x0000024fec7ca800 JavaThread "Build operations Thread 2" [_thread_blocked, id=6944, stack(0x000000af0f800000,0x000000af0f900000)]
  0x0000024fec7c7000 JavaThread "Build operations Thread 3" [_thread_blocked, id=9096, stack(0x000000af0f900000,0x000000af0fa00000)]
  0x0000024fec7c4800 JavaThread "Build operations Thread 4" [_thread_blocked, id=3168, stack(0x000000af0fa00000,0x000000af0fb00000)]
  0x0000024fec7cb000 JavaThread "Build operations Thread 5" [_thread_blocked, id=2688, stack(0x000000af0fb00000,0x000000af0fc00000)]
  0x0000024fec7c5800 JavaThread "Build operations Thread 6" [_thread_blocked, id=12352, stack(0x000000af0fc00000,0x000000af0fd00000)]
  0x0000024fec7cd000 JavaThread "Build operations Thread 7" [_thread_blocked, id=7200, stack(0x000000af0fd00000,0x000000af0fe00000)]
  0x0000024fec7cd800 JavaThread "Build operations Thread 8" [_thread_blocked, id=844, stack(0x000000af0fe00000,0x000000af0ff00000)]
  0x0000024fec7ce800 JavaThread "jar transforms Thread 2" [_thread_blocked, id=1616, stack(0x000000af0ff00000,0x000000af10000000)]
  0x0000024fec7cf000 JavaThread "jar transforms Thread 3" [_thread_blocked, id=3732, stack(0x000000af10000000,0x000000af10100000)]
  0x0000024fec7d0000 JavaThread "jar transforms Thread 4" [_thread_blocked, id=10164, stack(0x000000af10100000,0x000000af10200000)]
  0x0000024fec7d1000 JavaThread "jar transforms Thread 5" [_thread_blocked, id=9600, stack(0x000000af10200000,0x000000af10300000)]
  0x0000024fec7cc000 JavaThread "jar transforms Thread 6" [_thread_blocked, id=5076, stack(0x000000af10300000,0x000000af10400000)]
  0x0000024fec7d1800 JavaThread "jar transforms Thread 7" [_thread_blocked, id=6348, stack(0x000000af10400000,0x000000af10500000)]
  0x0000024fec7d2800 JavaThread "jar transforms Thread 8" [_thread_blocked, id=9936, stack(0x000000af10500000,0x000000af10600000)]
  0x0000024fec7d3800 JavaThread "jar transforms Thread 9" [_thread_blocked, id=7412, stack(0x000000af10600000,0x000000af10700000)]
  0x0000024fe8a55800 JavaThread "jar transforms Thread 10" [_thread_blocked, id=4228, stack(0x000000af10700000,0x000000af10800000)]
  0x0000024fe8a56800 JavaThread "jar transforms Thread 11" [_thread_blocked, id=8836, stack(0x000000af10800000,0x000000af10900000)]
  0x0000024fe8a54800 JavaThread "jar transforms Thread 12" [_thread_blocked, id=13248, stack(0x000000af10900000,0x000000af10a00000)]
  0x0000024fe8a54000 JavaThread "jar transforms Thread 13" [_thread_blocked, id=8356, stack(0x000000af10a00000,0x000000af10b00000)]
  0x0000024fe8a57000 JavaThread "jar transforms Thread 14" [_thread_blocked, id=12528, stack(0x000000af10b00000,0x000000af10c00000)]
  0x0000024fe8a59000 JavaThread "jar transforms Thread 15" [_thread_blocked, id=13292, stack(0x000000af10c00000,0x000000af10d00000)]
  0x0000024fe8a5b000 JavaThread "jar transforms Thread 16" [_thread_blocked, id=1992, stack(0x000000af10d00000,0x000000af10e00000)]
  0x0000024fe8a58000 JavaThread "jar transforms Thread 17" [_thread_blocked, id=1580, stack(0x000000af10e00000,0x000000af10f00000)]
  0x0000024fe8a5a800 JavaThread "jar transforms Thread 18" [_thread_blocked, id=11428, stack(0x000000af10f00000,0x000000af11000000)]
  0x0000024fe8a59800 JavaThread "jar transforms Thread 19" [_thread_blocked, id=684, stack(0x000000af11000000,0x000000af11100000)]
  0x0000024fe8a5e800 JavaThread "jar transforms Thread 20" [_thread_blocked, id=5268, stack(0x000000af11100000,0x000000af11200000)]
  0x0000024fe8a61800 JavaThread "jar transforms Thread 21" [_thread_blocked, id=12408, stack(0x000000af11200000,0x000000af11300000)]
  0x0000024fe8a60000 JavaThread "jar transforms Thread 22" [_thread_blocked, id=3716, stack(0x000000af11300000,0x000000af11400000)]
  0x0000024fe8a5d800 JavaThread "jar transforms Thread 23" [_thread_blocked, id=9156, stack(0x000000af11400000,0x000000af11500000)]
  0x0000024fe8a5c000 JavaThread "jar transforms Thread 24" [_thread_blocked, id=6628, stack(0x000000af11500000,0x000000af11600000)]
  0x0000024fe8a61000 JavaThread "jar transforms Thread 25" [_thread_blocked, id=7004, stack(0x000000af11600000,0x000000af11700000)]
  0x0000024fe8a5f800 JavaThread "jar transforms Thread 26" [_thread_blocked, id=10684, stack(0x000000af11700000,0x000000af11800000)]
  0x0000024fe8a62800 JavaThread "jar transforms Thread 27" [_thread_blocked, id=3548, stack(0x000000af11800000,0x000000af11900000)]
  0x0000024fe8a5d000 JavaThread "jar transforms Thread 28" [_thread_blocked, id=2748, stack(0x000000af11900000,0x000000af11a00000)]
  0x0000024fe9366800 JavaThread "jar transforms Thread 29" [_thread_blocked, id=4976, stack(0x000000af11a00000,0x000000af11b00000)]
  0x0000024fe9365800 JavaThread "jar transforms Thread 30" [_thread_blocked, id=6528, stack(0x000000af11b00000,0x000000af11c00000)]
  0x0000024fe9369000 JavaThread "jar transforms Thread 31" [_thread_blocked, id=13168, stack(0x000000af11c00000,0x000000af11d00000)]
  0x0000024fe9367800 JavaThread "jar transforms Thread 32" [_thread_blocked, id=9160, stack(0x000000af11d00000,0x000000af11e00000)]
  0x0000024fe9363800 JavaThread "jar transforms Thread 33" [_thread_blocked, id=12120, stack(0x000000af11e00000,0x000000af11f00000)]
  0x0000024fe9368000 JavaThread "jar transforms Thread 34" [_thread_blocked, id=8204, stack(0x000000af11f00000,0x000000af12000000)]
  0x0000024fe936a000 JavaThread "jar transforms Thread 35" [_thread_blocked, id=4108, stack(0x000000af12000000,0x000000af12100000)]
  0x0000024fe9364000 JavaThread "jar transforms Thread 36" [_thread_blocked, id=12792, stack(0x000000af12100000,0x000000af12200000)]
  0x0000024fe936a800 JavaThread "jar transforms Thread 37" [_thread_blocked, id=2300, stack(0x000000af12200000,0x000000af12300000)]
  0x0000024fe9365000 JavaThread "jar transforms Thread 38" [_thread_blocked, id=3184, stack(0x000000af12300000,0x000000af12400000)]
  0x0000024fe9371000 JavaThread "jar transforms Thread 39" [_thread_blocked, id=4500, stack(0x000000af12400000,0x000000af12500000)]
  0x0000024fe936e800 JavaThread "jar transforms Thread 40" [_thread_blocked, id=6656, stack(0x000000af12500000,0x000000af12600000)]
  0x0000024fe936b800 JavaThread "jar transforms Thread 41" [_thread_blocked, id=11172, stack(0x000000af12600000,0x000000af12700000)]
  0x0000024fe9372000 JavaThread "jar transforms Thread 42" [_thread_blocked, id=12912, stack(0x000000af12700000,0x000000af12800000)]
  0x0000024fe936c000 JavaThread "jar transforms Thread 43" [_thread_blocked, id=10324, stack(0x000000af12800000,0x000000af12900000)]
  0x0000024fe936d000 JavaThread "jar transforms Thread 44" [_thread_blocked, id=11104, stack(0x000000af12900000,0x000000af12a00000)]
  0x0000024fe9370800 JavaThread "jar transforms Thread 45" [_thread_blocked, id=11168, stack(0x000000af12a00000,0x000000af12b00000)]
  0x0000024fe936e000 JavaThread "jar transforms Thread 46" [_thread_blocked, id=3136, stack(0x000000af12b00000,0x000000af12c00000)]
  0x0000024fe936f800 JavaThread "jar transforms Thread 47" [_thread_blocked, id=3752, stack(0x000000af12c00000,0x000000af12d00000)]
  0x0000024fea7b7800 JavaThread "jar transforms Thread 48" [_thread_blocked, id=11084, stack(0x000000af12d00000,0x000000af12e00000)]
  0x0000024fea7b6800 JavaThread "jar transforms Thread 49" [_thread_blocked, id=6156, stack(0x000000af12e00000,0x000000af12f00000)]
  0x0000024fea7b4000 JavaThread "jar transforms Thread 50" [_thread_blocked, id=11156, stack(0x000000af12f00000,0x000000af13000000)]
  0x0000024fea7b3000 JavaThread "jar transforms Thread 51" [_thread_blocked, id=11244, stack(0x000000af13000000,0x000000af13100000)]
  0x0000024fea7b5800 JavaThread "jar transforms Thread 52" [_thread_blocked, id=10760, stack(0x000000af13100000,0x000000af13200000)]
  0x0000024fea7b8000 JavaThread "jar transforms Thread 53" [_thread_blocked, id=11184, stack(0x000000af13200000,0x000000af13300000)]
  0x0000024fea7b9000 JavaThread "jar transforms Thread 54" [_thread_blocked, id=11088, stack(0x000000af13300000,0x000000af13400000)]
  0x0000024fea7ba800 JavaThread "jar transforms Thread 55" [_thread_blocked, id=2568, stack(0x000000af13400000,0x000000af13500000)]
  0x0000024fea7ba000 JavaThread "jar transforms Thread 56" [_thread_blocked, id=4136, stack(0x000000af13500000,0x000000af13600000)]
  0x0000024fea7b5000 JavaThread "jar transforms Thread 57" [_thread_blocked, id=13036, stack(0x000000af13600000,0x000000af13700000)]
  0x0000024fea7bd000 JavaThread "jar transforms Thread 58" [_thread_blocked, id=7444, stack(0x000000af13700000,0x000000af13800000)]
  0x0000024fea7c1000 JavaThread "jar transforms Thread 59" [_thread_blocked, id=2856, stack(0x000000af13800000,0x000000af13900000)]
  0x0000024fea7bb800 JavaThread "jar transforms Thread 60" [_thread_blocked, id=2720, stack(0x000000af13900000,0x000000af13a00000)]
  0x0000024fea7c2000 JavaThread "jar transforms Thread 61" [_thread_blocked, id=10808, stack(0x000000af13a00000,0x000000af13b00000)]
  0x0000024fea7bc000 JavaThread "jar transforms Thread 62" [_thread_blocked, id=5396, stack(0x000000af13b00000,0x000000af13c00000)]
  0x0000024fea7c0800 JavaThread "jar transforms Thread 63" [_thread_blocked, id=6124, stack(0x000000af13c00000,0x000000af13d00000)]
  0x0000024fea7bf800 JavaThread "jar transforms Thread 64" [_thread_blocked, id=6408, stack(0x000000af13d00000,0x000000af13e00000)]
  0x0000024fea7be000 JavaThread "jar transforms Thread 65" [_thread_blocked, id=10480, stack(0x000000af13e00000,0x000000af13f00000)]
  0x0000024fea7be800 JavaThread "jar transforms Thread 66" [_thread_blocked, id=9536, stack(0x000000af13f00000,0x000000af14000000)]
  0x0000024fe9ff9000 JavaThread "jar transforms Thread 67" [_thread_blocked, id=12868, stack(0x000000af14000000,0x000000af14100000)]
  0x0000024fe9ffd000 JavaThread "jar transforms Thread 68" [_thread_blocked, id=13296, stack(0x000000af14100000,0x000000af14200000)]
  0x0000024fe9ffe000 JavaThread "jar transforms Thread 69" [_thread_blocked, id=12328, stack(0x000000af14200000,0x000000af14300000)]
  0x0000024fe9ffa000 JavaThread "jar transforms Thread 70" [_thread_blocked, id=4716, stack(0x000000af14300000,0x000000af14400000)]
  0x0000024fe9ff8000 JavaThread "jar transforms Thread 71" [_thread_blocked, id=12228, stack(0x000000af14400000,0x000000af14500000)]
  0x0000024fe9fff800 JavaThread "jar transforms Thread 72" [_thread_blocked, id=10280, stack(0x000000af14500000,0x000000af14600000)]
  0x0000024fe9ffa800 JavaThread "jar transforms Thread 73" [_thread_blocked, id=2452, stack(0x000000af14600000,0x000000af14700000)]
  0x0000024fe9fff000 JavaThread "jar transforms Thread 74" [_thread_blocked, id=10584, stack(0x000000af14700000,0x000000af14800000)]
  0x0000024fea000800 JavaThread "jar transforms Thread 75" [_thread_blocked, id=5416, stack(0x000000af14800000,0x000000af14900000)]
  0x0000024fea001000 JavaThread "jar transforms Thread 76" [_thread_blocked, id=12708, stack(0x000000af14900000,0x000000af14a00000)]
  0x0000024fe9ffb800 JavaThread "jar transforms Thread 77" [_thread_blocked, id=7448, stack(0x000000af14a00000,0x000000af14b00000)]
  0x0000024fea002000 JavaThread "jar transforms Thread 78" [_thread_blocked, id=8820, stack(0x000000af14b00000,0x000000af14c00000)]
  0x0000024fe9ffc800 JavaThread "jar transforms Thread 79" [_thread_blocked, id=13092, stack(0x000000af14c00000,0x000000af14d00000)]
  0x0000024fea003800 JavaThread "jar transforms Thread 80" [_thread_blocked, id=704, stack(0x000000af14d00000,0x000000af14e00000)]
  0x0000024fea003000 JavaThread "jar transforms Thread 81" [_thread_blocked, id=9636, stack(0x000000af14e00000,0x000000af14f00000)]
  0x0000024fea004800 JavaThread "jar transforms Thread 82" [_thread_blocked, id=2360, stack(0x000000af14f00000,0x000000af15000000)]
  0x0000024fea005800 JavaThread "jar transforms Thread 83" [_thread_blocked, id=5152, stack(0x000000af15000000,0x000000af15100000)]
  0x0000024fea006000 JavaThread "jar transforms Thread 84" [_thread_blocked, id=7612, stack(0x000000af15100000,0x000000af15200000)]
  0x0000024fea007000 JavaThread "jar transforms Thread 85" [_thread_blocked, id=8692, stack(0x000000af15200000,0x000000af15300000)]
  0x0000024fe7db5800 JavaThread "jar transforms Thread 86" [_thread_blocked, id=8124, stack(0x000000af15300000,0x000000af15400000)]
  0x0000024fe7db9800 JavaThread "jar transforms Thread 87" [_thread_blocked, id=3344, stack(0x000000af15400000,0x000000af15500000)]
  0x0000024fe7db6800 JavaThread "jar transforms Thread 88" [_thread_blocked, id=8544, stack(0x000000af15500000,0x000000af15600000)]
  0x0000024fe7db7000 JavaThread "jar transforms Thread 89" [_thread_blocked, id=3348, stack(0x000000af15600000,0x000000af15700000)]
  0x0000024fe7db4800 JavaThread "jar transforms Thread 90" [_thread_blocked, id=12508, stack(0x000000af15700000,0x000000af15800000)]
  0x0000024fe7dbd800 JavaThread "jar transforms Thread 91" [_thread_blocked, id=6644, stack(0x000000af15800000,0x000000af15900000)]
  0x0000024fe7dbc000 JavaThread "jar transforms Thread 92" [_thread_blocked, id=2684, stack(0x000000af15900000,0x000000af15a00000)]
  0x0000024fe7dbd000 JavaThread "jar transforms Thread 93" [_thread_blocked, id=9848, stack(0x000000af15a00000,0x000000af15b00000)]
  0x0000024fe7dbb800 JavaThread "jar transforms Thread 94" [_thread_blocked, id=10852, stack(0x000000af15b00000,0x000000af15c00000)]
  0x0000024fe7dba800 JavaThread "jar transforms Thread 95" [_thread_blocked, id=8444, stack(0x000000af15c00000,0x000000af15d00000)]
  0x0000024fe7db8000 JavaThread "jar transforms Thread 96" [_thread_blocked, id=3608, stack(0x000000af15d00000,0x000000af15e00000)]
  0x0000024fe7dbe800 JavaThread "jar transforms Thread 97" [_thread_blocked, id=2468, stack(0x000000af15e00000,0x000000af15f00000)]
  0x0000024fe7db9000 JavaThread "Memory manager" [_thread_blocked, id=9856, stack(0x000000af15f00000,0x000000af16000000)]
  0x0000024fe7dbf800 JavaThread "build event listener" [_thread_blocked, id=8616, stack(0x000000af16000000,0x000000af16100000)]
  0x0000024fe7dc0000 JavaThread "build event listener" [_thread_blocked, id=1012, stack(0x000000af16100000,0x000000af16200000)]
  0x0000024fe7dc1000 JavaThread "Execution worker for ':'" [_thread_blocked, id=8536, stack(0x000000af16200000,0x000000af16300000)]
  0x0000024fe7dc3800 JavaThread "Execution worker for ':' Thread 2" [_thread_blocked, id=8032, stack(0x000000af16300000,0x000000af16400000)]
  0x0000024fe7dc2000 JavaThread "Execution worker for ':' Thread 3" [_thread_blocked, id=13136, stack(0x000000af16400000,0x000000af16500000)]
  0x0000024fe7dc2800 JavaThread "Execution worker for ':' Thread 4" [_thread_blocked, id=10180, stack(0x000000af16500000,0x000000af16600000)]
  0x0000024fee519000 JavaThread "Execution worker for ':' Thread 5" [_thread_blocked, id=7304, stack(0x000000af16600000,0x000000af16700000)]
  0x0000024fee514000 JavaThread "Execution worker for ':' Thread 6" [_thread_blocked, id=5636, stack(0x000000af16700000,0x000000af16800000)]
  0x0000024fee51b000 JavaThread "Execution worker for ':' Thread 7" [_thread_blocked, id=8624, stack(0x000000af16800000,0x000000af16900000)]
  0x0000024fee515000 JavaThread "Cache worker for execution history cache (C:\Users\HP\AndroidStudioProjects\fyp\.gradle\6.7.1\executionHistory)" [_thread_blocked, id=3748, stack(0x000000af16900000,0x000000af16a00000)]
  0x0000024fee51a000 JavaThread "WorkerExecutor Queue" [_thread_in_native, id=9024, stack(0x000000af16a00000,0x000000af16b00000)]
  0x0000024fee516000 JavaThread "WorkerExecutor Queue Thread 2" [_thread_in_Java, id=6296, stack(0x000000af16b00000,0x000000af16c00000)]
  0x0000024fee51b800 JavaThread "WorkerExecutor Queue Thread 3" [_thread_in_native, id=12564, stack(0x000000af16c00000,0x000000af16d00000)]
  0x0000024fee517800 JavaThread "WorkerExecutor Queue Thread 4" [_thread_in_native, id=588, stack(0x000000af16d00000,0x000000af16e00000)]
  0x0000024fee516800 JavaThread "WorkerExecutor Queue Thread 5" [_thread_in_native, id=992, stack(0x000000af16e00000,0x000000af16f00000)]
  0x0000024fee51c800 JavaThread "WorkerExecutor Queue Thread 6" [_thread_in_native, id=1552, stack(0x000000af16f00000,0x000000af17000000)]
  0x0000024fee51d000 JavaThread "WorkerExecutor Queue Thread 7" [_thread_in_native, id=5432, stack(0x000000af17000000,0x000000af17100000)]
  0x0000024fee51e000 JavaThread "WorkerExecutor Queue Thread 8" [_thread_in_native, id=12268, stack(0x000000af17100000,0x000000af17200000)]
  0x0000024fee518800 JavaThread "Java2D Disposer" daemon [_thread_blocked, id=2284, stack(0x000000af17200000,0x000000af17300000)]

Other Threads:
  0x0000024fe71a4000 VMThread "VM Thread" [stack: 0x000000af0cd00000,0x000000af0ce00000] [id=7088]
  0x0000024fe7c94800 WatcherThread [stack: 0x000000af0d700000,0x000000af0d800000] [id=3968]
  0x0000024fcc750800 GCTaskThread "GC Thread#0" [stack: 0x000000af0c800000,0x000000af0c900000] [id=11116]
  0x0000024fe893f800 GCTaskThread "GC Thread#1" [stack: 0x000000af0d800000,0x000000af0d900000] [id=2492]
  0x0000024fe98c1800 GCTaskThread "GC Thread#2" [stack: 0x000000af0da00000,0x000000af0db00000] [id=9056]
  0x0000024fe8b6a000 GCTaskThread "GC Thread#3" [stack: 0x000000af0db00000,0x000000af0dc00000] [id=5624]
  0x0000024fe9841800 GCTaskThread "GC Thread#4" [stack: 0x000000af0e700000,0x000000af0e800000] [id=13300]
  0x0000024fe995e000 GCTaskThread "GC Thread#5" [stack: 0x000000af0e800000,0x000000af0e900000] [id=4424]
  0x0000024fe994f000 GCTaskThread "GC Thread#6" [stack: 0x000000af0e900000,0x000000af0ea00000] [id=4212]
  0x0000024fe9866800 GCTaskThread "GC Thread#7" [stack: 0x000000af0ea00000,0x000000af0eb00000] [id=252]
  0x0000024fcc783000 ConcurrentGCThread "G1 Main Marker" [stack: 0x000000af0c900000,0x000000af0ca00000] [id=1500]
  0x0000024fcc78b800 ConcurrentGCThread "G1 Conc#0" [stack: 0x000000af0ca00000,0x000000af0cb00000] [id=11260]
  0x0000024fe99f2800 ConcurrentGCThread "G1 Conc#1" [stack: 0x000000af0ed00000,0x000000af0ee00000] [id=13284]
  0x0000024fcc7e1800 ConcurrentGCThread "G1 Refine#0" [stack: 0x000000af0cb00000,0x000000af0cc00000] [id=1060]
  0x0000024fcc7e2800 ConcurrentGCThread "G1 Young RemSet Sampling" [stack: 0x000000af0cc00000,0x000000af0cd00000] [id=4780]

Threads with active compile tasks:
C2 CompilerThread0  29789 9870  s!   4       jdk.internal.loader.URLClassPath::getLoader (194 bytes)
C1 CompilerThread0  29789 10359       2       com.android.aaptcompiler.TableExtractor::parseAttrImpl (1772 bytes)

VM state:not at safepoint (normal execution)

VM Mutex/Monitor currently owned by a thread: None

Heap address: 0x0000000080000000, size: 2048 MB, Compressed Oops mode: 32-bit
Narrow klass base: 0x0000000000000000, Narrow klass shift: 3
Compressed class space size: 1073741824 Address: 0x0000000100000000

Heap:
 garbage-first heap   total 189440K, used 128467K [0x0000000080000000, 0x0000000100000000)
  region size 1024K, 45 young (46080K), 6 survivors (6144K)
 Metaspace       used 84640K, capacity 86739K, committed 86912K, reserved 1124352K
  class space    used 10624K, capacity 11340K, committed 11392K, reserved 1048576K
Heap Regions: E=young(eden), S=young(survivor), O=old, HS=humongous(starts), HC=humongous(continues), CS=collection set, F=free, A=archive, TAMS=top-at-mark-start (previous, next)
|   0|0x0000000080000000, 0x0000000080100000, 0x0000000080100000|100%| O|  |TAMS 0x0000000080100000, 0x0000000080000000| Untracked 
|   1|0x0000000080100000, 0x0000000080200000, 0x0000000080200000|100%| O|  |TAMS 0x0000000080200000, 0x0000000080100000| Untracked 
|   2|0x0000000080200000, 0x0000000080300000, 0x0000000080300000|100%| O|  |TAMS 0x0000000080300000, 0x0000000080200000| Untracked 
|   3|0x0000000080300000, 0x0000000080400000, 0x0000000080400000|100%|HS|  |TAMS 0x0000000080400000, 0x0000000080300000| Complete 
|   4|0x0000000080400000, 0x0000000080500000, 0x0000000080500000|100%|HC|  |TAMS 0x0000000080500000, 0x0000000080400000| Complete 
|   5|0x0000000080500000, 0x0000000080600000, 0x0000000080600000|100%|HC|  |TAMS 0x0000000080600000, 0x0000000080500000| Complete 
|   6|0x0000000080600000, 0x0000000080700000, 0x0000000080700000|100%| O|  |TAMS 0x0000000080700000, 0x0000000080600000| Untracked 
|   7|0x0000000080700000, 0x0000000080800000, 0x0000000080800000|100%| O|  |TAMS 0x0000000080800000, 0x0000000080700000| Untracked 
|   8|0x0000000080800000, 0x0000000080900000, 0x0000000080900000|100%| O|  |TAMS 0x0000000080900000, 0x0000000080800000| Untracked 
|   9|0x0000000080900000, 0x0000000080a00000, 0x0000000080a00000|100%| O|  |TAMS 0x0000000080a00000, 0x0000000080900000| Untracked 
|  10|0x0000000080a00000, 0x0000000080b00000, 0x0000000080b00000|100%| O|  |TAMS 0x0000000080b00000, 0x0000000080a00000| Untracked 
|  11|0x0000000080b00000, 0x0000000080c00000, 0x0000000080c00000|100%| O|  |TAMS 0x0000000080c00000, 0x0000000080b00000| Untracked 
|  12|0x0000000080c00000, 0x0000000080d00000, 0x0000000080d00000|100%| O|  |TAMS 0x0000000080d00000, 0x0000000080c00000| Untracked 
|  13|0x0000000080d00000, 0x0000000080e00000, 0x0000000080e00000|100%| O|  |TAMS 0x0000000080e00000, 0x0000000080d00000| Untracked 
|  14|0x0000000080e00000, 0x0000000080f00000, 0x0000000080f00000|100%| O|  |TAMS 0x0000000080f00000, 0x0000000080e00000| Untracked 
|  15|0x0000000080f00000, 0x0000000081000000, 0x0000000081000000|100%| O|  |TAMS 0x0000000081000000, 0x0000000080f00000| Untracked 
|  16|0x0000000081000000, 0x0000000081100000, 0x0000000081100000|100%| O|  |TAMS 0x0000000081100000, 0x0000000081000000| Untracked 
|  17|0x0000000081100000, 0x0000000081200000, 0x0000000081200000|100%| O|  |TAMS 0x0000000081200000, 0x0000000081100000| Untracked 
|  18|0x0000000081200000, 0x0000000081300000, 0x0000000081300000|100%| O|  |TAMS 0x0000000081300000, 0x0000000081200000| Untracked 
|  19|0x0000000081300000, 0x0000000081400000, 0x0000000081400000|100%| O|  |TAMS 0x0000000081400000, 0x0000000081300000| Untracked 
|  20|0x0000000081400000, 0x0000000081500000, 0x0000000081500000|100%| O|  |TAMS 0x0000000081500000, 0x0000000081400000| Untracked 
|  21|0x0000000081500000, 0x0000000081600000, 0x0000000081600000|100%| O|  |TAMS 0x0000000081600000, 0x0000000081500000| Untracked 
|  22|0x0000000081600000, 0x0000000081700000, 0x0000000081700000|100%| O|  |TAMS 0x0000000081700000, 0x0000000081600000| Untracked 
|  23|0x0000000081700000, 0x0000000081800000, 0x0000000081800000|100%| O|  |TAMS 0x0000000081800000, 0x0000000081700000| Untracked 
|  24|0x0000000081800000, 0x0000000081900000, 0x0000000081900000|100%|HS|  |TAMS 0x0000000081900000, 0x0000000081800000| Complete 
|  25|0x0000000081900000, 0x0000000081a00000, 0x0000000081a00000|100%| O|  |TAMS 0x0000000081a00000, 0x0000000081900000| Untracked 
|  26|0x0000000081a00000, 0x0000000081b00000, 0x0000000081b00000|100%| O|  |TAMS 0x0000000081b00000, 0x0000000081a00000| Untracked 
|  27|0x0000000081b00000, 0x0000000081c00000, 0x0000000081c00000|100%| O|  |TAMS 0x0000000081c00000, 0x0000000081b00000| Untracked 
|  28|0x0000000081c00000, 0x0000000081d00000, 0x0000000081d00000|100%| O|  |TAMS 0x0000000081d00000, 0x0000000081c00000| Untracked 
|  29|0x0000000081d00000, 0x0000000081e00000, 0x0000000081e00000|100%| O|  |TAMS 0x0000000081e00000, 0x0000000081d00000| Untracked 
|  30|0x0000000081e00000, 0x0000000081f00000, 0x0000000081f00000|100%| O|  |TAMS 0x0000000081f00000, 0x0000000081e00000| Untracked 
|  31|0x0000000081f00000, 0x0000000082000000, 0x0000000082000000|100%|HS|  |TAMS 0x0000000082000000, 0x0000000081f00000| Complete 
|  32|0x0000000082000000, 0x0000000082100000, 0x0000000082100000|100%|HC|  |TAMS 0x0000000082100000, 0x0000000082000000| Complete 
|  33|0x0000000082100000, 0x0000000082200000, 0x0000000082200000|100%| O|  |TAMS 0x0000000082200000, 0x0000000082100000| Untracked 
|  34|0x0000000082200000, 0x0000000082300000, 0x0000000082300000|100%| O|  |TAMS 0x0000000082300000, 0x0000000082200000| Untracked 
|  35|0x0000000082300000, 0x0000000082400000, 0x0000000082400000|100%| O|  |TAMS 0x0000000082400000, 0x0000000082300000| Untracked 
|  36|0x0000000082400000, 0x0000000082500000, 0x0000000082500000|100%| O|  |TAMS 0x0000000082500000, 0x0000000082400000| Untracked 
|  37|0x0000000082500000, 0x0000000082600000, 0x0000000082600000|100%| O|  |TAMS 0x0000000082600000, 0x0000000082500000| Untracked 
|  38|0x0000000082600000, 0x0000000082700000, 0x0000000082700000|100%| O|  |TAMS 0x0000000082700000, 0x0000000082600000| Untracked 
|  39|0x0000000082700000, 0x0000000082800000, 0x0000000082800000|100%| O|  |TAMS 0x0000000082800000, 0x0000000082700000| Untracked 
|  40|0x0000000082800000, 0x0000000082900000, 0x0000000082900000|100%| O|  |TAMS 0x0000000082900000, 0x0000000082800000| Untracked 
|  41|0x0000000082900000, 0x0000000082a00000, 0x0000000082a00000|100%| O|  |TAMS 0x0000000082a00000, 0x0000000082900000| Untracked 
|  42|0x0000000082a00000, 0x0000000082b00000, 0x0000000082b00000|100%| O|  |TAMS 0x0000000082b00000, 0x0000000082a00000| Untracked 
|  43|0x0000000082b00000, 0x0000000082c00000, 0x0000000082c00000|100%| O|  |TAMS 0x0000000082c00000, 0x0000000082b00000| Untracked 
|  44|0x0000000082c00000, 0x0000000082d00000, 0x0000000082d00000|100%| O|  |TAMS 0x0000000082d00000, 0x0000000082c00000| Untracked 
|  45|0x0000000082d00000, 0x0000000082e00000, 0x0000000082e00000|100%| O|  |TAMS 0x0000000082e00000, 0x0000000082d00000| Untracked 
|  46|0x0000000082e00000, 0x0000000082f00000, 0x0000000082f00000|100%| O|  |TAMS 0x0000000082f00000, 0x0000000082e00000| Untracked 
|  47|0x0000000082f00000, 0x0000000083000000, 0x0000000083000000|100%| O|  |TAMS 0x0000000083000000, 0x0000000082f00000| Untracked 
|  48|0x0000000083000000, 0x0000000083100000, 0x0000000083100000|100%| O|  |TAMS 0x0000000083100000, 0x0000000083000000| Untracked 
|  49|0x0000000083100000, 0x0000000083200000, 0x0000000083200000|100%| O|  |TAMS 0x0000000083200000, 0x0000000083100000| Untracked 
|  50|0x0000000083200000, 0x0000000083300000, 0x0000000083300000|100%| O|  |TAMS 0x0000000083300000, 0x0000000083200000| Untracked 
|  51|0x0000000083300000, 0x0000000083400000, 0x0000000083400000|100%| O|  |TAMS 0x0000000083400000, 0x0000000083300000| Untracked 
|  52|0x0000000083400000, 0x0000000083500000, 0x0000000083500000|100%| O|  |TAMS 0x0000000083500000, 0x0000000083400000| Untracked 
|  53|0x0000000083500000, 0x0000000083600000, 0x0000000083600000|100%| O|  |TAMS 0x0000000083600000, 0x0000000083500000| Untracked 
|  54|0x0000000083600000, 0x0000000083700000, 0x0000000083700000|100%| O|  |TAMS 0x0000000083700000, 0x0000000083600000| Untracked 
|  55|0x0000000083700000, 0x0000000083800000, 0x0000000083800000|100%| O|  |TAMS 0x0000000083800000, 0x0000000083700000| Untracked 
|  56|0x0000000083800000, 0x0000000083900000, 0x0000000083900000|100%| O|  |TAMS 0x0000000083900000, 0x0000000083800000| Untracked 
|  57|0x0000000083900000, 0x0000000083a00000, 0x0000000083a00000|100%| O|  |TAMS 0x0000000083a00000, 0x0000000083900000| Untracked 
|  58|0x0000000083a00000, 0x0000000083b00000, 0x0000000083b00000|100%| O|  |TAMS 0x0000000083b00000, 0x0000000083a00000| Untracked 
|  59|0x0000000083b00000, 0x0000000083c00000, 0x0000000083c00000|100%| O|  |TAMS 0x0000000083c00000, 0x0000000083b00000| Untracked 
|  60|0x0000000083c00000, 0x0000000083d00000, 0x0000000083d00000|100%| O|  |TAMS 0x0000000083d00000, 0x0000000083c00000| Untracked 
|  61|0x0000000083d00000, 0x0000000083e00000, 0x0000000083e00000|100%| O|  |TAMS 0x0000000083e00000, 0x0000000083d00000| Untracked 
|  62|0x0000000083e00000, 0x0000000083f00000, 0x0000000083f00000|100%| O|  |TAMS 0x0000000083f00000, 0x0000000083e00000| Untracked 
|  63|0x0000000083f00000, 0x0000000084000000, 0x0000000084000000|100%|HS|  |TAMS 0x0000000084000000, 0x0000000083f00000| Complete 
|  64|0x0000000084000000, 0x0000000084100000, 0x0000000084100000|100%| O|  |TAMS 0x0000000084100000, 0x0000000084000000| Untracked 
|  65|0x0000000084100000, 0x0000000084200000, 0x0000000084200000|100%| O|  |TAMS 0x0000000084200000, 0x0000000084100000| Untracked 
|  66|0x0000000084200000, 0x0000000084300000, 0x0000000084300000|100%| O|  |TAMS 0x0000000084300000, 0x0000000084200000| Untracked 
|  67|0x0000000084300000, 0x0000000084400000, 0x0000000084400000|100%| O|  |TAMS 0x0000000084400000, 0x0000000084300000| Untracked 
|  68|0x0000000084400000, 0x0000000084500000, 0x0000000084500000|100%| O|  |TAMS 0x0000000084500000, 0x0000000084400000| Untracked 
|  69|0x0000000084500000, 0x0000000084600000, 0x0000000084600000|100%| O|  |TAMS 0x0000000084600000, 0x0000000084500000| Untracked 
|  70|0x0000000084600000, 0x0000000084700000, 0x0000000084700000|100%| O|  |TAMS 0x0000000084700000, 0x0000000084600000| Untracked 
|  71|0x0000000084700000, 0x0000000084800000, 0x0000000084800000|100%| O|  |TAMS 0x0000000084800000, 0x0000000084700000| Untracked 
|  72|0x0000000084800000, 0x0000000084900000, 0x0000000084900000|100%| O|  |TAMS 0x0000000084900000, 0x0000000084800000| Untracked 
|  73|0x0000000084900000, 0x0000000084a00000, 0x0000000084a00000|100%| O|  |TAMS 0x0000000084a00000, 0x0000000084900000| Untracked 
|  74|0x0000000084a00000, 0x0000000084b00000, 0x0000000084b00000|100%| O|  |TAMS 0x0000000084b00000, 0x0000000084a00000| Untracked 
|  75|0x0000000084b00000, 0x0000000084c00000, 0x0000000084c00000|100%| O|  |TAMS 0x0000000084b00000, 0x0000000084b00000| Untracked 
|  76|0x0000000084c00000, 0x0000000084d00000, 0x0000000084d00000|100%| O|  |TAMS 0x0000000084d00000, 0x0000000084c00000| Untracked 
|  77|0x0000000084d00000, 0x0000000084e00000, 0x0000000084e00000|100%| O|  |TAMS 0x0000000084e00000, 0x0000000084d00000| Untracked 
|  78|0x0000000084e00000, 0x0000000084f00000, 0x0000000084f00000|100%| O|  |TAMS 0x0000000084ea8e00, 0x0000000084e00000| Untracked 
|  79|0x0000000084f00000, 0x0000000084f00000, 0x0000000085000000|  0%| F|  |TAMS 0x0000000084f00000, 0x0000000084f00000| Untracked 
|  80|0x0000000085000000, 0x0000000085000000, 0x0000000085100000|  0%| F|  |TAMS 0x0000000085000000, 0x0000000085000000| Untracked 
|  81|0x0000000085100000, 0x0000000085100000, 0x0000000085200000|  0%| F|  |TAMS 0x0000000085100000, 0x0000000085100000| Untracked 
|  82|0x0000000085200000, 0x0000000085300000, 0x0000000085300000|100%| O|  |TAMS 0x0000000085200000, 0x0000000085200000| Untracked 
|  83|0x0000000085300000, 0x0000000085400000, 0x0000000085400000|100%| O|  |TAMS 0x0000000085400000, 0x0000000085300000| Untracked 
|  84|0x0000000085400000, 0x0000000085500000, 0x0000000085500000|100%| O|  |TAMS 0x0000000085500000, 0x0000000085400000| Untracked 
|  85|0x0000000085500000, 0x0000000085600000, 0x0000000085600000|100%| O|  |TAMS 0x0000000085600000, 0x0000000085500000| Untracked 
|  86|0x0000000085600000, 0x0000000085600000, 0x0000000085700000|  0%| F|  |TAMS 0x0000000085600000, 0x0000000085600000| Untracked 
|  87|0x0000000085700000, 0x0000000085700000, 0x0000000085800000|  0%| F|  |TAMS 0x0000000085700000, 0x0000000085700000| Untracked 
|  88|0x0000000085800000, 0x0000000085800000, 0x0000000085900000|  0%| F|  |TAMS 0x0000000085800000, 0x0000000085800000| Untracked 
|  89|0x0000000085900000, 0x0000000085900000, 0x0000000085a00000|  0%| F|  |TAMS 0x0000000085900000, 0x0000000085900000| Untracked 
|  90|0x0000000085a00000, 0x0000000085a00000, 0x0000000085b00000|  0%| F|  |TAMS 0x0000000085a00000, 0x0000000085a00000| Untracked 
|  91|0x0000000085b00000, 0x0000000085b00000, 0x0000000085c00000|  0%| F|  |TAMS 0x0000000085b00000, 0x0000000085b00000| Untracked 
|  92|0x0000000085c00000, 0x0000000085c00000, 0x0000000085d00000|  0%| F|  |TAMS 0x0000000085c00000, 0x0000000085c00000| Untracked 
|  93|0x0000000085d00000, 0x0000000085d00000, 0x0000000085e00000|  0%| F|  |TAMS 0x0000000085d00000, 0x0000000085d00000| Untracked 
|  94|0x0000000085e00000, 0x0000000085e00000, 0x0000000085f00000|  0%| F|  |TAMS 0x0000000085e00000, 0x0000000085e00000| Untracked 
|  95|0x0000000085f00000, 0x0000000085f00000, 0x0000000086000000|  0%| F|  |TAMS 0x0000000085f00000, 0x0000000085f00000| Untracked 
|  96|0x0000000086000000, 0x0000000086000000, 0x0000000086100000|  0%| F|  |TAMS 0x0000000086000000, 0x0000000086000000| Untracked 
|  97|0x0000000086100000, 0x0000000086100000, 0x0000000086200000|  0%| F|  |TAMS 0x0000000086100000, 0x0000000086100000| Untracked 
|  98|0x0000000086200000, 0x0000000086239200, 0x0000000086300000| 22%| O|  |TAMS 0x0000000086200000, 0x0000000086200000| Untracked 
|  99|0x0000000086300000, 0x0000000086300000, 0x0000000086400000|  0%| F|  |TAMS 0x0000000086300000, 0x0000000086300000| Untracked 
| 100|0x0000000086400000, 0x0000000086400000, 0x0000000086500000|  0%| F|  |TAMS 0x0000000086400000, 0x0000000086400000| Untracked 
| 101|0x0000000086500000, 0x0000000086500000, 0x0000000086600000|  0%| F|  |TAMS 0x0000000086500000, 0x0000000086500000| Untracked 
| 102|0x0000000086600000, 0x0000000086600000, 0x0000000086700000|  0%| F|  |TAMS 0x0000000086600000, 0x0000000086600000| Untracked 
| 103|0x0000000086700000, 0x0000000086700000, 0x0000000086800000|  0%| F|  |TAMS 0x0000000086700000, 0x0000000086700000| Untracked 
| 104|0x0000000086800000, 0x0000000086800000, 0x0000000086900000|  0%| F|  |TAMS 0x0000000086800000, 0x0000000086800000| Untracked 
| 105|0x0000000086900000, 0x0000000086900000, 0x0000000086a00000|  0%| F|  |TAMS 0x0000000086900000, 0x0000000086900000| Untracked 
| 106|0x0000000086a00000, 0x0000000086a00000, 0x0000000086b00000|  0%| F|  |TAMS 0x0000000086a00000, 0x0000000086a00000| Untracked 
| 107|0x0000000086b00000, 0x0000000086b00000, 0x0000000086c00000|  0%| F|  |TAMS 0x0000000086b00000, 0x0000000086b00000| Untracked 
| 108|0x0000000086c00000, 0x0000000086c00000, 0x0000000086d00000|  0%| F|  |TAMS 0x0000000086c00000, 0x0000000086c00000| Untracked 
| 109|0x0000000086d00000, 0x0000000086d00000, 0x0000000086e00000|  0%| F|  |TAMS 0x0000000086d00000, 0x0000000086d00000| Untracked 
| 110|0x0000000086e00000, 0x0000000086e00000, 0x0000000086f00000|  0%| F|  |TAMS 0x0000000086e00000, 0x0000000086e00000| Untracked 
| 111|0x0000000086f00000, 0x0000000086f00000, 0x0000000087000000|  0%| F|  |TAMS 0x0000000086f00000, 0x0000000086f00000| Untracked 
| 112|0x0000000087000000, 0x0000000087000000, 0x0000000087100000|  0%| F|  |TAMS 0x0000000087000000, 0x0000000087000000| Untracked 
| 113|0x0000000087100000, 0x0000000087100000, 0x0000000087200000|  0%| F|  |TAMS 0x0000000087100000, 0x0000000087100000| Untracked 
| 114|0x0000000087200000, 0x0000000087200000, 0x0000000087300000|  0%| F|  |TAMS 0x0000000087200000, 0x0000000087200000| Untracked 
| 115|0x0000000087300000, 0x0000000087300000, 0x0000000087400000|  0%| F|  |TAMS 0x0000000087300000, 0x0000000087300000| Untracked 
| 116|0x0000000087400000, 0x0000000087400000, 0x0000000087500000|  0%| F|  |TAMS 0x0000000087400000, 0x0000000087400000| Untracked 
| 117|0x0000000087500000, 0x0000000087500000, 0x0000000087600000|  0%| F|  |TAMS 0x0000000087500000, 0x0000000087500000| Untracked 
| 118|0x0000000087600000, 0x0000000087600000, 0x0000000087700000|  0%| F|  |TAMS 0x0000000087600000, 0x0000000087600000| Untracked 
| 119|0x0000000087700000, 0x0000000087700000, 0x0000000087800000|  0%| F|  |TAMS 0x0000000087700000, 0x0000000087700000| Untracked 
| 120|0x0000000087800000, 0x0000000087800000, 0x0000000087900000|  0%| F|  |TAMS 0x0000000087800000, 0x0000000087800000| Untracked 
| 121|0x0000000087900000, 0x0000000087900000, 0x0000000087a00000|  0%| F|  |TAMS 0x0000000087900000, 0x0000000087900000| Untracked 
| 122|0x0000000087a00000, 0x0000000087a00000, 0x0000000087b00000|  0%| F|  |TAMS 0x0000000087a00000, 0x0000000087a00000| Untracked 
| 123|0x0000000087b00000, 0x0000000087b00000, 0x0000000087c00000|  0%| F|  |TAMS 0x0000000087b00000, 0x0000000087b00000| Untracked 
| 124|0x0000000087c00000, 0x0000000087c00000, 0x0000000087d00000|  0%| F|  |TAMS 0x0000000087c00000, 0x0000000087c00000| Untracked 
| 125|0x0000000087d00000, 0x0000000087d00000, 0x0000000087e00000|  0%| F|  |TAMS 0x0000000087d00000, 0x0000000087d00000| Untracked 
| 126|0x0000000087e00000, 0x0000000087e00000, 0x0000000087f00000|  0%| F|  |TAMS 0x0000000087e00000, 0x0000000087e00000| Untracked 
| 127|0x0000000087f00000, 0x0000000087f00000, 0x0000000088000000|  0%| F|  |TAMS 0x0000000087f00000, 0x0000000087f00000| Untracked 
| 128|0x0000000088000000, 0x0000000088000000, 0x0000000088100000|  0%| F|  |TAMS 0x0000000088000000, 0x0000000088000000| Untracked 
| 129|0x0000000088100000, 0x0000000088100000, 0x0000000088200000|  0%| F|  |TAMS 0x0000000088100000, 0x0000000088100000| Untracked 
| 130|0x0000000088200000, 0x000000008823bb40, 0x0000000088300000| 23%| S|CS|TAMS 0x0000000088200000, 0x0000000088200000| Complete 
| 131|0x0000000088300000, 0x0000000088400000, 0x0000000088400000|100%| S|CS|TAMS 0x0000000088300000, 0x0000000088300000| Complete 
| 132|0x0000000088400000, 0x0000000088500000, 0x0000000088500000|100%| S|CS|TAMS 0x0000000088400000, 0x0000000088400000| Complete 
| 133|0x0000000088500000, 0x0000000088600000, 0x0000000088600000|100%| S|CS|TAMS 0x0000000088500000, 0x0000000088500000| Complete 
| 134|0x0000000088600000, 0x0000000088700000, 0x0000000088700000|100%| S|CS|TAMS 0x0000000088600000, 0x0000000088600000| Complete 
| 135|0x0000000088700000, 0x0000000088800000, 0x0000000088800000|100%| S|CS|TAMS 0x0000000088700000, 0x0000000088700000| Complete 
| 136|0x0000000088800000, 0x0000000088800000, 0x0000000088900000|  0%| F|  |TAMS 0x0000000088800000, 0x0000000088800000| Untracked 
| 137|0x0000000088900000, 0x0000000088900000, 0x0000000088a00000|  0%| F|  |TAMS 0x0000000088900000, 0x0000000088900000| Untracked 
| 138|0x0000000088a00000, 0x0000000088a00000, 0x0000000088b00000|  0%| F|  |TAMS 0x0000000088a00000, 0x0000000088a00000| Untracked 
| 139|0x0000000088b00000, 0x0000000088b00000, 0x0000000088c00000|  0%| F|  |TAMS 0x0000000088b00000, 0x0000000088b00000| Untracked 
| 140|0x0000000088c00000, 0x0000000088c00000, 0x0000000088d00000|  0%| F|  |TAMS 0x0000000088c00000, 0x0000000088c00000| Untracked 
| 141|0x0000000088d00000, 0x0000000088d00000, 0x0000000088e00000|  0%| F|  |TAMS 0x0000000088d00000, 0x0000000088d00000| Untracked 
| 142|0x0000000088e00000, 0x0000000088e00000, 0x0000000088f00000|  0%| F|  |TAMS 0x0000000088e00000, 0x0000000088e00000| Untracked 
| 143|0x0000000088f00000, 0x0000000088f00000, 0x0000000089000000|  0%| F|  |TAMS 0x0000000088f00000, 0x0000000088f00000| Untracked 
| 144|0x0000000089000000, 0x0000000089000000, 0x0000000089100000|  0%| F|  |TAMS 0x0000000089000000, 0x0000000089000000| Untracked 
| 145|0x0000000089100000, 0x0000000089100000, 0x0000000089200000|  0%| F|  |TAMS 0x0000000089100000, 0x0000000089100000| Untracked 
| 146|0x0000000089200000, 0x0000000089271ec8, 0x0000000089300000| 44%| E|  |TAMS 0x0000000089200000, 0x0000000089200000| Complete 
| 147|0x0000000089300000, 0x0000000089400000, 0x0000000089400000|100%| E|CS|TAMS 0x0000000089300000, 0x0000000089300000| Complete 
| 148|0x0000000089400000, 0x0000000089500000, 0x0000000089500000|100%| E|CS|TAMS 0x0000000089400000, 0x0000000089400000| Complete 
| 149|0x0000000089500000, 0x0000000089600000, 0x0000000089600000|100%| E|CS|TAMS 0x0000000089500000, 0x0000000089500000| Complete 
| 150|0x0000000089600000, 0x0000000089700000, 0x0000000089700000|100%| E|  |TAMS 0x0000000089600000, 0x0000000089600000| Complete 
| 151|0x0000000089700000, 0x0000000089800000, 0x0000000089800000|100%| E|CS|TAMS 0x0000000089700000, 0x0000000089700000| Complete 
| 152|0x0000000089800000, 0x0000000089900000, 0x0000000089900000|100%| E|CS|TAMS 0x0000000089800000, 0x0000000089800000| Complete 
| 153|0x0000000089900000, 0x0000000089a00000, 0x0000000089a00000|100%| E|CS|TAMS 0x0000000089900000, 0x0000000089900000| Complete 
| 154|0x0000000089a00000, 0x0000000089b00000, 0x0000000089b00000|100%| E|CS|TAMS 0x0000000089a00000, 0x0000000089a00000| Complete 
| 155|0x0000000089b00000, 0x0000000089c00000, 0x0000000089c00000|100%| E|CS|TAMS 0x0000000089b00000, 0x0000000089b00000| Complete 
| 156|0x0000000089c00000, 0x0000000089d00000, 0x0000000089d00000|100%| E|CS|TAMS 0x0000000089c00000, 0x0000000089c00000| Complete 
| 157|0x0000000089d00000, 0x0000000089e00000, 0x0000000089e00000|100%| E|CS|TAMS 0x0000000089d00000, 0x0000000089d00000| Complete 
| 158|0x0000000089e00000, 0x0000000089f00000, 0x0000000089f00000|100%| E|CS|TAMS 0x0000000089e00000, 0x0000000089e00000| Complete 
| 159|0x0000000089f00000, 0x000000008a000000, 0x000000008a000000|100%| E|CS|TAMS 0x0000000089f00000, 0x0000000089f00000| Complete 
| 160|0x000000008a000000, 0x000000008a100000, 0x000000008a100000|100%| E|CS|TAMS 0x000000008a000000, 0x000000008a000000| Complete 
| 161|0x000000008a100000, 0x000000008a200000, 0x000000008a200000|100%| E|CS|TAMS 0x000000008a100000, 0x000000008a100000| Complete 
| 162|0x000000008a200000, 0x000000008a300000, 0x000000008a300000|100%| E|CS|TAMS 0x000000008a200000, 0x000000008a200000| Complete 
| 163|0x000000008a300000, 0x000000008a400000, 0x000000008a400000|100%| E|CS|TAMS 0x000000008a300000, 0x000000008a300000| Complete 
| 164|0x000000008a400000, 0x000000008a500000, 0x000000008a500000|100%| E|CS|TAMS 0x000000008a400000, 0x000000008a400000| Complete 
| 165|0x000000008a500000, 0x000000008a600000, 0x000000008a600000|100%| E|CS|TAMS 0x000000008a500000, 0x000000008a500000| Complete 
| 166|0x000000008a600000, 0x000000008a700000, 0x000000008a700000|100%| E|CS|TAMS 0x000000008a600000, 0x000000008a600000| Complete 
| 167|0x000000008a700000, 0x000000008a800000, 0x000000008a800000|100%| E|CS|TAMS 0x000000008a700000, 0x000000008a700000| Complete 
| 168|0x000000008a800000, 0x000000008a900000, 0x000000008a900000|100%| E|CS|TAMS 0x000000008a800000, 0x000000008a800000| Complete 
| 169|0x000000008a900000, 0x000000008aa00000, 0x000000008aa00000|100%| E|CS|TAMS 0x000000008a900000, 0x000000008a900000| Complete 
| 170|0x000000008aa00000, 0x000000008ab00000, 0x000000008ab00000|100%| E|CS|TAMS 0x000000008aa00000, 0x000000008aa00000| Complete 
| 171|0x000000008ab00000, 0x000000008ac00000, 0x000000008ac00000|100%| E|CS|TAMS 0x000000008ab00000, 0x000000008ab00000| Complete 
| 172|0x000000008ac00000, 0x000000008ad00000, 0x000000008ad00000|100%| E|CS|TAMS 0x000000008ac00000, 0x000000008ac00000| Complete 
| 173|0x000000008ad00000, 0x000000008ae00000, 0x000000008ae00000|100%| E|CS|TAMS 0x000000008ad00000, 0x000000008ad00000| Complete 
| 174|0x000000008ae00000, 0x000000008af00000, 0x000000008af00000|100%| E|CS|TAMS 0x000000008ae00000, 0x000000008ae00000| Complete 
| 175|0x000000008af00000, 0x000000008b000000, 0x000000008b000000|100%| E|CS|TAMS 0x000000008af00000, 0x000000008af00000| Complete 
| 176|0x000000008b000000, 0x000000008b100000, 0x000000008b100000|100%| E|CS|TAMS 0x000000008b000000, 0x000000008b000000| Complete 
| 177|0x000000008b100000, 0x000000008b200000, 0x000000008b200000|100%| E|CS|TAMS 0x000000008b100000, 0x000000008b100000| Complete 
| 178|0x000000008b200000, 0x000000008b300000, 0x000000008b300000|100%| E|CS|TAMS 0x000000008b200000, 0x000000008b200000| Complete 
| 179|0x000000008b300000, 0x000000008b400000, 0x000000008b400000|100%| E|CS|TAMS 0x000000008b300000, 0x000000008b300000| Complete 
| 180|0x000000008b400000, 0x000000008b500000, 0x000000008b500000|100%| E|CS|TAMS 0x000000008b400000, 0x000000008b400000| Complete 
| 181|0x000000008b500000, 0x000000008b600000, 0x000000008b600000|100%| E|CS|TAMS 0x000000008b500000, 0x000000008b500000| Complete 
| 182|0x000000008b600000, 0x000000008b700000, 0x000000008b700000|100%| E|CS|TAMS 0x000000008b600000, 0x000000008b600000| Complete 
| 183|0x000000008b700000, 0x000000008b800000, 0x000000008b800000|100%| E|CS|TAMS 0x000000008b700000, 0x000000008b700000| Complete 
| 184|0x000000008b800000, 0x000000008b900000, 0x000000008b900000|100%| E|CS|TAMS 0x000000008b800000, 0x000000008b800000| Complete 

Card table byte_map: [0x0000024fdff20000,0x0000024fe0320000] _byte_map_base: 0x0000024fdfb20000

Marking Bits (Prev, Next): (CMBitMap*) 0x0000024fcc779ff8, (CMBitMap*) 0x0000024fcc77a030
 Prev Bits: [0x0000024fe0720000, 0x0000024fe2720000)
 Next Bits: [0x0000024fe2720000, 0x0000024fe4720000)

Polling page: 0x0000024fcaf00000

Metaspace:

Usage:
  Non-class:     73.63 MB capacity,    72.28 MB ( 98%) used,     1.15 MB (  2%) free+waste,   205.88 KB ( <1%) overhead. 
      Class:     11.07 MB capacity,    10.38 MB ( 94%) used,   622.39 KB (  5%) free+waste,    92.94 KB ( <1%) overhead. 
       Both:     84.71 MB capacity,    82.66 MB ( 98%) used,     1.76 MB (  2%) free+waste,   298.81 KB ( <1%) overhead. 

Virtual space:
  Non-class space:       74.00 MB reserved,      73.75 MB (>99%) committed 
      Class space:        1.00 GB reserved,      11.13 MB (  1%) committed 
             Both:        1.07 GB reserved,      84.88 MB (  8%) committed 

Chunk freelists:
   Non-Class:  57.00 KB
       Class:  20.00 KB
        Both:  77.00 KB

MaxMetaspaceSize: 17179869184.00 GB
CompressedClassSpaceSize: 1.00 GB

CodeHeap 'non-profiled nmethods': size=120000Kb used=4501Kb max_used=4501Kb free=115498Kb
 bounds [0x0000024fd7b90000, 0x0000024fd8000000, 0x0000024fdf0c0000]
CodeHeap 'profiled nmethods': size=120000Kb used=21057Kb max_used=21057Kb free=98943Kb
 bounds [0x0000024fd0660000, 0x0000024fd1b00000, 0x0000024fd7b90000]
CodeHeap 'non-nmethods': size=5760Kb used=2326Kb max_used=2360Kb free=3433Kb
 bounds [0x0000024fd00c0000, 0x0000024fd0330000, 0x0000024fd0660000]
 total_blobs=10851 nmethods=9894 adapters=868
 compilation: enabled
              stopped_count=0, restarted_count=0
 full_count=0

Compilation events (20 events):
Event: 29.675 Thread 0x0000024fe7217800 nmethod 10306 0x0000024fd1acc890 code [0x0000024fd1acca40, 0x0000024fd1accb48]
Event: 29.675 Thread 0x0000024fe7217800 10316       2       com.sun.org.apache.xerces.internal.impl.XMLEntityManager$RewindableInputStream::readAndBuffer (97 bytes)
Event: 29.676 Thread 0x0000024fe7217800 nmethod 10316 0x0000024fd1accc10 code [0x0000024fd1accde0, 0x0000024fd1acd138]
Event: 29.676 Thread 0x0000024fe7217800 10311       2       com.sun.org.apache.xerces.internal.utils.XMLSecurityPropertyManager$Property::equalsName (17 bytes)
Event: 29.676 Thread 0x0000024fe7217800 nmethod 10311 0x0000024fd1acd290 code [0x0000024fd1acd440, 0x0000024fd1acd588]
Event: 29.676 Thread 0x0000024fe7217800 10312       2       com.sun.org.apache.xerces.internal.util.AugmentationsImpl::<init> (17 bytes)
Event: 29.677 Thread 0x0000024fe7217800 nmethod 10312 0x0000024fd1acd690 code [0x0000024fd1acd860, 0x0000024fd1acdbd8]
Event: 29.677 Thread 0x0000024fe7217800 10314       2       com.sun.org.apache.xerces.internal.util.AugmentationsImpl$AugmentationsItemsContainer::<init> (10 bytes)
Event: 29.677 Thread 0x0000024fe7217800 nmethod 10314 0x0000024fd1acdc90 code [0x0000024fd1acde40, 0x0000024fd1acdf78]
Event: 29.677 Thread 0x0000024fe7217800 10315       2       com.sun.org.apache.xerces.internal.util.AugmentationsImpl$SmallContainer::<init> (25 bytes)
Event: 29.678 Thread 0x0000024fe7217800 nmethod 10315 0x0000024fd1ace010 code [0x0000024fd1ace1c0, 0x0000024fd1ace478]
Event: 29.678 Thread 0x0000024fe7217800 10318       2       com.android.aapt.Resources$Reference::newBuilder (7 bytes)
Event: 29.678 Thread 0x0000024fe7217800 nmethod 10318 0x0000024fd1ace510 code [0x0000024fd1ace6c0, 0x0000024fd1ace8f8]
Event: 29.678 Thread 0x0000024fe7217800 10319       2       com.android.aapt.Resources$Reference::toBuilder (31 bytes)
Event: 29.679 Thread 0x0000024fe7217800 nmethod 10319 0x0000024fd1ace990 code [0x0000024fd1aceb80, 0x0000024fd1acef88]
Event: 29.679 Thread 0x0000024fe7217800 10320       2       com.android.aapt.Resources$Reference$Builder::<init> (5 bytes)
Event: 29.680 Thread 0x0000024fe7217800 nmethod 10320 0x0000024fd1acf090 code [0x0000024fd1acf240, 0x0000024fd1acf478]
Event: 29.680 Thread 0x0000024fe7217800 10304       2       kotlin.text.StringsKt__StringsKt::split$default (26 bytes)
Event: 29.681 Thread 0x0000024fe7217800 nmethod 10304 0x0000024fd1acf510 code [0x0000024fd1acf6c0, 0x0000024fd1acf7c8]
Event: 29.681 Thread 0x0000024fe7217800 10310       2       com.sun.org.apache.xerces.internal.impl.PropertyManager::setProperty (274 bytes)

GC Heap History (20 events):
Event: 21.210 GC heap before
{Heap before GC invocations=50 (full 0):
 garbage-first heap   total 121856K, used 86199K [0x0000000080000000, 0x0000000100000000)
  region size 1024K, 36 young (36864K), 4 survivors (4096K)
 Metaspace       used 75042K, capacity 76959K, committed 77184K, reserved 1116160K
  class space    used 9843K, capacity 10564K, committed 10624K, reserved 1048576K
}
Event: 21.220 GC heap after
{Heap after GC invocations=51 (full 0):
 garbage-first heap   total 121856K, used 56323K [0x0000000080000000, 0x0000000100000000)
  region size 1024K, 4 young (4096K), 4 survivors (4096K)
 Metaspace       used 75042K, capacity 76959K, committed 77184K, reserved 1116160K
  class space    used 9843K, capacity 10564K, committed 10624K, reserved 1048576K
}
Event: 23.418 GC heap before
{Heap before GC invocations=51 (full 0):
 garbage-first heap   total 121856K, used 90115K [0x0000000080000000, 0x0000000100000000)
  region size 1024K, 38 young (38912K), 4 survivors (4096K)
 Metaspace       used 76277K, capacity 78223K, committed 78336K, reserved 1116160K
  class space    used 9985K, capacity 10703K, committed 10752K, reserved 1048576K
}
Event: 23.429 GC heap after
{Heap after GC invocations=52 (full 0):
 garbage-first heap   total 121856K, used 58668K [0x0000000080000000, 0x0000000100000000)
  region size 1024K, 5 young (5120K), 5 survivors (5120K)
 Metaspace       used 76277K, capacity 78223K, committed 78336K, reserved 1116160K
  class space    used 9985K, capacity 10703K, committed 10752K, reserved 1048576K
}
Event: 24.415 GC heap before
{Heap before GC invocations=52 (full 0):
 garbage-first heap   total 121856K, used 92460K [0x0000000080000000, 0x0000000100000000)
  region size 1024K, 39 young (39936K), 5 survivors (5120K)
 Metaspace       used 76636K, capacity 78621K, committed 78848K, reserved 1118208K
  class space    used 9988K, capacity 10705K, committed 10752K, reserved 1048576K
}
Event: 24.440 GC heap after
{Heap after GC invocations=53 (full 0):
 garbage-first heap   total 121856K, used 62266K [0x0000000080000000, 0x0000000100000000)
  region size 1024K, 5 young (5120K), 5 survivors (5120K)
 Metaspace       used 76636K, capacity 78621K, committed 78848K, reserved 1118208K
  class space    used 9988K, capacity 10705K, committed 10752K, reserved 1048576K
}
Event: 25.267 GC heap before
{Heap before GC invocations=54 (full 0):
 garbage-first heap   total 121856K, used 91962K [0x0000000080000000, 0x0000000100000000)
  region size 1024K, 35 young (35840K), 5 survivors (5120K)
 Metaspace       used 76723K, capacity 78724K, committed 78848K, reserved 1118208K
  class space    used 9982K, capacity 10693K, committed 10752K, reserved 1048576K
}
Event: 25.332 GC heap after
{Heap after GC invocations=55 (full 0):
 garbage-first heap   total 146432K, used 67091K [0x0000000080000000, 0x0000000100000000)
  region size 1024K, 5 young (5120K), 5 survivors (5120K)
 Metaspace       used 76723K, capacity 78724K, committed 78848K, reserved 1118208K
  class space    used 9982K, capacity 10693K, committed 10752K, reserved 1048576K
}
Event: 26.287 GC heap before
{Heap before GC invocations=56 (full 0):
 garbage-first heap   total 146432K, used 109075K [0x0000000080000000, 0x0000000100000000)
  region size 1024K, 43 young (44032K), 5 survivors (5120K)
 Metaspace       used 76637K, capacity 78509K, committed 79104K, reserved 1118208K
  class space    used 9930K, capacity 10600K, committed 10752K, reserved 1048576K
}
Event: 26.304 GC heap after
{Heap after GC invocations=57 (full 0):
 garbage-first heap   total 146432K, used 76260K [0x0000000080000000, 0x0000000100000000)
  region size 1024K, 6 young (6144K), 6 survivors (6144K)
 Metaspace       used 76637K, capacity 78509K, committed 79104K, reserved 1118208K
  class space    used 9930K, capacity 10600K, committed 10752K, reserved 1048576K
}
Event: 26.985 GC heap before
{Heap before GC invocations=57 (full 0):
 garbage-first heap   total 146432K, used 101860K [0x0000000080000000, 0x0000000100000000)
  region size 1024K, 32 young (32768K), 6 survivors (6144K)
 Metaspace       used 79123K, capacity 81109K, committed 81408K, reserved 1120256K
  class space    used 10174K, capacity 10884K, committed 11008K, reserved 1048576K
}
Event: 27.007 GC heap after
{Heap after GC invocations=58 (full 0):
 garbage-first heap   total 146432K, used 80609K [0x0000000080000000, 0x0000000100000000)
  region size 1024K, 4 young (4096K), 4 survivors (4096K)
 Metaspace       used 79123K, capacity 81109K, committed 81408K, reserved 1120256K
  class space    used 10174K, capacity 10884K, committed 11008K, reserved 1048576K
}
Event: 27.314 GC heap before
{Heap before GC invocations=59 (full 0):
 garbage-first heap   total 146432K, used 98017K [0x0000000080000000, 0x0000000100000000)
  region size 1024K, 15 young (15360K), 4 survivors (4096K)
 Metaspace       used 80361K, capacity 82344K, committed 82560K, reserved 1120256K
  class space    used 10306K, capacity 11012K, committed 11136K, reserved 1048576K
}
Event: 27.328 GC heap after
{Heap after GC invocations=60 (full 0):
 garbage-first heap   total 146432K, used 82545K [0x0000000080000000, 0x0000000100000000)
  region size 1024K, 4 young (4096K), 4 survivors (4096K)
 Metaspace       used 80361K, capacity 82344K, committed 82560K, reserved 1120256K
  class space    used 10306K, capacity 11012K, committed 11136K, reserved 1048576K
}
Event: 27.775 GC heap before
{Heap before GC invocations=61 (full 0):
 garbage-first heap   total 146432K, used 112241K [0x0000000080000000, 0x0000000100000000)
  region size 1024K, 33 young (33792K), 4 survivors (4096K)
 Metaspace       used 80507K, capacity 82536K, committed 82816K, reserved 1120256K
  class space    used 10306K, capacity 11012K, committed 11136K, reserved 1048576K
}
Event: 27.784 GC heap after
{Heap after GC invocations=62 (full 0):
 garbage-first heap   total 189440K, used 84486K [0x0000000080000000, 0x0000000100000000)
  region size 1024K, 1 young (1024K), 1 survivors (1024K)
 Metaspace       used 80507K, capacity 82536K, committed 82816K, reserved 1120256K
  class space    used 10306K, capacity 11012K, committed 11136K, reserved 1048576K
}
Event: 28.527 GC heap before
{Heap before GC invocations=62 (full 0):
 garbage-first heap   total 189440K, used 110086K [0x0000000080000000, 0x0000000100000000)
  region size 1024K, 26 young (26624K), 1 survivors (1024K)
 Metaspace       used 80594K, capacity 82610K, committed 82816K, reserved 1120256K
  class space    used 10311K, capacity 11015K, committed 11136K, reserved 1048576K
}
Event: 28.538 GC heap after
{Heap after GC invocations=63 (full 0):
 garbage-first heap   total 189440K, used 89763K [0x0000000080000000, 0x0000000100000000)
  region size 1024K, 6 young (6144K), 6 survivors (6144K)
 Metaspace       used 80594K, capacity 82610K, committed 82816K, reserved 1120256K
  class space    used 10311K, capacity 11015K, committed 11136K, reserved 1048576K
}
Event: 29.281 GC heap before
{Heap before GC invocations=64 (full 0):
 garbage-first heap   total 189440K, used 147107K [0x0000000080000000, 0x0000000100000000)
  region size 1024K, 49 young (50176K), 6 survivors (6144K)
 Metaspace       used 83905K, capacity 86003K, committed 86144K, reserved 1124352K
  class space    used 10583K, capacity 11308K, committed 11392K, reserved 1048576K
}
Event: 29.299 GC heap after
{Heap after GC invocations=65 (full 0):
 garbage-first heap   total 189440K, used 90579K [0x0000000080000000, 0x0000000100000000)
  region size 1024K, 6 young (6144K), 6 survivors (6144K)
 Metaspace       used 83905K, capacity 86003K, committed 86144K, reserved 1124352K
  class space    used 10583K, capacity 11308K, committed 11392K, reserved 1048576K
}

Deoptimization events (20 events):
Event: 28.802 Thread 0x0000024fee516800 DEOPT PACKING pc=0x0000024fd7e1041c sp=0x000000af16efdc40
Event: 28.802 Thread 0x0000024fee516800 DEOPT UNPACKING pc=0x0000024fd00e74af sp=0x000000af16efdbe8 mode 2
Event: 28.803 Thread 0x0000024fee51a000 Uncommon trap: trap_request=0xffffff4d fr.pc=0x0000024fd7d5c140 relative=0x0000000000000480
Event: 28.803 Thread 0x0000024fee51a000 Uncommon trap: reason=unstable_if action=reinterpret pc=0x0000024fd7d5c140 method=java.lang.String.substring(I)Ljava/lang/String; @ 43 c2
Event: 28.804 Thread 0x0000024fee51a000 DEOPT PACKING pc=0x0000024fd7d5c140 sp=0x000000af16afd550
Event: 28.804 Thread 0x0000024fee51a000 DEOPT UNPACKING pc=0x0000024fd00e74af sp=0x000000af16afd528 mode 2
Event: 28.854 Thread 0x0000024fee516000 DEOPT PACKING pc=0x0000024fd1782a33 sp=0x000000af16bfcf70
Event: 28.854 Thread 0x0000024fee516000 DEOPT UNPACKING pc=0x0000024fd00e72ce sp=0x000000af16bfc4b0 mode 0
Event: 28.925 Thread 0x0000024fee516000 DEOPT PACKING pc=0x0000024fd177b9c7 sp=0x000000af16bfd050
Event: 28.925 Thread 0x0000024fee516000 DEOPT UNPACKING pc=0x0000024fd00e72ce sp=0x000000af16bfc510 mode 0
Event: 29.195 Thread 0x0000024fee51b800 DEOPT PACKING pc=0x0000024fd19b0f6f sp=0x000000af16cfd2b0
Event: 29.195 Thread 0x0000024fee51b800 DEOPT UNPACKING pc=0x0000024fd00e72ce sp=0x000000af16cfc758 mode 0
Event: 29.204 Thread 0x0000024fee51e000 DEOPT PACKING pc=0x0000024fd19e11d9 sp=0x000000af171fd210
Event: 29.204 Thread 0x0000024fee51e000 DEOPT UNPACKING pc=0x0000024fd00e72ce sp=0x000000af171fc788 mode 0
Event: 29.345 Thread 0x0000024fee516000 DEOPT PACKING pc=0x0000024fd1a144df sp=0x000000af16bfca80
Event: 29.345 Thread 0x0000024fee516000 DEOPT UNPACKING pc=0x0000024fd00e72ce sp=0x000000af16bfbfc8 mode 0
Event: 29.462 Thread 0x0000024fee51e000 DEOPT PACKING pc=0x0000024fd198499f sp=0x000000af171fd2c0
Event: 29.462 Thread 0x0000024fee51e000 DEOPT UNPACKING pc=0x0000024fd00e72ce sp=0x000000af171fc6f8 mode 0
Event: 29.478 Thread 0x0000024fee516000 DEOPT PACKING pc=0x0000024fd1a170e8 sp=0x000000af16bfcec0
Event: 29.478 Thread 0x0000024fee516000 DEOPT UNPACKING pc=0x0000024fd00e72ce sp=0x000000af16bfc3e0 mode 0

Classes redefined (0 events):
No events

Internal exceptions (20 events):
Event: 26.601 Thread 0x0000024fe7dc2800 Exception <a 'java/lang/NoSuchMethodError'{0x000000008848ff10}: <clinit>> (0x000000008848ff10) thrown at [./src/hotspot/share/prims/jni.cpp, line 1362]
Event: 26.601 Thread 0x0000024fe7dc2800 Exception <a 'java/lang/NoSuchMethodError'{0x0000000088492830}: <clinit>> (0x0000000088492830) thrown at [./src/hotspot/share/prims/jni.cpp, line 1362]
Event: 26.601 Thread 0x0000024fe7dc2800 Exception <a 'java/lang/NoSuchMethodError'{0x0000000088496eb0}: <clinit>> (0x0000000088496eb0) thrown at [./src/hotspot/share/prims/jni.cpp, line 1362]
Event: 26.602 Thread 0x0000024fe7dc2800 Exception <a 'java/lang/NoSuchMethodError'{0x00000000884a1ee8}: <clinit>> (0x00000000884a1ee8) thrown at [./src/hotspot/share/prims/jni.cpp, line 1362]
Event: 26.609 Thread 0x0000024fe7dc2800 Exception <a 'java/lang/NoSuchMethodError'{0x00000000884e8d58}: <clinit>> (0x00000000884e8d58) thrown at [./src/hotspot/share/prims/jni.cpp, line 1362]
Event: 26.614 Thread 0x0000024fe7dc2800 Exception <a 'java/lang/NoSuchMethodError'{0x000000008831c950}: <clinit>> (0x000000008831c950) thrown at [./src/hotspot/share/prims/jni.cpp, line 1362]
Event: 26.617 Thread 0x0000024fe7dc2800 Exception <a 'java/lang/NoSuchMethodError'{0x000000008834e7a0}: <clinit>> (0x000000008834e7a0) thrown at [./src/hotspot/share/prims/jni.cpp, line 1362]
Event: 26.618 Thread 0x0000024fe7dc2800 Exception <a 'java/lang/NoSuchMethodError'{0x0000000088351c08}: <clinit>> (0x0000000088351c08) thrown at [./src/hotspot/share/prims/jni.cpp, line 1362]
Event: 26.618 Thread 0x0000024fe7dc2800 Exception <a 'java/lang/NoSuchMethodError'{0x0000000088354878}: <clinit>> (0x0000000088354878) thrown at [./src/hotspot/share/prims/jni.cpp, line 1362]
Event: 26.620 Thread 0x0000024fe7dc2800 Exception <a 'java/lang/NoSuchMethodError'{0x000000008836cba0}: <clinit>> (0x000000008836cba0) thrown at [./src/hotspot/share/prims/jni.cpp, line 1362]
Event: 26.622 Thread 0x0000024fe7dc2800 Exception <a 'java/lang/NoSuchMethodError'{0x0000000088384150}: <clinit>> (0x0000000088384150) thrown at [./src/hotspot/share/prims/jni.cpp, line 1362]
Event: 26.626 Thread 0x0000024fe7dc2800 Exception <a 'java/lang/NoSuchMethodError'{0x00000000883a26c8}: <clinit>> (0x00000000883a26c8) thrown at [./src/hotspot/share/prims/jni.cpp, line 1362]
Event: 26.630 Thread 0x0000024fe7dc2800 Exception <a 'java/lang/NoSuchMethodError'{0x00000000883b36a0}: <clinit>> (0x00000000883b36a0) thrown at [./src/hotspot/share/prims/jni.cpp, line 1362]
Event: 26.775 Thread 0x0000024fe7dc2800 Exception <a 'java/lang/NoSuchMethodError'{0x0000000087cc9550}: <clinit>> (0x0000000087cc9550) thrown at [./src/hotspot/share/prims/jni.cpp, line 1362]
Event: 26.843 Thread 0x0000024fee516000 Exception <a 'java/lang/ClassNotFoundException'{0x0000000087d9aba0}: sun/awt/resources/spi/awtProvider> (0x0000000087d9aba0) thrown at [./src/hotspot/share/classfile/systemDictionary.cpp, line 231]
Event: 26.864 Thread 0x0000024fee516000 Exception <a 'java/io/FileNotFoundException'{0x00000000878ae4c0}> (0x00000000878ae4c0) thrown at [./src/hotspot/share/prims/jni.cpp, line 615]
Event: 26.865 Thread 0x0000024fee516000 Exception <a 'java/io/FileNotFoundException'{0x00000000878b1640}> (0x00000000878b1640) thrown at [./src/hotspot/share/prims/jni.cpp, line 615]
Event: 26.921 Thread 0x0000024fe7dc2800 Implicit null exception at 0x0000024fd7f51975 to 0x0000024fd7f51bbc
Event: 28.644 Thread 0x0000024fe7dc2800 Exception <a 'java/lang/NoSuchMethodError'{0x000000008b7f5fc0}: <clinit>> (0x000000008b7f5fc0) thrown at [./src/hotspot/share/prims/jni.cpp, line 1362]
Event: 28.689 Thread 0x0000024fe7dc2800 Exception <a 'java/lang/NoSuchMethodError'{0x000000008b42ca38}: <clinit>> (0x000000008b42ca38) thrown at [./src/hotspot/share/prims/jni.cpp, line 1362]

Events (20 events):
Event: 29.196 loading class com/android/aapt/Resources$Primitive$NullType
Event: 29.196 loading class com/android/aapt/Resources$Primitive$NullType done
Event: 29.279 Executing VM operation: G1CollectForAllocation
Event: 29.299 Executing VM operation: G1CollectForAllocation done
Event: 29.641 loading class com/android/aaptcompiler/BlameLogger$1
Event: 29.641 loading class com/android/aaptcompiler/BlameLogger$1 done
Event: 29.647 loading class com/android/aaptcompiler/ResourceCompiler$getCompileMethod$2
Event: 29.647 loading class com/android/aaptcompiler/ResourceCompiler$getCompileMethod$2 done
Event: 29.648 loading class com/android/aaptcompiler/ResourceFile
Event: 29.648 loading class com/android/aaptcompiler/ResourceFile done
Event: 29.651 loading class com/android/aaptcompiler/XmlProcessor
Event: 29.651 loading class com/android/aaptcompiler/XmlProcessor done
Event: 29.657 loading class com/android/aaptcompiler/XmlResourceBuilder
Event: 29.657 loading class com/android/aaptcompiler/XmlResourceBuilder done
Event: 29.664 loading class com/android/aaptcompiler/NamespaceContext
Event: 29.664 loading class com/android/aaptcompiler/NamespaceContext done
Event: 29.666 loading class com/android/aapt/Resources$XmlElement
Event: 29.666 loading class com/android/aapt/Resources$XmlElement done
Event: 29.678 loading class com/android/aaptcompiler/ResourceCompiler$getCompileMethod$3
Event: 29.678 loading class com/android/aaptcompiler/ResourceCompiler$getCompileMethod$3 done


Dynamic libraries:
0x00007ff6ca5b0000 - 0x00007ff6ca5ba000 	C:\Program Files\Android\Android Studio\jre\bin\java.exe
0x00007ff8d0830000 - 0x00007ff8d0a25000 	C:\WINDOWS\SYSTEM32\ntdll.dll
0x00007ff8cee80000 - 0x00007ff8cef3d000 	C:\WINDOWS\System32\KERNEL32.DLL
0x00007ff8ce5c0000 - 0x00007ff8ce888000 	C:\WINDOWS\System32\KERNELBASE.dll
0x00007ff8ce1d0000 - 0x00007ff8ce2d0000 	C:\WINDOWS\System32\ucrtbase.dll
0x00007ff8bc050000 - 0x00007ff8bc069000 	C:\Program Files\Android\Android Studio\jre\bin\jli.dll
0x00007ff8c5be0000 - 0x00007ff8c5bf7000 	C:\Program Files\Android\Android Studio\jre\bin\VCRUNTIME140.dll
0x00007ff8ceb00000 - 0x00007ff8ceca0000 	C:\WINDOWS\System32\USER32.dll
0x00007ff8ce430000 - 0x00007ff8ce452000 	C:\WINDOWS\System32\win32u.dll
0x00007ff8ceff0000 - 0x00007ff8cf01a000 	C:\WINDOWS\System32\GDI32.dll
0x00007ff8ce0c0000 - 0x00007ff8ce1cb000 	C:\WINDOWS\System32\gdi32full.dll
0x00007ff8ce020000 - 0x00007ff8ce0bd000 	C:\WINDOWS\System32\msvcp_win.dll
0x00007ff8b2aa0000 - 0x00007ff8b2d3a000 	C:\WINDOWS\WinSxS\amd64_microsoft.windows.common-controls_6595b64144ccf1df_6.0.19041.844_none_ca00b6081b84eb1d\COMCTL32.dll
0x00007ff8cf230000 - 0x00007ff8cf2ce000 	C:\WINDOWS\System32\msvcrt.dll
0x00007ff8d0090000 - 0x00007ff8d00c0000 	C:\WINDOWS\System32\IMM32.DLL
0x00007ff8b08d0000 - 0x00007ff8b096d000 	C:\Program Files\Android\Android Studio\jre\bin\msvcp140.dll
0x00007ff86cbc0000 - 0x00007ff86d67c000 	C:\Program Files\Android\Android Studio\jre\bin\server\jvm.dll
0x00007ff8cf420000 - 0x00007ff8cf4cc000 	C:\WINDOWS\System32\ADVAPI32.dll
0x00007ff8d01e0000 - 0x00007ff8d027b000 	C:\WINDOWS\System32\sechost.dll
0x00007ff8d0280000 - 0x00007ff8d03ab000 	C:\WINDOWS\System32\RPCRT4.dll
0x00007ff8cf100000 - 0x00007ff8cf108000 	C:\WINDOWS\System32\PSAPI.DLL
0x00007ff8c4410000 - 0x00007ff8c4437000 	C:\WINDOWS\SYSTEM32\WINMM.dll
0x00007ff8c4ef0000 - 0x00007ff8c4efa000 	C:\WINDOWS\SYSTEM32\VERSION.dll
0x00007ff8c5bd0000 - 0x00007ff8c5bd9000 	C:\WINDOWS\SYSTEM32\WSOCK32.dll
0x00007ff8d00c0000 - 0x00007ff8d012b000 	C:\WINDOWS\System32\WS2_32.dll
0x00007ff8cc840000 - 0x00007ff8cc852000 	C:\WINDOWS\SYSTEM32\kernel.appcore.dll
0x00007ff8bc6e0000 - 0x00007ff8bc6f1000 	C:\Program Files\Android\Android Studio\jre\bin\verify.dll
0x00007ff8cc620000 - 0x00007ff8cc804000 	C:\WINDOWS\SYSTEM32\DBGHELP.DLL
0x00007ff8b4800000 - 0x00007ff8b482c000 	C:\WINDOWS\SYSTEM32\dbgcore.DLL
0x00007ff8cdfa0000 - 0x00007ff8ce020000 	C:\WINDOWS\System32\bcryptPrimitives.dll
0x00007ff8afd40000 - 0x00007ff8afd69000 	C:\Program Files\Android\Android Studio\jre\bin\java.dll
0x00007ff8bc6d0000 - 0x00007ff8bc6db000 	C:\Program Files\Android\Android Studio\jre\bin\jimage.dll
0x00007ff8bc030000 - 0x00007ff8bc048000 	C:\Program Files\Android\Android Studio\jre\bin\zip.dll
0x00007ff8cf940000 - 0x00007ff8d0082000 	C:\WINDOWS\System32\SHELL32.dll
0x00007ff8cbe90000 - 0x00007ff8cc620000 	C:\WINDOWS\SYSTEM32\windows.storage.dll
0x00007ff8d03c0000 - 0x00007ff8d0715000 	C:\WINDOWS\System32\combase.dll
0x00007ff8cd910000 - 0x00007ff8cd93c000 	C:\WINDOWS\SYSTEM32\Wldp.dll
0x00007ff8cedd0000 - 0x00007ff8cee7e000 	C:\WINDOWS\System32\SHCORE.dll
0x00007ff8ce890000 - 0x00007ff8ce8e5000 	C:\WINDOWS\System32\shlwapi.dll
0x00007ff8cdeb0000 - 0x00007ff8cdecf000 	C:\WINDOWS\SYSTEM32\profapi.dll
0x00007ff8af890000 - 0x00007ff8af8aa000 	C:\Program Files\Android\Android Studio\jre\bin\net.dll
0x00007ff8b8570000 - 0x00007ff8b867b000 	C:\WINDOWS\SYSTEM32\WINHTTP.dll
0x00007ff8cd680000 - 0x00007ff8cd6ea000 	C:\WINDOWS\system32\mswsock.dll
0x00007ff8af250000 - 0x00007ff8af264000 	C:\Program Files\Android\Android Studio\jre\bin\nio.dll
0x00007ff8b0380000 - 0x00007ff8b03a7000 	C:\Users\HP\.gradle\native\fdc75f09e3144964f2cf3f50f0aa648679c211496f362492102eb8c894070792\windows-amd64\native-platform.dll
0x00007ff89ad20000 - 0x00007ff89aeb6000 	C:\Users\HP\.gradle\native\12488b8bf47d2d4c9fbf2f6322a914ad602e24e48041cd04a747c6da556b65c4\windows-amd64\native-platform-file-events.dll
0x00007ff8b12b0000 - 0x00007ff8b12ba000 	C:\Program Files\Android\Android Studio\jre\bin\management.dll
0x00007ff8af240000 - 0x00007ff8af24c000 	C:\Program Files\Android\Android Studio\jre\bin\management_ext.dll
0x00007ff8cd850000 - 0x00007ff8cd868000 	C:\WINDOWS\SYSTEM32\CRYPTSP.dll
0x00007ff8cd020000 - 0x00007ff8cd054000 	C:\WINDOWS\system32\rsaenh.dll
0x00007ff8cdf70000 - 0x00007ff8cdf97000 	C:\WINDOWS\System32\bcrypt.dll
0x00007ff8cde70000 - 0x00007ff8cde9e000 	C:\WINDOWS\SYSTEM32\USERENV.dll
0x00007ff8cd870000 - 0x00007ff8cd87c000 	C:\WINDOWS\SYSTEM32\CRYPTBASE.dll
0x00007ff8cd370000 - 0x00007ff8cd3ab000 	C:\WINDOWS\SYSTEM32\IPHLPAPI.DLL
0x00007ff8d03b0000 - 0x00007ff8d03b8000 	C:\WINDOWS\System32\NSI.dll
0x00007ff8cbdb0000 - 0x00007ff8cbdc7000 	C:\WINDOWS\SYSTEM32\dhcpcsvc6.DLL
0x00007ff8cbd90000 - 0x00007ff8cbdad000 	C:\WINDOWS\SYSTEM32\dhcpcsvc.DLL
0x00007ff8cd3b0000 - 0x00007ff8cd47c000 	C:\WINDOWS\SYSTEM32\DNSAPI.dll
0x00007ff8c6c10000 - 0x00007ff8c6c1b000 	C:\WINDOWS\SYSTEM32\WINNSI.DLL
0x00007ff8b0f80000 - 0x00007ff8b1122000 	C:\Program Files\Android\Android Studio\jre\bin\awt.dll
0x00007ff8d0720000 - 0x00007ff8d07ed000 	C:\WINDOWS\System32\OLEAUT32.dll
0x00007ff8cb970000 - 0x00007ff8cb99f000 	C:\WINDOWS\SYSTEM32\dwmapi.dll
0x00007ff8cb400000 - 0x00007ff8cb490000 	C:\WINDOWS\SYSTEM32\apphelp.dll
0x00007ff8cb5a0000 - 0x00007ff8cb63e000 	C:\WINDOWS\system32\uxtheme.dll

dbghelp: loaded successfully - version: 4.0.5 - missing functions: none
symbol engine: initialized successfully - sym options: 0x614 - pdb path: .;C:\Program Files\Android\Android Studio\jre\bin;C:\WINDOWS\SYSTEM32;C:\WINDOWS\WinSxS\amd64_microsoft.windows.common-controls_6595b64144ccf1df_6.0.19041.844_none_ca00b6081b84eb1d;C:\Program Files\Android\Android Studio\jre\bin\server;C:\Users\HP\.gradle\native\fdc75f09e3144964f2cf3f50f0aa648679c211496f362492102eb8c894070792\windows-amd64;C:\Users\HP\.gradle\native\12488b8bf47d2d4c9fbf2f6322a914ad602e24e48041cd04a747c6da556b65c4\windows-amd64

VM Arguments:
jvm_args: --add-opens=java.base/java.util=ALL-UNNAMED --add-opens=java.base/java.lang=ALL-UNNAMED --add-opens=java.base/java.lang.invoke=ALL-UNNAMED --add-opens=java.prefs/java.util.prefs=ALL-UNNAMED -Xmx2048m -Dfile.encoding=UTF-8 -Duser.country=US -Duser.language=en -Duser.variant 
java_command: org.gradle.launcher.daemon.bootstrap.GradleDaemon 6.7.1
java_class_path (initial): C:\Users\HP\.gradle\wrapper\dists\gradle-6.7.1-bin\bwlcbys1h7rz3272sye1xwiv6\gradle-6.7.1\lib\gradle-launcher-6.7.1.jar
Launcher Type: SUN_STANDARD

[Global flags]
     intx CICompilerCount                          = 4                                         {product} {ergonomic}
     uint ConcGCThreads                            = 2                                         {product} {ergonomic}
     uint G1ConcRefinementThreads                  = 8                                         {product} {ergonomic}
   size_t G1HeapRegionSize                         = 1048576                                   {product} {ergonomic}
    uintx GCDrainStackTargetSize                   = 64                                        {product} {ergonomic}
   size_t InitialHeapSize                          = 58720256                                  {product} {ergonomic}
   size_t MarkStackSize                            = 4194304                                   {product} {ergonomic}
   size_t MaxHeapSize                              = 2147483648                                {product} {command line}
   size_t MaxNewSize                               = 1287651328                                {product} {ergonomic}
   size_t MinHeapDeltaBytes                        = 1048576                                   {product} {ergonomic}
    uintx NonNMethodCodeHeapSize                   = 5836300                                {pd product} {ergonomic}
    uintx NonProfiledCodeHeapSize                  = 122910970                              {pd product} {ergonomic}
    uintx ProfiledCodeHeapSize                     = 122910970                              {pd product} {ergonomic}
    uintx ReservedCodeCacheSize                    = 251658240                              {pd product} {ergonomic}
     bool SegmentedCodeCache                       = true                                      {product} {ergonomic}
     bool UseCompressedClassPointers               = true                                 {lp64_product} {ergonomic}
     bool UseCompressedOops                        = true                                 {lp64_product} {ergonomic}
     bool UseG1GC                                  = true                                      {product} {ergonomic}
     bool UseLargePagesIndividualAllocation        = false                                  {pd product} {ergonomic}

Logging:
Log output configuration:
 #0: stdout all=warning uptime,level,tags
 #1: stderr all=off uptime,level,tags

Environment Variables:
JAVA_HOME=C:\Program Files\Java\jdk-16.0.1
PATH=C:\Program Files\Common Files\Oracle\Java\javapath;C:\Program Files (x86)\Common Files\Oracle\Java\javapath;C:\WINDOWS\system32;C:\WINDOWS;C:\WINDOWS\System32\Wbem;C:\WINDOWS\System32\WindowsPowerShell\v1.0\;C:\WINDOWS\System32\OpenSSH\;C:\Program Files (x86)\Windows Live\Shared;C:\Program Files\MATLAB\R2020a\bin;C:\Program Files\nodejs\;C:\Program Files\Java\jdk-16.0.1\bin;C:\Users\HP\AppData\Local\Microsoft\WindowsApps;C:\Users\HP\AppData\Roaming\npm
USERNAME=HP
OS=Windows_NT
PROCESSOR_IDENTIFIER=AMD64 Family 23 Model 24 Stepping 1, AuthenticAMD



---------------  S Y S T E M  ---------------

OS: Windows 10 , 64 bit Build 19041 (10.0.19041.928)
OS uptime: 0 days 3:17 hours

CPU:total 8 (initial active 8) (8 cores per cpu, 2 threads per core) family 23 model 24 stepping 1, cmov, cx8, fxsr, mmx, sse, sse2, sse3, ssse3, sse4.1, sse4.2, popcnt, avx, avx2, aes, clmul, mmxext, 3dnowpref, lzcnt, sse4a, ht, tsc, tscinvbit, tscinv, bmi1, bmi2, adx, sha, fma

Memory: 4k page, system-wide physical 3498M (74M free)
TotalPageFile size 14250M (AvailPageFile size 3M)
current process WorkingSet (physical memory assigned to process): 355M, peak: 355M
current process commit charge ("private bytes"): 458M, peak: 459M

vm_info: OpenJDK 64-Bit Server VM (11.0.8+10-b944.6842174) for windows-amd64 JRE (11.0.8+10-b944.6842174), built on Sep 19 2020 01:11:42 by "builder" with MS VC++ 14.0 (VS2015)

END.
