#
# There is insufficient memory for the Java Runtime Environment to continue.
# Native memory allocation (malloc) failed to allocate 1094576 bytes for Chunk::new
# Possible reasons:
#   The system is out of physical RAM or swap space
#   The process is running with CompressedOops enabled, and the Java Heap may be blocking the growth of the native heap
# Possible solutions:
#   Reduce memory load on the system
#   Increase physical memory or swap space
#   Check if swap backing store is full
#   Decrease Java heap size (-Xmx/-Xms)
#   Decrease number of Java threads
#   Decrease Java thread stack sizes (-Xss)
#   Set larger code cache with -XX:ReservedCodeCacheSize=
#   JVM is running with Unscaled Compressed Oops mode in which the Java heap is
#     placed in the first 4GB address space. The Java Heap base address is the
#     maximum limit for the native heap growth. Please use -XX:HeapBaseMinAddress
#     to set the Java Heap base and to place the Java Heap above 4GB virtual address.
# This output file may be truncated or incomplete.
#
#  Out of Memory Error (./src/hotspot/share/memory/arena.cpp:197), pid=5128, tid=9816
#
# JRE version: OpenJDK Runtime Environment (11.0.8+10) (build 11.0.8+10-b944.6842174)
# Java VM: OpenJDK 64-Bit Server VM (11.0.8+10-b944.6842174, mixed mode, tiered, compressed oops, g1 gc, windows-amd64)
# No core dump will be written. Minidumps are not enabled by default on client versions of Windows
#

---------------  S U M M A R Y ------------

Command Line: --add-opens=java.base/java.util=ALL-UNNAMED --add-opens=java.base/java.lang=ALL-UNNAMED --add-opens=java.base/java.lang.invoke=ALL-UNNAMED --add-opens=java.prefs/java.util.prefs=ALL-UNNAMED -Xmx2048m -Dfile.encoding=UTF-8 -Duser.country=US -Duser.language=en -Duser.variant org.gradle.launcher.daemon.bootstrap.GradleDaemon 6.7.1

Host: AMD Ryzen 5 3500U with Radeon Vega Mobile Gfx  , 8 cores, 3G,  Windows 10 , 64 bit Build 19041 (10.0.19041.928)
Time: Tue May 25 02:47:49 2021 Malay Peninsula Standard Time elapsed time: 11006 seconds (0d 3h 3m 26s)

---------------  T H R E A D  ---------------

Current thread (0x00000237ccc07000):  JavaThread "C2 CompilerThread0" daemon [_thread_in_native, id=9816, stack(0x00000054a8e00000,0x00000054a8f00000)]


Current CompileTask:
C2:11006157 18839       4       com.google.common.collect.Interners$InternerImpl::intern (50 bytes)

Stack: [0x00000054a8e00000,0x00000054a8f00000]
Native frames: (J=compiled Java code, j=interpreted, Vv=VM code, C=native code)
V  [jvm.dll+0x5de50a]
V  [jvm.dll+0x7122f5]
V  [jvm.dll+0x71384d]
V  [jvm.dll+0x713f03]
V  [jvm.dll+0x23e728]
V  [jvm.dll+0xb899c]
V  [jvm.dll+0xb8e9c]
V  [jvm.dll+0x35020b]
V  [jvm.dll+0x31dea3]
V  [jvm.dll+0x31d39a]
V  [jvm.dll+0x1f7702]
V  [jvm.dll+0x1f68d4]
V  [jvm.dll+0x17f32c]
V  [jvm.dll+0x205047]
V  [jvm.dll+0x203891]
V  [jvm.dll+0x6dad3f]
V  [jvm.dll+0x6d3895]
V  [jvm.dll+0x5dd4a6]
C  [ucrtbase.dll+0x21bb2]
C  [KERNEL32.DLL+0x17034]
C  [ntdll.dll+0x52651]


---------------  P R O C E S S  ---------------

Threads class SMR info:
_java_thread_list=0x00000237cf837690, length=147, elements={
0x00000237b0939000, 0x00000237ccba6000, 0x00000237ccbaf800, 0x00000237ccc03800,
0x00000237ccc05000, 0x00000237ccc07000, 0x00000237ccc14000, 0x00000237ccc19000,
0x00000237cd68c800, 0x00000237cd697000, 0x00000237cf12a000, 0x00000237cd76d800,
0x00000237ce9b8000, 0x00000237cf9b0800, 0x00000237cf9b1000, 0x00000237cf9b2000,
0x00000237cf9b2800, 0x00000237ce472000, 0x00000237d00a8000, 0x00000237d4161000,
0x00000237d54f2000, 0x00000237d54f3800, 0x00000237d54f2800, 0x00000237d54f7000,
0x00000237d54f4800, 0x00000237d54f6000, 0x00000237d54f5000, 0x00000237d54f1000,
0x00000237d54fc800, 0x00000237d54fd800, 0x00000237d54f7800, 0x00000237d54ff000,
0x00000237d54fe000, 0x00000237d54fb800, 0x00000237d54f9000, 0x00000237d54fb000,
0x00000237d5500000, 0x00000237d54fa000, 0x00000237d00a2800, 0x00000237d00a4000,
0x00000237d009e800, 0x00000237d00a5000, 0x00000237d009f000, 0x00000237d00a0000,
0x00000237d00a0800, 0x00000237d00a5800, 0x00000237d00a3000, 0x00000237d00a6800,
0x00000237d00a7800, 0x00000237d00a1800, 0x00000237d00a9000, 0x00000237d00a9800,
0x00000237d00aa800, 0x00000237d00ab800, 0x00000237d00ac000, 0x00000237d00ad000,
0x00000237d395a800, 0x00000237d395b800, 0x00000237d3959000, 0x00000237d395a000,
0x00000237d395c800, 0x00000237d3958800, 0x00000237d3957800, 0x00000237d395f000,
0x00000237d3961800, 0x00000237d3960800, 0x00000237d3962000, 0x00000237d3963000,
0x00000237d395d000, 0x00000237d395e000, 0x00000237d3963800, 0x00000237d3966000,
0x00000237d3964800, 0x00000237d3965800, 0x00000237d6acb800, 0x00000237d6acd800,
0x00000237d6ac8000, 0x00000237d6acc000, 0x00000237d6ace800, 0x00000237d6acd000,
0x00000237d6aca800, 0x00000237d6ac9800, 0x00000237d6ac9000, 0x00000237d6ad3800,
0x00000237d6ad6000, 0x00000237d6ad5000, 0x00000237d6ad0000, 0x00000237d6ad6800,
0x00000237d6ad2000, 0x00000237d6ad1000, 0x00000237d6ad2800, 0x00000237d6ad4000,
0x00000237d415e000, 0x00000237d4158800, 0x00000237d415a800, 0x00000237d415a000,
0x00000237d4159000, 0x00000237d415f000, 0x00000237d415c800, 0x00000237d415b800,
0x00000237d4160800, 0x00000237d415d000, 0x00000237d4163800, 0x00000237d4165800,
0x00000237d4162000, 0x00000237d4164800, 0x00000237d415f800, 0x00000237d4166000,
0x00000237d4167000, 0x00000237ce46c800, 0x00000237ce473000, 0x00000237ce46d000,
0x00000237ce474000, 0x00000237ce474800, 0x00000237ce475800, 0x00000237ce46f800,
0x00000237ce470800, 0x00000237ce478000, 0x00000237ce479800, 0x00000237ce47a800,
0x00000237ce476000, 0x00000237ce478800, 0x00000237ce47b000, 0x00000237ce477000,
0x00000237cf9ad000, 0x00000237cf9ae000, 0x00000237cf9ae800, 0x00000237cf9b3800,
0x00000237cf9af800, 0x00000237d3af2000, 0x00000237d3af7000, 0x00000237d3af5000,
0x00000237d3af3800, 0x00000237d3af6000, 0x00000237d3af1000, 0x00000237d3af8800,
0x00000237d3af4800, 0x00000237d3af7800, 0x00000237d3af2800, 0x00000237d3afb800,
0x00000237d3afc800, 0x00000237d3af9800, 0x00000237d3b00000, 0x00000237d3afa000,
0x00000237d3afb000, 0x00000237d3afd800, 0x00000237d3afe000
}

Java Threads: ( => current thread )
  0x00000237b0939000 JavaThread "main" [_thread_blocked, id=7324, stack(0x00000054a8300000,0x00000054a8400000)]
  0x00000237ccba6000 JavaThread "Reference Handler" daemon [_thread_blocked, id=7088, stack(0x00000054a8a00000,0x00000054a8b00000)]
  0x00000237ccbaf800 JavaThread "Finalizer" daemon [_thread_blocked, id=6148, stack(0x00000054a8b00000,0x00000054a8c00000)]
  0x00000237ccc03800 JavaThread "Signal Dispatcher" daemon [_thread_blocked, id=2444, stack(0x00000054a8c00000,0x00000054a8d00000)]
  0x00000237ccc05000 JavaThread "Attach Listener" daemon [_thread_blocked, id=5316, stack(0x00000054a8d00000,0x00000054a8e00000)]
=>0x00000237ccc07000 JavaThread "C2 CompilerThread0" daemon [_thread_in_native, id=9816, stack(0x00000054a8e00000,0x00000054a8f00000)]
  0x00000237ccc14000 JavaThread "C1 CompilerThread0" daemon [_thread_blocked, id=12348, stack(0x00000054a8f00000,0x00000054a9000000)]
  0x00000237ccc19000 JavaThread "Sweeper thread" daemon [_thread_blocked, id=10520, stack(0x00000054a9000000,0x00000054a9100000)]
  0x00000237cd68c800 JavaThread "Common-Cleaner" daemon [_thread_blocked, id=9180, stack(0x00000054a9100000,0x00000054a9200000)]
  0x00000237cd697000 JavaThread "Service Thread" daemon [_thread_blocked, id=2912, stack(0x00000054a9200000,0x00000054a9300000)]
  0x00000237cf12a000 JavaThread "Daemon health stats" [_thread_blocked, id=12100, stack(0x00000054a9600000,0x00000054a9700000)]
  0x00000237cd76d800 JavaThread "Incoming local TCP Connector on port 50070" [_thread_in_native, id=8736, stack(0x00000054a9a00000,0x00000054a9b00000)]
  0x00000237ce9b8000 JavaThread "Daemon periodic checks" [_thread_blocked, id=12512, stack(0x00000054a9b00000,0x00000054a9c00000)]
  0x00000237cf9b0800 JavaThread "Cache worker for file hash cache (C:\Users\HP\.gradle\caches\6.7.1\fileHashes)" [_thread_blocked, id=3968, stack(0x00000054aa700000,0x00000054aa800000)]
  0x00000237cf9b1000 JavaThread "File lock request listener" [_thread_in_native, id=12464, stack(0x00000054aa800000,0x00000054aa900000)]
  0x00000237cf9b2000 JavaThread "Cache worker for journal cache (C:\Users\HP\.gradle\caches\journal-1)" [_thread_blocked, id=2644, stack(0x00000054aaa00000,0x00000054aab00000)]
  0x00000237cf9b2800 JavaThread "Cache worker for execution history cache (C:\Users\HP\.gradle\caches\6.7.1\executionHistory)" [_thread_blocked, id=7600, stack(0x00000054aaf00000,0x00000054ab000000)]
  0x00000237ce472000 JavaThread "Cache worker for file content cache (C:\Users\HP\.gradle\caches\6.7.1\fileContent)" [_thread_blocked, id=12968, stack(0x00000054ab100000,0x00000054ab200000)]
  0x00000237d00a8000 JavaThread "Memory manager" [_thread_blocked, id=1028, stack(0x00000054b1c00000,0x00000054b1d00000)]
  0x00000237d4161000 JavaThread "Java2D Disposer" daemon [_thread_blocked, id=7756, stack(0x00000054b2e00000,0x00000054b2f00000)]
  0x00000237d54f2000 JavaThread "Daemon Thread 4" [_thread_blocked, id=2304, stack(0x00000054a8000000,0x00000054a8100000)]
  0x00000237d54f3800 JavaThread "Handler for socket connection from /127.0.0.1:50070 to /127.0.0.1:51376" [_thread_in_native, id=2036, stack(0x00000054a8100000,0x00000054a8200000)]
  0x00000237d54f2800 JavaThread "Cancel handler" [_thread_blocked, id=12192, stack(0x00000054a8200000,0x00000054a8300000)]
  0x00000237d54f7000 JavaThread "Daemon worker Thread 4" [_thread_blocked, id=7884, stack(0x00000054a9400000,0x00000054a9500000)]
  0x00000237d54f4800 JavaThread "Asynchronous log dispatcher for DefaultDaemonConnection: socket connection from /127.0.0.1:50070 to /127.0.0.1:51376" [_thread_in_native, id=12332, stack(0x00000054a9900000,0x00000054a9a00000)]
  0x00000237d54f6000 JavaThread "Stdin handler" [_thread_blocked, id=9068, stack(0x00000054a9c00000,0x00000054a9d00000)]
  0x00000237d54f5000 JavaThread "Thread-428" [_thread_blocked, id=8572, stack(0x00000054a9f00000,0x00000054aa000000)]
  0x00000237d54f1000 JavaThread "Cache worker for file hash cache (C:\Users\HP\AndroidStudioProjects\fyp\.gradle\6.7.1\fileHashes)" [_thread_blocked, id=9924, stack(0x00000054aa100000,0x00000054aa200000)]
  0x00000237d54fc800 JavaThread "Cache worker for checksums cache (C:\Users\HP\AndroidStudioProjects\fyp\.gradle\checksums)" [_thread_blocked, id=8516, stack(0x00000054aa200000,0x00000054aa300000)]
  0x00000237d54fd800 JavaThread "Cache worker for cache directory md-supplier (C:\Users\HP\.gradle\caches\6.7.1\md-supplier)" [_thread_blocked, id=4724, stack(0x00000054aab00000,0x00000054aac00000)]
  0x00000237d54f7800 JavaThread "Cache worker for cache directory md-rule (C:\Users\HP\.gradle\caches\6.7.1\md-rule)" [_thread_blocked, id=812, stack(0x00000054aac00000,0x00000054aad00000)]
  0x00000237d54ff000 JavaThread "Cache worker for Build Output Cleanup Cache (C:\Users\HP\AndroidStudioProjects\fyp\.gradle\buildOutputCleanup)" [_thread_blocked, id=8172, stack(0x00000054aad00000,0x00000054aae00000)]
  0x00000237d54fe000 JavaThread "Build operations" [_thread_blocked, id=7916, stack(0x00000054aae00000,0x00000054aaf00000)]
  0x00000237d54fb800 JavaThread "Build operations Thread 2" [_thread_blocked, id=7496, stack(0x00000054ab000000,0x00000054ab100000)]
  0x00000237d54f9000 JavaThread "Build operations Thread 3" [_thread_in_native, id=8888, stack(0x00000054ab200000,0x00000054ab300000)]
  0x00000237d54fb000 JavaThread "Build operations Thread 4" [_thread_blocked, id=12668, stack(0x00000054ab300000,0x00000054ab400000)]
  0x00000237d5500000 JavaThread "Build operations Thread 5" [_thread_blocked, id=11508, stack(0x00000054ab400000,0x00000054ab500000)]
  0x00000237d54fa000 JavaThread "Build operations Thread 6" [_thread_blocked, id=1192, stack(0x00000054ab500000,0x00000054ab600000)]
  0x00000237d00a2800 JavaThread "Build operations Thread 7" [_thread_blocked, id=6984, stack(0x00000054ab600000,0x00000054ab700000)]
  0x00000237d00a4000 JavaThread "Build operations Thread 8" [_thread_blocked, id=12004, stack(0x00000054ab700000,0x00000054ab800000)]
  0x00000237d009e800 JavaThread "jar transforms Thread 292" [_thread_blocked, id=10496, stack(0x00000054ab800000,0x00000054ab900000)]
  0x00000237d00a5000 JavaThread "jar transforms Thread 293" [_thread_blocked, id=11696, stack(0x00000054ab900000,0x00000054aba00000)]
  0x00000237d009f000 JavaThread "jar transforms Thread 294" [_thread_blocked, id=11732, stack(0x00000054aba00000,0x00000054abb00000)]
  0x00000237d00a0000 JavaThread "jar transforms Thread 295" [_thread_blocked, id=10960, stack(0x00000054abb00000,0x00000054abc00000)]
  0x00000237d00a0800 JavaThread "jar transforms Thread 296" [_thread_blocked, id=11380, stack(0x00000054abc00000,0x00000054abd00000)]
  0x00000237d00a5800 JavaThread "jar transforms Thread 297" [_thread_blocked, id=6112, stack(0x00000054abd00000,0x00000054abe00000)]
  0x00000237d00a3000 JavaThread "jar transforms Thread 298" [_thread_blocked, id=13232, stack(0x00000054abe00000,0x00000054abf00000)]
  0x00000237d00a6800 JavaThread "jar transforms Thread 299" [_thread_blocked, id=12572, stack(0x00000054abf00000,0x00000054ac000000)]
  0x00000237d00a7800 JavaThread "jar transforms Thread 300" [_thread_blocked, id=5676, stack(0x00000054ac000000,0x00000054ac100000)]
  0x00000237d00a1800 JavaThread "jar transforms Thread 301" [_thread_blocked, id=6484, stack(0x00000054ac100000,0x00000054ac200000)]
  0x00000237d00a9000 JavaThread "jar transforms Thread 302" [_thread_blocked, id=3236, stack(0x00000054ac200000,0x00000054ac300000)]
  0x00000237d00a9800 JavaThread "jar transforms Thread 303" [_thread_blocked, id=740, stack(0x00000054ac300000,0x00000054ac400000)]
  0x00000237d00aa800 JavaThread "jar transforms Thread 304" [_thread_blocked, id=5624, stack(0x00000054ac400000,0x00000054ac500000)]
  0x00000237d00ab800 JavaThread "jar transforms Thread 305" [_thread_blocked, id=1912, stack(0x00000054ac500000,0x00000054ac600000)]
  0x00000237d00ac000 JavaThread "jar transforms Thread 306" [_thread_blocked, id=2904, stack(0x00000054ac600000,0x00000054ac700000)]
  0x00000237d00ad000 JavaThread "jar transforms Thread 307" [_thread_blocked, id=10988, stack(0x00000054ac700000,0x00000054ac800000)]
  0x00000237d395a800 JavaThread "jar transforms Thread 308" [_thread_blocked, id=4980, stack(0x00000054ac800000,0x00000054ac900000)]
  0x00000237d395b800 JavaThread "jar transforms Thread 309" [_thread_blocked, id=10840, stack(0x00000054ac900000,0x00000054aca00000)]
  0x00000237d3959000 JavaThread "jar transforms Thread 310" [_thread_blocked, id=3088, stack(0x00000054aca00000,0x00000054acb00000)]
  0x00000237d395a000 JavaThread "jar transforms Thread 311" [_thread_blocked, id=2456, stack(0x00000054acb00000,0x00000054acc00000)]
  0x00000237d395c800 JavaThread "jar transforms Thread 312" [_thread_blocked, id=10360, stack(0x00000054acc00000,0x00000054acd00000)]
  0x00000237d3958800 JavaThread "jar transforms Thread 313" [_thread_blocked, id=1836, stack(0x00000054acd00000,0x00000054ace00000)]
  0x00000237d3957800 JavaThread "jar transforms Thread 314" [_thread_blocked, id=8748, stack(0x00000054ace00000,0x00000054acf00000)]
  0x00000237d395f000 JavaThread "jar transforms Thread 315" [_thread_blocked, id=7044, stack(0x00000054acf00000,0x00000054ad000000)]
  0x00000237d3961800 JavaThread "jar transforms Thread 316" [_thread_blocked, id=2492, stack(0x00000054ad000000,0x00000054ad100000)]
  0x00000237d3960800 JavaThread "jar transforms Thread 317" [_thread_blocked, id=8476, stack(0x00000054ad100000,0x00000054ad200000)]
  0x00000237d3962000 JavaThread "jar transforms Thread 318" [_thread_blocked, id=9056, stack(0x00000054ad200000,0x00000054ad300000)]
  0x00000237d3963000 JavaThread "jar transforms Thread 319" [_thread_blocked, id=9700, stack(0x00000054ad300000,0x00000054ad400000)]
  0x00000237d395d000 JavaThread "jar transforms Thread 320" [_thread_blocked, id=12952, stack(0x00000054ad400000,0x00000054ad500000)]
  0x00000237d395e000 JavaThread "jar transforms Thread 321" [_thread_blocked, id=12500, stack(0x00000054ad500000,0x00000054ad600000)]
  0x00000237d3963800 JavaThread "jar transforms Thread 322" [_thread_blocked, id=8044, stack(0x00000054ad600000,0x00000054ad700000)]
  0x00000237d3966000 JavaThread "jar transforms Thread 323" [_thread_blocked, id=8052, stack(0x00000054ad700000,0x00000054ad800000)]
  0x00000237d3964800 JavaThread "jar transforms Thread 324" [_thread_blocked, id=4264, stack(0x00000054ad800000,0x00000054ad900000)]
  0x00000237d3965800 JavaThread "jar transforms Thread 325" [_thread_blocked, id=13300, stack(0x00000054ad900000,0x00000054ada00000)]
  0x00000237d6acb800 JavaThread "jar transforms Thread 326" [_thread_blocked, id=5548, stack(0x00000054ada00000,0x00000054adb00000)]
  0x00000237d6acd800 JavaThread "jar transforms Thread 327" [_thread_blocked, id=6840, stack(0x00000054adb00000,0x00000054adc00000)]
  0x00000237d6ac8000 JavaThread "jar transforms Thread 328" [_thread_blocked, id=13076, stack(0x00000054adc00000,0x00000054add00000)]
  0x00000237d6acc000 JavaThread "jar transforms Thread 329" [_thread_blocked, id=5832, stack(0x00000054add00000,0x00000054ade00000)]
  0x00000237d6ace800 JavaThread "jar transforms Thread 330" [_thread_blocked, id=6468, stack(0x00000054ade00000,0x00000054adf00000)]
  0x00000237d6acd000 JavaThread "jar transforms Thread 331" [_thread_blocked, id=8232, stack(0x00000054adf00000,0x00000054ae000000)]
  0x00000237d6aca800 JavaThread "jar transforms Thread 332" [_thread_blocked, id=6032, stack(0x00000054ae000000,0x00000054ae100000)]
  0x00000237d6ac9800 JavaThread "jar transforms Thread 333" [_thread_blocked, id=11804, stack(0x00000054ae100000,0x00000054ae200000)]
  0x00000237d6ac9000 JavaThread "jar transforms Thread 334" [_thread_blocked, id=3140, stack(0x00000054ae200000,0x00000054ae300000)]
  0x00000237d6ad3800 JavaThread "jar transforms Thread 335" [_thread_blocked, id=8324, stack(0x00000054ae300000,0x00000054ae400000)]
  0x00000237d6ad6000 JavaThread "jar transforms Thread 336" [_thread_blocked, id=13268, stack(0x00000054ae400000,0x00000054ae500000)]
  0x00000237d6ad5000 JavaThread "jar transforms Thread 337" [_thread_blocked, id=4816, stack(0x00000054ae500000,0x00000054ae600000)]
  0x00000237d6ad0000 JavaThread "jar transforms Thread 338" [_thread_blocked, id=11272, stack(0x00000054ae600000,0x00000054ae700000)]
  0x00000237d6ad6800 JavaThread "jar transforms Thread 339" [_thread_blocked, id=1780, stack(0x00000054ae700000,0x00000054ae800000)]
  0x00000237d6ad2000 JavaThread "jar transforms Thread 340" [_thread_blocked, id=4224, stack(0x00000054ae800000,0x00000054ae900000)]
  0x00000237d6ad1000 JavaThread "jar transforms Thread 341" [_thread_blocked, id=2448, stack(0x00000054ae900000,0x00000054aea00000)]
  0x00000237d6ad2800 JavaThread "jar transforms Thread 342" [_thread_blocked, id=13144, stack(0x00000054aea00000,0x00000054aeb00000)]
  0x00000237d6ad4000 JavaThread "jar transforms Thread 343" [_thread_blocked, id=4984, stack(0x00000054aeb00000,0x00000054aec00000)]
  0x00000237d415e000 JavaThread "jar transforms Thread 344" [_thread_blocked, id=4968, stack(0x00000054aec00000,0x00000054aed00000)]
  0x00000237d4158800 JavaThread "jar transforms Thread 345" [_thread_blocked, id=12400, stack(0x00000054aed00000,0x00000054aee00000)]
  0x00000237d415a800 JavaThread "jar transforms Thread 346" [_thread_blocked, id=4212, stack(0x00000054aee00000,0x00000054aef00000)]
  0x00000237d415a000 JavaThread "jar transforms Thread 347" [_thread_blocked, id=12784, stack(0x00000054aef00000,0x00000054af000000)]
  0x00000237d4159000 JavaThread "jar transforms Thread 348" [_thread_blocked, id=6576, stack(0x00000054af000000,0x00000054af100000)]
  0x00000237d415f000 JavaThread "jar transforms Thread 349" [_thread_blocked, id=8832, stack(0x00000054af100000,0x00000054af200000)]
  0x00000237d415c800 JavaThread "jar transforms Thread 350" [_thread_blocked, id=9780, stack(0x00000054af200000,0x00000054af300000)]
  0x00000237d415b800 JavaThread "jar transforms Thread 351" [_thread_blocked, id=11328, stack(0x00000054af300000,0x00000054af400000)]
  0x00000237d4160800 JavaThread "jar transforms Thread 352" [_thread_blocked, id=9736, stack(0x00000054af400000,0x00000054af500000)]
  0x00000237d415d000 JavaThread "jar transforms Thread 353" [_thread_blocked, id=1096, stack(0x00000054af500000,0x00000054af600000)]
  0x00000237d4163800 JavaThread "jar transforms Thread 354" [_thread_blocked, id=4100, stack(0x00000054af600000,0x00000054af700000)]
  0x00000237d4165800 JavaThread "jar transforms Thread 355" [_thread_blocked, id=8240, stack(0x00000054af700000,0x00000054af800000)]
  0x00000237d4162000 JavaThread "jar transforms Thread 356" [_thread_blocked, id=6444, stack(0x00000054af800000,0x00000054af900000)]
  0x00000237d4164800 JavaThread "jar transforms Thread 357" [_thread_blocked, id=3024, stack(0x00000054af900000,0x00000054afa00000)]
  0x00000237d415f800 JavaThread "jar transforms Thread 358" [_thread_blocked, id=12392, stack(0x00000054afa00000,0x00000054afb00000)]
  0x00000237d4166000 JavaThread "jar transforms Thread 359" [_thread_blocked, id=1152, stack(0x00000054afb00000,0x00000054afc00000)]
  0x00000237d4167000 JavaThread "jar transforms Thread 360" [_thread_blocked, id=11916, stack(0x00000054afc00000,0x00000054afd00000)]
  0x00000237ce46c800 JavaThread "jar transforms Thread 361" [_thread_blocked, id=6308, stack(0x00000054afd00000,0x00000054afe00000)]
  0x00000237ce473000 JavaThread "jar transforms Thread 362" [_thread_blocked, id=9268, stack(0x00000054afe00000,0x00000054aff00000)]
  0x00000237ce46d000 JavaThread "jar transforms Thread 363" [_thread_blocked, id=8752, stack(0x00000054aff00000,0x00000054b0000000)]
  0x00000237ce474000 JavaThread "jar transforms Thread 364" [_thread_blocked, id=4028, stack(0x00000054b0000000,0x00000054b0100000)]
  0x00000237ce474800 JavaThread "jar transforms Thread 365" [_thread_blocked, id=1220, stack(0x00000054b0100000,0x00000054b0200000)]
  0x00000237ce475800 JavaThread "jar transforms Thread 366" [_thread_blocked, id=3076, stack(0x00000054b0200000,0x00000054b0300000)]
  0x00000237ce46f800 JavaThread "jar transforms Thread 367" [_thread_blocked, id=12744, stack(0x00000054b0300000,0x00000054b0400000)]
  0x00000237ce470800 JavaThread "jar transforms Thread 368" [_thread_blocked, id=8732, stack(0x00000054b0400000,0x00000054b0500000)]
  0x00000237ce478000 JavaThread "jar transforms Thread 369" [_thread_blocked, id=3528, stack(0x00000054b0500000,0x00000054b0600000)]
  0x00000237ce479800 JavaThread "jar transforms Thread 370" [_thread_blocked, id=12240, stack(0x00000054b0600000,0x00000054b0700000)]
  0x00000237ce47a800 JavaThread "jar transforms Thread 371" [_thread_blocked, id=2084, stack(0x00000054b0700000,0x00000054b0800000)]
  0x00000237ce476000 JavaThread "jar transforms Thread 372" [_thread_blocked, id=8744, stack(0x00000054b0800000,0x00000054b0900000)]
  0x00000237ce478800 JavaThread "jar transforms Thread 373" [_thread_blocked, id=4008, stack(0x00000054b0900000,0x00000054b0a00000)]
  0x00000237ce47b000 JavaThread "jar transforms Thread 374" [_thread_blocked, id=2712, stack(0x00000054b0a00000,0x00000054b0b00000)]
  0x00000237ce477000 JavaThread "jar transforms Thread 375" [_thread_blocked, id=12676, stack(0x00000054b0b00000,0x00000054b0c00000)]
  0x00000237cf9ad000 JavaThread "jar transforms Thread 376" [_thread_blocked, id=248, stack(0x00000054b0c00000,0x00000054b0d00000)]
  0x00000237cf9ae000 JavaThread "jar transforms Thread 377" [_thread_blocked, id=7504, stack(0x00000054b0d00000,0x00000054b0e00000)]
  0x00000237cf9ae800 JavaThread "jar transforms Thread 378" [_thread_blocked, id=7508, stack(0x00000054b0e00000,0x00000054b0f00000)]
  0x00000237cf9b3800 JavaThread "jar transforms Thread 379" [_thread_blocked, id=4424, stack(0x00000054b0f00000,0x00000054b1000000)]
  0x00000237cf9af800 JavaThread "jar transforms Thread 380" [_thread_blocked, id=11196, stack(0x00000054b1000000,0x00000054b1100000)]
  0x00000237d3af2000 JavaThread "jar transforms Thread 381" [_thread_blocked, id=3380, stack(0x00000054b1100000,0x00000054b1200000)]
  0x00000237d3af7000 JavaThread "jar transforms Thread 382" [_thread_blocked, id=2096, stack(0x00000054b1200000,0x00000054b1300000)]
  0x00000237d3af5000 JavaThread "jar transforms Thread 383" [_thread_blocked, id=12800, stack(0x00000054b1300000,0x00000054b1400000)]
  0x00000237d3af3800 JavaThread "jar transforms Thread 384" [_thread_blocked, id=8828, stack(0x00000054b1400000,0x00000054b1500000)]
  0x00000237d3af6000 JavaThread "jar transforms Thread 385" [_thread_blocked, id=6396, stack(0x00000054b1500000,0x00000054b1600000)]
  0x00000237d3af1000 JavaThread "jar transforms Thread 386" [_thread_blocked, id=11368, stack(0x00000054b1600000,0x00000054b1700000)]
  0x00000237d3af8800 JavaThread "jar transforms Thread 387" [_thread_blocked, id=252, stack(0x00000054b1700000,0x00000054b1800000)]
  0x00000237d3af4800 JavaThread "jar transforms Thread 388" [_thread_blocked, id=12628, stack(0x00000054b1800000,0x00000054b1900000)]
  0x00000237d3af7800 JavaThread "build event listener" [_thread_blocked, id=6360, stack(0x00000054b1900000,0x00000054b1a00000)]
  0x00000237d3af2800 JavaThread "build event listener" [_thread_blocked, id=1984, stack(0x00000054b1a00000,0x00000054b1b00000)]
  0x00000237d3afb800 JavaThread "Execution worker for ':'" [_thread_blocked, id=2272, stack(0x00000054b1b00000,0x00000054b1c00000)]
  0x00000237d3afc800 JavaThread "Execution worker for ':' Thread 2" [_thread_blocked, id=5688, stack(0x00000054b1d00000,0x00000054b1e00000)]
  0x00000237d3af9800 JavaThread "Execution worker for ':' Thread 3" [_thread_in_native, id=2560, stack(0x00000054b1e00000,0x00000054b1f00000)]
  0x00000237d3b00000 JavaThread "Execution worker for ':' Thread 4" [_thread_blocked, id=12144, stack(0x00000054b1f00000,0x00000054b2000000)]
  0x00000237d3afa000 JavaThread "Execution worker for ':' Thread 5" [_thread_blocked, id=720, stack(0x00000054b2000000,0x00000054b2100000)]
  0x00000237d3afb000 JavaThread "Execution worker for ':' Thread 6" [_thread_blocked, id=8484, stack(0x00000054b2100000,0x00000054b2200000)]
  0x00000237d3afd800 JavaThread "Execution worker for ':' Thread 7" [_thread_blocked, id=2908, stack(0x00000054b2200000,0x00000054b2300000)]
  0x00000237d3afe000 JavaThread "Cache worker for execution history cache (C:\Users\HP\AndroidStudioProjects\fyp\.gradle\6.7.1\executionHistory)" [_thread_blocked, id=5248, stack(0x00000054b2300000,0x00000054b2400000)]

Other Threads:
  0x00000237ccba3800 VMThread "VM Thread" [stack: 0x00000054a8900000,0x00000054a8a00000] [id=4780]
  0x00000237cd698000 WatcherThread [stack: 0x00000054a9300000,0x00000054a9400000] [id=2892]
  0x00000237b0951800 GCTaskThread "GC Thread#0" [stack: 0x00000054a8400000,0x00000054a8500000] [id=12540]
  0x00000237cdeef000 GCTaskThread "GC Thread#1" [stack: 0x00000054a9500000,0x00000054a9600000] [id=7632]
  0x00000237cf6d7000 GCTaskThread "GC Thread#2" [stack: 0x00000054a9700000,0x00000054a9800000] [id=1244]
  0x00000237cf0de800 GCTaskThread "GC Thread#3" [stack: 0x00000054a9800000,0x00000054a9900000] [id=10672]
  0x00000237ce424800 GCTaskThread "GC Thread#4" [stack: 0x00000054aa300000,0x00000054aa400000] [id=12160]
  0x00000237cf946000 GCTaskThread "GC Thread#5" [stack: 0x00000054aa400000,0x00000054aa500000] [id=9144]
  0x00000237cf17d800 GCTaskThread "GC Thread#6" [stack: 0x00000054aa500000,0x00000054aa600000] [id=13052]
  0x00000237cf17e800 GCTaskThread "GC Thread#7" [stack: 0x00000054aa600000,0x00000054aa700000] [id=5668]
  0x00000237b0984000 ConcurrentGCThread "G1 Main Marker" [stack: 0x00000054a8500000,0x00000054a8600000] [id=11116]
  0x00000237b0986000 ConcurrentGCThread "G1 Conc#0" [stack: 0x00000054a8600000,0x00000054a8700000] [id=1500]
  0x00000237cf230000 ConcurrentGCThread "G1 Conc#1" [stack: 0x00000054aa900000,0x00000054aaa00000] [id=7608]
  0x00000237b09e2000 ConcurrentGCThread "G1 Refine#0" [stack: 0x00000054a8700000,0x00000054a8800000] [id=11260]
  0x00000237cded7800 ConcurrentGCThread "G1 Refine#1" [stack: 0x00000054a9d00000,0x00000054a9e00000] [id=2496]
  0x00000237cdaca800 ConcurrentGCThread "G1 Refine#2" [stack: 0x00000054a9e00000,0x00000054a9f00000] [id=8152]
  0x00000237d6bbf000 ConcurrentGCThread "G1 Refine#3" [stack: 0x00000054aa000000,0x00000054aa100000] [id=10400]
  0x00000237b09e3800 ConcurrentGCThread "G1 Young RemSet Sampling" [stack: 0x00000054a8800000,0x00000054a8900000] [id=1060]

Threads with active compile tasks:
C2 CompilerThread011006255 18839       4       com.google.common.collect.Interners$InternerImpl::intern (50 bytes)

VM state:not at safepoint (normal execution)

VM Mutex/Monitor currently owned by a thread: None

Heap address: 0x0000000080000000, size: 2048 MB, Compressed Oops mode: 32-bit
Narrow klass base: 0x0000000000000000, Narrow klass shift: 3
Compressed class space size: 1073741824 Address: 0x0000000100000000

Heap:
 garbage-first heap   total 241664K, used 107928K [0x0000000080000000, 0x0000000100000000)
  region size 1024K, 9 young (9216K), 3 survivors (3072K)
 Metaspace       used 118224K, capacity 120861K, committed 125440K, reserved 1159168K
  class space    used 14261K, capacity 15220K, committed 16128K, reserved 1048576K
Heap Regions: E=young(eden), S=young(survivor), O=old, HS=humongous(starts), HC=humongous(continues), CS=collection set, F=free, A=archive, TAMS=top-at-mark-start (previous, next)
|   0|0x0000000080000000, 0x0000000080100000, 0x0000000080100000|100%| O|  |TAMS 0x0000000080100000, 0x0000000080100000| Untracked 
|   1|0x0000000080100000, 0x0000000080200000, 0x0000000080200000|100%| O|  |TAMS 0x0000000080200000, 0x0000000080200000| Untracked 
|   2|0x0000000080200000, 0x0000000080300000, 0x0000000080300000|100%| O|  |TAMS 0x0000000080300000, 0x0000000080300000| Untracked 
|   3|0x0000000080300000, 0x0000000080400000, 0x0000000080400000|100%|HS|  |TAMS 0x0000000080400000, 0x0000000080400000| Complete 
|   4|0x0000000080400000, 0x0000000080500000, 0x0000000080500000|100%|HC|  |TAMS 0x0000000080500000, 0x0000000080500000| Complete 
|   5|0x0000000080500000, 0x0000000080600000, 0x0000000080600000|100%|HC|  |TAMS 0x0000000080600000, 0x0000000080600000| Complete 
|   6|0x0000000080600000, 0x0000000080700000, 0x0000000080700000|100%| O|  |TAMS 0x0000000080700000, 0x0000000080700000| Untracked 
|   7|0x0000000080700000, 0x0000000080800000, 0x0000000080800000|100%| O|  |TAMS 0x0000000080800000, 0x0000000080800000| Untracked 
|   8|0x0000000080800000, 0x0000000080900000, 0x0000000080900000|100%| O|  |TAMS 0x0000000080900000, 0x0000000080900000| Untracked 
|   9|0x0000000080900000, 0x0000000080a00000, 0x0000000080a00000|100%| O|  |TAMS 0x0000000080a00000, 0x0000000080a00000| Untracked 
|  10|0x0000000080a00000, 0x0000000080b00000, 0x0000000080b00000|100%| O|  |TAMS 0x0000000080b00000, 0x0000000080b00000| Untracked 
|  11|0x0000000080b00000, 0x0000000080c00000, 0x0000000080c00000|100%| O|  |TAMS 0x0000000080c00000, 0x0000000080c00000| Untracked 
|  12|0x0000000080c00000, 0x0000000080d00000, 0x0000000080d00000|100%| O|  |TAMS 0x0000000080d00000, 0x0000000080d00000| Untracked 
|  13|0x0000000080d00000, 0x0000000080e00000, 0x0000000080e00000|100%| O|  |TAMS 0x0000000080e00000, 0x0000000080e00000| Untracked 
|  14|0x0000000080e00000, 0x0000000080f00000, 0x0000000080f00000|100%| O|  |TAMS 0x0000000080f00000, 0x0000000080f00000| Untracked 
|  15|0x0000000080f00000, 0x0000000081000000, 0x0000000081000000|100%| O|  |TAMS 0x0000000081000000, 0x0000000081000000| Untracked 
|  16|0x0000000081000000, 0x0000000081100000, 0x0000000081100000|100%| O|  |TAMS 0x0000000081100000, 0x0000000081100000| Untracked 
|  17|0x0000000081100000, 0x0000000081200000, 0x0000000081200000|100%| O|  |TAMS 0x0000000081200000, 0x0000000081200000| Untracked 
|  18|0x0000000081200000, 0x0000000081300000, 0x0000000081300000|100%| O|  |TAMS 0x0000000081300000, 0x0000000081300000| Untracked 
|  19|0x0000000081300000, 0x0000000081400000, 0x0000000081400000|100%| O|  |TAMS 0x0000000081400000, 0x0000000081400000| Untracked 
|  20|0x0000000081400000, 0x0000000081500000, 0x0000000081500000|100%| O|  |TAMS 0x0000000081500000, 0x0000000081500000| Untracked 
|  21|0x0000000081500000, 0x0000000081600000, 0x0000000081600000|100%| O|  |TAMS 0x0000000081600000, 0x0000000081600000| Untracked 
|  22|0x0000000081600000, 0x0000000081700000, 0x0000000081700000|100%| O|  |TAMS 0x0000000081700000, 0x0000000081700000| Untracked 
|  23|0x0000000081700000, 0x0000000081800000, 0x0000000081800000|100%| O|  |TAMS 0x0000000081800000, 0x0000000081800000| Untracked 
|  24|0x0000000081800000, 0x0000000081900000, 0x0000000081900000|100%| O|  |TAMS 0x0000000081900000, 0x0000000081900000| Untracked 
|  25|0x0000000081900000, 0x0000000081a00000, 0x0000000081a00000|100%|HS|  |TAMS 0x0000000081a00000, 0x0000000081a00000| Complete 
|  26|0x0000000081a00000, 0x0000000081b00000, 0x0000000081b00000|100%|HS|  |TAMS 0x0000000081b00000, 0x0000000081b00000| Complete 
|  27|0x0000000081b00000, 0x0000000081c00000, 0x0000000081c00000|100%|HC|  |TAMS 0x0000000081c00000, 0x0000000081c00000| Complete 
|  28|0x0000000081c00000, 0x0000000081d00000, 0x0000000081d00000|100%| O|  |TAMS 0x0000000081d00000, 0x0000000081d00000| Untracked 
|  29|0x0000000081d00000, 0x0000000081e00000, 0x0000000081e00000|100%| O|  |TAMS 0x0000000081e00000, 0x0000000081e00000| Untracked 
|  30|0x0000000081e00000, 0x0000000081f00000, 0x0000000081f00000|100%| O|  |TAMS 0x0000000081f00000, 0x0000000081f00000| Untracked 
|  31|0x0000000081f00000, 0x0000000082000000, 0x0000000082000000|100%| O|  |TAMS 0x0000000081f00000, 0x0000000082000000| Untracked 
|  32|0x0000000082000000, 0x0000000082100000, 0x0000000082100000|100%| O|  |TAMS 0x0000000082100000, 0x0000000082100000| Untracked 
|  33|0x0000000082100000, 0x0000000082200000, 0x0000000082200000|100%| O|  |TAMS 0x0000000082200000, 0x0000000082200000| Untracked 
|  34|0x0000000082200000, 0x0000000082300000, 0x0000000082300000|100%| O|  |TAMS 0x0000000082300000, 0x0000000082300000| Untracked 
|  35|0x0000000082300000, 0x0000000082400000, 0x0000000082400000|100%| O|  |TAMS 0x0000000082400000, 0x0000000082400000| Untracked 
|  36|0x0000000082400000, 0x0000000082500000, 0x0000000082500000|100%| O|  |TAMS 0x0000000082500000, 0x0000000082500000| Untracked 
|  37|0x0000000082500000, 0x0000000082600000, 0x0000000082600000|100%| O|  |TAMS 0x0000000082600000, 0x0000000082600000| Untracked 
|  38|0x0000000082600000, 0x0000000082700000, 0x0000000082700000|100%| O|  |TAMS 0x0000000082700000, 0x0000000082700000| Untracked 
|  39|0x0000000082700000, 0x0000000082800000, 0x0000000082800000|100%| O|  |TAMS 0x0000000082700000, 0x0000000082800000| Untracked 
|  40|0x0000000082800000, 0x0000000082900000, 0x0000000082900000|100%| O|  |TAMS 0x0000000082800000, 0x0000000082900000| Untracked 
|  41|0x0000000082900000, 0x0000000082a00000, 0x0000000082a00000|100%| O|  |TAMS 0x0000000082900000, 0x0000000082a00000| Untracked 
|  42|0x0000000082a00000, 0x0000000082b00000, 0x0000000082b00000|100%| O|  |TAMS 0x0000000082b00000, 0x0000000082b00000| Untracked 
|  43|0x0000000082b00000, 0x0000000082c00000, 0x0000000082c00000|100%| O|  |TAMS 0x0000000082b00000, 0x0000000082c00000| Untracked 
|  44|0x0000000082c00000, 0x0000000082d00000, 0x0000000082d00000|100%| O|  |TAMS 0x0000000082d00000, 0x0000000082d00000| Untracked 
|  45|0x0000000082d00000, 0x0000000082e00000, 0x0000000082e00000|100%| O|  |TAMS 0x0000000082e00000, 0x0000000082e00000| Untracked 
|  46|0x0000000082e00000, 0x0000000082f00000, 0x0000000082f00000|100%| O|  |TAMS 0x0000000082e00000, 0x0000000082f00000| Untracked 
|  47|0x0000000082f00000, 0x0000000083000000, 0x0000000083000000|100%| O|  |TAMS 0x0000000082f00000, 0x0000000083000000| Untracked 
|  48|0x0000000083000000, 0x000000008303c000, 0x0000000083100000| 23%| O|  |TAMS 0x0000000083000000, 0x000000008303c000| Untracked 
|  49|0x0000000083100000, 0x0000000083200000, 0x0000000083200000|100%| O|  |TAMS 0x0000000083100000, 0x0000000083200000| Untracked 
|  50|0x0000000083200000, 0x0000000083300000, 0x0000000083300000|100%| O|  |TAMS 0x0000000083200000, 0x0000000083300000| Untracked 
|  51|0x0000000083300000, 0x0000000083400000, 0x0000000083400000|100%| O|  |TAMS 0x0000000083300000, 0x0000000083400000| Untracked 
|  52|0x0000000083400000, 0x0000000083500000, 0x0000000083500000|100%| O|  |TAMS 0x0000000083400000, 0x0000000083500000| Untracked 
|  53|0x0000000083500000, 0x0000000083600000, 0x0000000083600000|100%| O|  |TAMS 0x0000000083600000, 0x0000000083600000| Untracked 
|  54|0x0000000083600000, 0x0000000083600000, 0x0000000083700000|  0%| F|  |TAMS 0x0000000083600000, 0x0000000083600000| Untracked 
|  55|0x0000000083700000, 0x0000000083700000, 0x0000000083800000|  0%| F|  |TAMS 0x0000000083700000, 0x0000000083700000| Untracked 
|  56|0x0000000083800000, 0x0000000083900000, 0x0000000083900000|100%| O|  |TAMS 0x0000000083900000, 0x0000000083900000| Untracked 
|  57|0x0000000083900000, 0x0000000083a00000, 0x0000000083a00000|100%| O|  |TAMS 0x0000000083900000, 0x0000000083a00000| Untracked 
|  58|0x0000000083a00000, 0x0000000083a00000, 0x0000000083b00000|  0%| F|  |TAMS 0x0000000083a00000, 0x0000000083a00000| Untracked 
|  59|0x0000000083b00000, 0x0000000083c00000, 0x0000000083c00000|100%| O|  |TAMS 0x0000000083b00000, 0x0000000083c00000| Untracked 
|  60|0x0000000083c00000, 0x0000000083d00000, 0x0000000083d00000|100%| O|  |TAMS 0x0000000083d00000, 0x0000000083d00000| Untracked 
|  61|0x0000000083d00000, 0x0000000083e00000, 0x0000000083e00000|100%|HS|  |TAMS 0x0000000083e00000, 0x0000000083e00000| Complete 
|  62|0x0000000083e00000, 0x0000000083f00000, 0x0000000083f00000|100%|HC|  |TAMS 0x0000000083f00000, 0x0000000083f00000| Complete 
|  63|0x0000000083f00000, 0x0000000084000000, 0x0000000084000000|100%|HC|  |TAMS 0x0000000084000000, 0x0000000084000000| Complete 
|  64|0x0000000084000000, 0x0000000084100000, 0x0000000084100000|100%|HC|  |TAMS 0x0000000084100000, 0x0000000084100000| Complete 
|  65|0x0000000084100000, 0x0000000084200000, 0x0000000084200000|100%|HS|  |TAMS 0x0000000084200000, 0x0000000084200000| Complete 
|  66|0x0000000084200000, 0x0000000084300000, 0x0000000084300000|100%|HC|  |TAMS 0x0000000084300000, 0x0000000084300000| Complete 
|  67|0x0000000084300000, 0x0000000084400000, 0x0000000084400000|100%|HC|  |TAMS 0x0000000084400000, 0x0000000084400000| Complete 
|  68|0x0000000084400000, 0x0000000084500000, 0x0000000084500000|100%| O|  |TAMS 0x0000000084500000, 0x0000000084500000| Untracked 
|  69|0x0000000084500000, 0x0000000084500000, 0x0000000084600000|  0%| F|  |TAMS 0x0000000084500000, 0x0000000084500000| Untracked 
|  70|0x0000000084600000, 0x0000000084700000, 0x0000000084700000|100%| O|  |TAMS 0x0000000084600000, 0x0000000084700000| Untracked 
|  71|0x0000000084700000, 0x0000000084800000, 0x0000000084800000|100%| O|  |TAMS 0x0000000084800000, 0x0000000084800000| Untracked 
|  72|0x0000000084800000, 0x0000000084900000, 0x0000000084900000|100%| O|  |TAMS 0x0000000084800000, 0x0000000084900000| Untracked 
|  73|0x0000000084900000, 0x0000000084a00000, 0x0000000084a00000|100%| O|  |TAMS 0x0000000084900000, 0x0000000084a00000| Untracked 
|  74|0x0000000084a00000, 0x0000000084a00000, 0x0000000084b00000|  0%| F|  |TAMS 0x0000000084a00000, 0x0000000084a00000| Untracked 
|  75|0x0000000084b00000, 0x0000000084c00000, 0x0000000084c00000|100%| O|  |TAMS 0x0000000084c00000, 0x0000000084c00000| Untracked 
|  76|0x0000000084c00000, 0x0000000084d00000, 0x0000000084d00000|100%| O|  |TAMS 0x0000000084c00000, 0x0000000084d00000| Untracked 
|  77|0x0000000084d00000, 0x0000000084e00000, 0x0000000084e00000|100%| O|  |TAMS 0x0000000084e00000, 0x0000000084e00000| Untracked 
|  78|0x0000000084e00000, 0x0000000084f00000, 0x0000000084f00000|100%| O|  |TAMS 0x0000000084f00000, 0x0000000084f00000| Untracked 
|  79|0x0000000084f00000, 0x0000000085000000, 0x0000000085000000|100%| O|  |TAMS 0x0000000085000000, 0x0000000085000000| Untracked 
|  80|0x0000000085000000, 0x0000000085100000, 0x0000000085100000|100%| O|  |TAMS 0x0000000085100000, 0x0000000085100000| Untracked 
|  81|0x0000000085100000, 0x0000000085200000, 0x0000000085200000|100%| O|  |TAMS 0x0000000085200000, 0x0000000085200000| Untracked 
|  82|0x0000000085200000, 0x0000000085300000, 0x0000000085300000|100%| O|  |TAMS 0x0000000085300000, 0x0000000085300000| Untracked 
|  83|0x0000000085300000, 0x0000000085400000, 0x0000000085400000|100%|HS|  |TAMS 0x0000000085400000, 0x0000000085400000| Complete 
|  84|0x0000000085400000, 0x0000000085500000, 0x0000000085500000|100%|HC|  |TAMS 0x0000000085500000, 0x0000000085500000| Complete 
|  85|0x0000000085500000, 0x0000000085600000, 0x0000000085600000|100%|HS|  |TAMS 0x0000000085600000, 0x0000000085600000| Complete 
|  86|0x0000000085600000, 0x0000000085700000, 0x0000000085700000|100%|HC|  |TAMS 0x0000000085700000, 0x0000000085700000| Complete 
|  87|0x0000000085700000, 0x0000000085800000, 0x0000000085800000|100%|HC|  |TAMS 0x0000000085800000, 0x0000000085800000| Complete 
|  88|0x0000000085800000, 0x0000000085900000, 0x0000000085900000|100%|HS|  |TAMS 0x0000000085900000, 0x0000000085900000| Complete 
|  89|0x0000000085900000, 0x0000000085a00000, 0x0000000085a00000|100%|HC|  |TAMS 0x0000000085a00000, 0x0000000085a00000| Complete 
|  90|0x0000000085a00000, 0x0000000085b00000, 0x0000000085b00000|100%|HC|  |TAMS 0x0000000085b00000, 0x0000000085b00000| Complete 
|  91|0x0000000085b00000, 0x0000000085c00000, 0x0000000085c00000|100%|HC|  |TAMS 0x0000000085c00000, 0x0000000085c00000| Complete 
|  92|0x0000000085c00000, 0x0000000085d00000, 0x0000000085d00000|100%| O|  |TAMS 0x0000000085c00000, 0x0000000085d00000| Untracked 
|  93|0x0000000085d00000, 0x0000000085e00000, 0x0000000085e00000|100%| O|  |TAMS 0x0000000085e00000, 0x0000000085e00000| Untracked 
|  94|0x0000000085e00000, 0x0000000085f00000, 0x0000000085f00000|100%| O|  |TAMS 0x0000000085f00000, 0x0000000085f00000| Untracked 
|  95|0x0000000085f00000, 0x0000000086000000, 0x0000000086000000|100%| O|  |TAMS 0x0000000086000000, 0x0000000086000000| Untracked 
|  96|0x0000000086000000, 0x0000000086100000, 0x0000000086100000|100%| O|  |TAMS 0x0000000086100000, 0x0000000086100000| Untracked 
|  97|0x0000000086100000, 0x0000000086200000, 0x0000000086200000|100%| O|  |TAMS 0x0000000086200000, 0x0000000086200000| Untracked 
|  98|0x0000000086200000, 0x0000000086300000, 0x0000000086300000|100%| O|  |TAMS 0x000000008627da00, 0x0000000086300000| Untracked 
|  99|0x0000000086300000, 0x0000000086400000, 0x0000000086400000|100%| O|  |TAMS 0x0000000086300000, 0x0000000086400000| Untracked 
| 100|0x0000000086400000, 0x0000000086400000, 0x0000000086500000|  0%| F|  |TAMS 0x0000000086400000, 0x0000000086400000| Untracked 
| 101|0x0000000086500000, 0x0000000086500000, 0x0000000086600000|  0%| F|  |TAMS 0x0000000086500000, 0x0000000086500000| Untracked 
| 102|0x0000000086600000, 0x0000000086600000, 0x0000000086700000|  0%| F|  |TAMS 0x0000000086600000, 0x0000000086600000| Untracked 
| 103|0x0000000086700000, 0x0000000086700000, 0x0000000086800000|  0%| F|  |TAMS 0x0000000086700000, 0x0000000086700000| Untracked 
| 104|0x0000000086800000, 0x0000000086800000, 0x0000000086900000|  0%| F|  |TAMS 0x0000000086800000, 0x0000000086800000| Untracked 
| 105|0x0000000086900000, 0x0000000086900000, 0x0000000086a00000|  0%| F|  |TAMS 0x0000000086900000, 0x0000000086900000| Untracked 
| 106|0x0000000086a00000, 0x0000000086b00000, 0x0000000086b00000|100%| O|  |TAMS 0x0000000086a00000, 0x0000000086b00000| Untracked 
| 107|0x0000000086b00000, 0x0000000086b00000, 0x0000000086c00000|  0%| F|  |TAMS 0x0000000086b00000, 0x0000000086b00000| Untracked 
| 108|0x0000000086c00000, 0x0000000086c00000, 0x0000000086d00000|  0%| F|  |TAMS 0x0000000086c00000, 0x0000000086c00000| Untracked 
| 109|0x0000000086d00000, 0x0000000086d00000, 0x0000000086e00000|  0%| F|  |TAMS 0x0000000086d00000, 0x0000000086d00000| Untracked 
| 110|0x0000000086e00000, 0x0000000086f00000, 0x0000000086f00000|100%| O|  |TAMS 0x0000000086e00000, 0x0000000086f00000| Untracked 
| 111|0x0000000086f00000, 0x0000000087000000, 0x0000000087000000|100%| O|  |TAMS 0x0000000086f00000, 0x0000000087000000| Untracked 
| 112|0x0000000087000000, 0x0000000087000000, 0x0000000087100000|  0%| F|  |TAMS 0x0000000087000000, 0x0000000087000000| Untracked 
| 113|0x0000000087100000, 0x0000000087100000, 0x0000000087200000|  0%| F|  |TAMS 0x0000000087100000, 0x0000000087100000| Untracked 
| 114|0x0000000087200000, 0x0000000087200000, 0x0000000087300000|  0%| F|  |TAMS 0x0000000087200000, 0x0000000087200000| Untracked 
| 115|0x0000000087300000, 0x0000000087300000, 0x0000000087400000|  0%| F|  |TAMS 0x0000000087300000, 0x0000000087300000| Untracked 
| 116|0x0000000087400000, 0x0000000087400000, 0x0000000087500000|  0%| F|  |TAMS 0x0000000087400000, 0x0000000087400000| Untracked 
| 117|0x0000000087500000, 0x0000000087500000, 0x0000000087600000|  0%| F|  |TAMS 0x0000000087500000, 0x0000000087500000| Untracked 
| 118|0x0000000087600000, 0x0000000087600000, 0x0000000087700000|  0%| F|  |TAMS 0x0000000087600000, 0x0000000087600000| Untracked 
| 119|0x0000000087700000, 0x0000000087700000, 0x0000000087800000|  0%| F|  |TAMS 0x0000000087700000, 0x0000000087700000| Untracked 
| 120|0x0000000087800000, 0x0000000087800000, 0x0000000087900000|  0%| F|  |TAMS 0x0000000087800000, 0x0000000087800000| Untracked 
| 121|0x0000000087900000, 0x0000000087900000, 0x0000000087a00000|  0%| F|  |TAMS 0x0000000087900000, 0x0000000087900000| Untracked 
| 122|0x0000000087a00000, 0x0000000087b00000, 0x0000000087b00000|100%| O|  |TAMS 0x0000000087b00000, 0x0000000087b00000| Untracked 
| 123|0x0000000087b00000, 0x0000000087b00000, 0x0000000087c00000|  0%| F|  |TAMS 0x0000000087b00000, 0x0000000087b00000| Untracked 
| 124|0x0000000087c00000, 0x0000000087c00000, 0x0000000087d00000|  0%| F|  |TAMS 0x0000000087c00000, 0x0000000087c00000| Untracked 
| 125|0x0000000087d00000, 0x0000000087d00000, 0x0000000087e00000|  0%| F|  |TAMS 0x0000000087d00000, 0x0000000087d00000| Untracked 
| 126|0x0000000087e00000, 0x0000000087e00000, 0x0000000087f00000|  0%| F|  |TAMS 0x0000000087e00000, 0x0000000087e00000| Untracked 
| 127|0x0000000087f00000, 0x0000000087f00000, 0x0000000088000000|  0%| F|  |TAMS 0x0000000087f00000, 0x0000000087f00000| Untracked 
| 128|0x0000000088000000, 0x0000000088000000, 0x0000000088100000|  0%| F|  |TAMS 0x0000000088000000, 0x0000000088000000| Untracked 
| 129|0x0000000088100000, 0x0000000088100000, 0x0000000088200000|  0%| F|  |TAMS 0x0000000088100000, 0x0000000088100000| Untracked 
| 130|0x0000000088200000, 0x0000000088200000, 0x0000000088300000|  0%| F|  |TAMS 0x0000000088200000, 0x0000000088200000| Untracked 
| 131|0x0000000088300000, 0x0000000088300000, 0x0000000088400000|  0%| F|  |TAMS 0x0000000088300000, 0x0000000088300000| Untracked 
| 132|0x0000000088400000, 0x0000000088400000, 0x0000000088500000|  0%| F|  |TAMS 0x0000000088400000, 0x0000000088400000| Untracked 
| 133|0x0000000088500000, 0x0000000088500000, 0x0000000088600000|  0%| F|  |TAMS 0x0000000088500000, 0x0000000088500000| Untracked 
| 134|0x0000000088600000, 0x0000000088600000, 0x0000000088700000|  0%| F|  |TAMS 0x0000000088600000, 0x0000000088600000| Untracked 
| 135|0x0000000088700000, 0x0000000088700000, 0x0000000088800000|  0%| F|  |TAMS 0x0000000088700000, 0x0000000088700000| Untracked 
| 136|0x0000000088800000, 0x0000000088800000, 0x0000000088900000|  0%| F|  |TAMS 0x0000000088800000, 0x0000000088800000| Untracked 
| 137|0x0000000088900000, 0x0000000088900000, 0x0000000088a00000|  0%| F|  |TAMS 0x0000000088900000, 0x0000000088900000| Untracked 
| 138|0x0000000088a00000, 0x0000000088a00000, 0x0000000088b00000|  0%| F|  |TAMS 0x0000000088a00000, 0x0000000088a00000| Untracked 
| 139|0x0000000088b00000, 0x0000000088b00000, 0x0000000088c00000|  0%| F|  |TAMS 0x0000000088b00000, 0x0000000088b00000| Untracked 
| 140|0x0000000088c00000, 0x0000000088c00000, 0x0000000088d00000|  0%| F|  |TAMS 0x0000000088c00000, 0x0000000088c00000| Untracked 
| 141|0x0000000088d00000, 0x0000000088d00000, 0x0000000088e00000|  0%| F|  |TAMS 0x0000000088d00000, 0x0000000088d00000| Untracked 
| 142|0x0000000088e00000, 0x0000000088e00000, 0x0000000088f00000|  0%| F|  |TAMS 0x0000000088e00000, 0x0000000088e00000| Untracked 
| 143|0x0000000088f00000, 0x0000000088f00000, 0x0000000089000000|  0%| F|  |TAMS 0x0000000088f00000, 0x0000000088f00000| Untracked 
| 144|0x0000000089000000, 0x0000000089000000, 0x0000000089100000|  0%| F|  |TAMS 0x0000000089000000, 0x0000000089000000| Untracked 
| 145|0x0000000089100000, 0x0000000089100000, 0x0000000089200000|  0%| F|  |TAMS 0x0000000089100000, 0x0000000089100000| Untracked 
| 146|0x0000000089200000, 0x0000000089200000, 0x0000000089300000|  0%| F|  |TAMS 0x0000000089200000, 0x0000000089200000| Untracked 
| 147|0x0000000089300000, 0x0000000089300000, 0x0000000089400000|  0%| F|  |TAMS 0x0000000089300000, 0x0000000089300000| Untracked 
| 148|0x0000000089400000, 0x0000000089400000, 0x0000000089500000|  0%| F|  |TAMS 0x0000000089400000, 0x0000000089400000| Untracked 
| 149|0x0000000089500000, 0x0000000089500000, 0x0000000089600000|  0%| F|  |TAMS 0x0000000089500000, 0x0000000089500000| Untracked 
| 150|0x0000000089600000, 0x0000000089600000, 0x0000000089700000|  0%| F|  |TAMS 0x0000000089600000, 0x0000000089600000| Untracked 
| 151|0x0000000089700000, 0x0000000089700000, 0x0000000089800000|  0%| F|  |TAMS 0x0000000089700000, 0x0000000089700000| Untracked 
| 152|0x0000000089800000, 0x0000000089800000, 0x0000000089900000|  0%| F|  |TAMS 0x0000000089800000, 0x0000000089800000| Untracked 
| 153|0x0000000089900000, 0x0000000089900000, 0x0000000089a00000|  0%| F|  |TAMS 0x0000000089900000, 0x0000000089900000| Untracked 
| 154|0x0000000089a00000, 0x0000000089a00000, 0x0000000089b00000|  0%| F|  |TAMS 0x0000000089a00000, 0x0000000089a00000| Untracked 
| 155|0x0000000089b00000, 0x0000000089b00000, 0x0000000089c00000|  0%| F|  |TAMS 0x0000000089b00000, 0x0000000089b00000| Untracked 
| 156|0x0000000089c00000, 0x0000000089c00000, 0x0000000089d00000|  0%| F|  |TAMS 0x0000000089c00000, 0x0000000089c00000| Untracked 
| 157|0x0000000089d00000, 0x0000000089d00000, 0x0000000089e00000|  0%| F|  |TAMS 0x0000000089d00000, 0x0000000089d00000| Untracked 
| 158|0x0000000089e00000, 0x0000000089e00000, 0x0000000089f00000|  0%| F|  |TAMS 0x0000000089e00000, 0x0000000089e00000| Untracked 
| 159|0x0000000089f00000, 0x0000000089f00000, 0x000000008a000000|  0%| F|  |TAMS 0x0000000089f00000, 0x0000000089f00000| Untracked 
| 160|0x000000008a000000, 0x000000008a000000, 0x000000008a100000|  0%| F|  |TAMS 0x000000008a000000, 0x000000008a000000| Untracked 
| 161|0x000000008a100000, 0x000000008a100000, 0x000000008a200000|  0%| F|  |TAMS 0x000000008a100000, 0x000000008a100000| Untracked 
| 162|0x000000008a200000, 0x000000008a200000, 0x000000008a300000|  0%| F|  |TAMS 0x000000008a200000, 0x000000008a200000| Untracked 
| 163|0x000000008a300000, 0x000000008a300000, 0x000000008a400000|  0%| F|  |TAMS 0x000000008a300000, 0x000000008a300000| Untracked 
| 164|0x000000008a400000, 0x000000008a400000, 0x000000008a500000|  0%| F|  |TAMS 0x000000008a400000, 0x000000008a400000| Untracked 
| 165|0x000000008a500000, 0x000000008a500000, 0x000000008a600000|  0%| F|  |TAMS 0x000000008a500000, 0x000000008a500000| Untracked 
| 166|0x000000008a600000, 0x000000008a600000, 0x000000008a700000|  0%| F|  |TAMS 0x000000008a600000, 0x000000008a600000| Untracked 
| 167|0x000000008a700000, 0x000000008a700000, 0x000000008a800000|  0%| F|  |TAMS 0x000000008a700000, 0x000000008a700000| Untracked 
| 168|0x000000008a800000, 0x000000008a800000, 0x000000008a900000|  0%| F|  |TAMS 0x000000008a800000, 0x000000008a800000| Untracked 
| 169|0x000000008a900000, 0x000000008a900000, 0x000000008aa00000|  0%| F|  |TAMS 0x000000008a900000, 0x000000008a900000| Untracked 
| 170|0x000000008aa00000, 0x000000008aa00000, 0x000000008ab00000|  0%| F|  |TAMS 0x000000008aa00000, 0x000000008aa00000| Untracked 
| 171|0x000000008ab00000, 0x000000008ab00000, 0x000000008ac00000|  0%| F|  |TAMS 0x000000008ab00000, 0x000000008ab00000| Untracked 
| 172|0x000000008ac00000, 0x000000008ac00000, 0x000000008ad00000|  0%| F|  |TAMS 0x000000008ac00000, 0x000000008ac00000| Untracked 
| 173|0x000000008ad00000, 0x000000008ad00000, 0x000000008ae00000|  0%| F|  |TAMS 0x000000008ad00000, 0x000000008ad00000| Untracked 
| 174|0x000000008ae00000, 0x000000008ae00000, 0x000000008af00000|  0%| F|  |TAMS 0x000000008ae00000, 0x000000008ae00000| Untracked 
| 175|0x000000008af00000, 0x000000008af00000, 0x000000008b000000|  0%| F|  |TAMS 0x000000008af00000, 0x000000008af00000| Untracked 
| 176|0x000000008b000000, 0x000000008b000000, 0x000000008b100000|  0%| F|  |TAMS 0x000000008b000000, 0x000000008b000000| Untracked 
| 177|0x000000008b100000, 0x000000008b100000, 0x000000008b200000|  0%| F|  |TAMS 0x000000008b100000, 0x000000008b100000| Untracked 
| 178|0x000000008b200000, 0x000000008b200000, 0x000000008b300000|  0%| F|  |TAMS 0x000000008b200000, 0x000000008b200000| Untracked 
| 179|0x000000008b300000, 0x000000008b300000, 0x000000008b400000|  0%| F|  |TAMS 0x000000008b300000, 0x000000008b300000| Untracked 
| 180|0x000000008b400000, 0x000000008b400000, 0x000000008b500000|  0%| F|  |TAMS 0x000000008b400000, 0x000000008b400000| Untracked 
| 181|0x000000008b500000, 0x000000008b500000, 0x000000008b600000|  0%| F|  |TAMS 0x000000008b500000, 0x000000008b500000| Untracked 
| 182|0x000000008b600000, 0x000000008b600000, 0x000000008b700000|  0%| F|  |TAMS 0x000000008b600000, 0x000000008b600000| Untracked 
| 183|0x000000008b700000, 0x000000008b700000, 0x000000008b800000|  0%| F|  |TAMS 0x000000008b700000, 0x000000008b700000| Untracked 
| 184|0x000000008b800000, 0x000000008b800000, 0x000000008b900000|  0%| F|  |TAMS 0x000000008b800000, 0x000000008b800000| Untracked 
| 185|0x000000008b900000, 0x000000008b900000, 0x000000008ba00000|  0%| F|  |TAMS 0x000000008b900000, 0x000000008b900000| Untracked 
| 186|0x000000008ba00000, 0x000000008ba00000, 0x000000008bb00000|  0%| F|  |TAMS 0x000000008ba00000, 0x000000008ba00000| Untracked 
| 187|0x000000008bb00000, 0x000000008bb00000, 0x000000008bc00000|  0%| F|  |TAMS 0x000000008bb00000, 0x000000008bb00000| Untracked 
| 188|0x000000008bc00000, 0x000000008bc00000, 0x000000008bd00000|  0%| F|  |TAMS 0x000000008bc00000, 0x000000008bc00000| Untracked 
| 189|0x000000008bd00000, 0x000000008bd00000, 0x000000008be00000|  0%| F|  |TAMS 0x000000008bd00000, 0x000000008bd00000| Untracked 
| 190|0x000000008be00000, 0x000000008be00000, 0x000000008bf00000|  0%| F|  |TAMS 0x000000008be00000, 0x000000008be00000| Untracked 
| 191|0x000000008bf00000, 0x000000008bf00000, 0x000000008c000000|  0%| F|  |TAMS 0x000000008bf00000, 0x000000008bf00000| Untracked 
| 192|0x000000008c000000, 0x000000008c000000, 0x000000008c100000|  0%| F|  |TAMS 0x000000008c000000, 0x000000008c000000| Untracked 
| 193|0x000000008c100000, 0x000000008c100000, 0x000000008c200000|  0%| F|  |TAMS 0x000000008c100000, 0x000000008c100000| Untracked 
| 194|0x000000008c200000, 0x000000008c200000, 0x000000008c300000|  0%| F|  |TAMS 0x000000008c200000, 0x000000008c200000| Untracked 
| 195|0x000000008c300000, 0x000000008c300000, 0x000000008c400000|  0%| F|  |TAMS 0x000000008c300000, 0x000000008c300000| Untracked 
| 196|0x000000008c400000, 0x000000008c400000, 0x000000008c500000|  0%| F|  |TAMS 0x000000008c400000, 0x000000008c400000| Untracked 
| 197|0x000000008c500000, 0x000000008c500000, 0x000000008c600000|  0%| F|  |TAMS 0x000000008c500000, 0x000000008c500000| Untracked 
| 198|0x000000008c600000, 0x000000008c600000, 0x000000008c700000|  0%| F|  |TAMS 0x000000008c600000, 0x000000008c600000| Untracked 
| 199|0x000000008c700000, 0x000000008c700000, 0x000000008c800000|  0%| F|  |TAMS 0x000000008c700000, 0x000000008c700000| Untracked 
| 200|0x000000008c800000, 0x000000008c800000, 0x000000008c900000|  0%| F|  |TAMS 0x000000008c800000, 0x000000008c800000| Untracked 
| 201|0x000000008c900000, 0x000000008c900000, 0x000000008ca00000|  0%| F|  |TAMS 0x000000008c900000, 0x000000008c900000| Untracked 
| 202|0x000000008ca00000, 0x000000008ca00000, 0x000000008cb00000|  0%| F|  |TAMS 0x000000008ca00000, 0x000000008ca00000| Untracked 
| 203|0x000000008cb00000, 0x000000008cb00000, 0x000000008cc00000|  0%| F|  |TAMS 0x000000008cb00000, 0x000000008cb00000| Untracked 
| 204|0x000000008cc00000, 0x000000008cc00000, 0x000000008cd00000|  0%| F|  |TAMS 0x000000008cc00000, 0x000000008cc00000| Untracked 
| 205|0x000000008cd00000, 0x000000008cd00000, 0x000000008ce00000|  0%| F|  |TAMS 0x000000008cd00000, 0x000000008cd00000| Untracked 
| 206|0x000000008ce00000, 0x000000008ce00000, 0x000000008cf00000|  0%| F|  |TAMS 0x000000008ce00000, 0x000000008ce00000| Untracked 
| 207|0x000000008cf00000, 0x000000008cf00000, 0x000000008d000000|  0%| F|  |TAMS 0x000000008cf00000, 0x000000008cf00000| Untracked 
| 208|0x000000008d000000, 0x000000008d000000, 0x000000008d100000|  0%| F|  |TAMS 0x000000008d000000, 0x000000008d000000| Untracked 
| 209|0x000000008d100000, 0x000000008d100000, 0x000000008d200000|  0%| F|  |TAMS 0x000000008d100000, 0x000000008d100000| Untracked 
| 210|0x000000008d200000, 0x000000008d200000, 0x000000008d300000|  0%| F|  |TAMS 0x000000008d200000, 0x000000008d200000| Untracked 
| 211|0x000000008d300000, 0x000000008d300000, 0x000000008d400000|  0%| F|  |TAMS 0x000000008d300000, 0x000000008d300000| Untracked 
| 212|0x000000008d400000, 0x000000008d400000, 0x000000008d500000|  0%| F|  |TAMS 0x000000008d400000, 0x000000008d400000| Untracked 
| 213|0x000000008d500000, 0x000000008d500000, 0x000000008d600000|  0%| F|  |TAMS 0x000000008d500000, 0x000000008d500000| Untracked 
| 214|0x000000008d600000, 0x000000008d62a100, 0x000000008d700000| 16%| S|CS|TAMS 0x000000008d600000, 0x000000008d600000| Complete 
| 215|0x000000008d700000, 0x000000008d800000, 0x000000008d800000|100%| S|CS|TAMS 0x000000008d700000, 0x000000008d700000| Complete 
| 216|0x000000008d800000, 0x000000008d900000, 0x000000008d900000|100%| S|CS|TAMS 0x000000008d800000, 0x000000008d800000| Complete 
| 217|0x000000008d900000, 0x000000008d900000, 0x000000008da00000|  0%| F|  |TAMS 0x000000008d900000, 0x000000008d900000| Untracked 
| 218|0x000000008da00000, 0x000000008da00000, 0x000000008db00000|  0%| F|  |TAMS 0x000000008da00000, 0x000000008da00000| Untracked 
| 219|0x000000008db00000, 0x000000008db00000, 0x000000008dc00000|  0%| F|  |TAMS 0x000000008db00000, 0x000000008db00000| Untracked 
| 220|0x000000008dc00000, 0x000000008dc00000, 0x000000008dd00000|  0%| F|  |TAMS 0x000000008dc00000, 0x000000008dc00000| Untracked 
| 221|0x000000008dd00000, 0x000000008dd00000, 0x000000008de00000|  0%| F|  |TAMS 0x000000008dd00000, 0x000000008dd00000| Untracked 
| 222|0x000000008de00000, 0x000000008de00000, 0x000000008df00000|  0%| F|  |TAMS 0x000000008de00000, 0x000000008de00000| Untracked 
| 223|0x000000008df00000, 0x000000008df00000, 0x000000008e000000|  0%| F|  |TAMS 0x000000008df00000, 0x000000008df00000| Untracked 
| 224|0x000000008e000000, 0x000000008e000000, 0x000000008e100000|  0%| F|  |TAMS 0x000000008e000000, 0x000000008e000000| Untracked 
| 225|0x000000008e100000, 0x000000008e100000, 0x000000008e200000|  0%| F|  |TAMS 0x000000008e100000, 0x000000008e100000| Untracked 
| 226|0x000000008e200000, 0x000000008e200000, 0x000000008e300000|  0%| F|  |TAMS 0x000000008e200000, 0x000000008e200000| Untracked 
| 227|0x000000008e300000, 0x000000008e300000, 0x000000008e400000|  0%| F|  |TAMS 0x000000008e300000, 0x000000008e300000| Untracked 
| 228|0x000000008e400000, 0x000000008e400000, 0x000000008e500000|  0%| F|  |TAMS 0x000000008e400000, 0x000000008e400000| Untracked 
| 229|0x000000008e500000, 0x000000008e529cc0, 0x000000008e600000| 16%| E|  |TAMS 0x000000008e500000, 0x000000008e500000| Complete 
| 230|0x000000008e600000, 0x000000008e700000, 0x000000008e700000|100%| E|  |TAMS 0x000000008e600000, 0x000000008e600000| Complete 
| 231|0x000000008e700000, 0x000000008e800000, 0x000000008e800000|100%| E|CS|TAMS 0x000000008e700000, 0x000000008e700000| Complete 
| 232|0x000000008e800000, 0x000000008e900000, 0x000000008e900000|100%| E|CS|TAMS 0x000000008e800000, 0x000000008e800000| Complete 
| 233|0x000000008e900000, 0x000000008ea00000, 0x000000008ea00000|100%| E|CS|TAMS 0x000000008e900000, 0x000000008e900000| Complete 
| 234|0x000000008ea00000, 0x000000008eb00000, 0x000000008eb00000|100%| E|CS|TAMS 0x000000008ea00000, 0x000000008ea00000| Complete 
| 235|0x000000008eb00000, 0x000000008ec00000, 0x000000008ec00000|100%| E|CS|TAMS 0x000000008eb00000, 0x000000008eb00000| Complete 

Card table byte_map: [0x00000237c5920000,0x00000237c5d20000] _byte_map_base: 0x00000237c5520000

Marking Bits (Prev, Next): (CMBitMap*) 0x00000237b097af90, (CMBitMap*) 0x00000237b097af58
 Prev Bits: [0x00000237c8120000, 0x00000237ca120000)
 Next Bits: [0x00000237c6120000, 0x00000237c8120000)

Polling page: 0x00000237b0a20000

Metaspace:

Usage:
  Non-class:    103.17 MB capacity,   101.53 MB ( 98%) used,     1.37 MB (  1%) free+waste,   277.25 KB ( <1%) overhead. 
      Class:     14.86 MB capacity,    13.93 MB ( 94%) used,   838.50 KB (  6%) free+waste,   120.50 KB ( <1%) overhead. 
       Both:    118.03 MB capacity,   115.45 MB ( 98%) used,     2.19 MB (  2%) free+waste,   397.75 KB ( <1%) overhead. 

Virtual space:
  Non-class space:      108.00 MB reserved,     106.75 MB ( 99%) committed 
      Class space:        1.00 GB reserved,      15.75 MB (  2%) committed 
             Both:        1.11 GB reserved,     122.50 MB ( 11%) committed 

Chunk freelists:
   Non-Class:  3.46 MB
       Class:  820.00 KB
        Both:  4.26 MB

MaxMetaspaceSize: 17179869184.00 GB
CompressedClassSpaceSize: 1.00 GB

CodeHeap 'non-profiled nmethods': size=120000Kb used=10365Kb max_used=10365Kb free=109634Kb
 bounds [0x00000237bd580000, 0x00000237bdfb0000, 0x00000237c4ab0000]
CodeHeap 'profiled nmethods': size=120000Kb used=35504Kb max_used=35504Kb free=84495Kb
 bounds [0x00000237b6050000, 0x00000237b8320000, 0x00000237bd580000]
CodeHeap 'non-nmethods': size=5760Kb used=2421Kb max_used=2484Kb free=3338Kb
 bounds [0x00000237b5ab0000, 0x00000237b5d30000, 0x00000237b6050000]
 total_blobs=17553 nmethods=16479 adapters=983
 compilation: enabled
              stopped_count=0, restarted_count=0
 full_count=0

Compilation events (20 events):
Event: 11005.720 Thread 0x00000237ccc07000 nmethod 18823 0x00000237bdf9b090 code [0x00000237bdf9b240, 0x00000237bdf9b598]
Event: 11005.720 Thread 0x00000237ccc07000 18824   !   4       com.google.common.cache.LocalCache$Segment::runLockedCleanup (39 bytes)
Event: 11005.752 Thread 0x00000237ccc07000 nmethod 18824 0x00000237bdf9b690 code [0x00000237bdf9b8c0, 0x00000237bdf9c020]
Event: 11005.752 Thread 0x00000237ccc07000 18825       4       org.gradle.internal.snapshot.SnapshotUtil$2::<init> (32 bytes)
Event: 11005.758 Thread 0x00000237ccc07000 nmethod 18825 0x00000237bdf9c710 code [0x00000237bdf9c8a0, 0x00000237bdf9ccf8]
Event: 11005.758 Thread 0x00000237ccc07000 18821       4       org.gradle.internal.snapshot.SnapshotUtil::handlePathRelationship (80 bytes)
Event: 11005.778 Thread 0x00000237ccc14000 18826       3       org.gradle.internal.logging.serializer.ProgressStartEventSerializer::write (10 bytes)
Event: 11005.779 Thread 0x00000237ccc14000 nmethod 18826 0x00000237b8309f90 code [0x00000237b830a160, 0x00000237b830a388]
Event: 11005.779 Thread 0x00000237ccc14000 18827       3       org.gradle.internal.logging.serializer.ProgressStartEventSerializer::write (383 bytes)
Event: 11005.783 Thread 0x00000237ccc14000 nmethod 18827 0x00000237b830a490 code [0x00000237b830a880, 0x00000237b830c608]
Event: 11005.783 Thread 0x00000237ccc14000 18828       3       java.util.IdentityHashMap::capacity (29 bytes)
Event: 11005.784 Thread 0x00000237ccc14000 nmethod 18828 0x00000237b830ce90 code [0x00000237b830d060, 0x00000237b830d288]
Event: 11005.784 Thread 0x00000237ccc14000 18829       3       java.util.IdentityHashMap::<init> (44 bytes)
Event: 11005.786 Thread 0x00000237ccc14000 nmethod 18829 0x00000237b830d390 code [0x00000237b830d640, 0x00000237b830e288]
Event: 11005.788 Thread 0x00000237ccc14000 18833       3       org.gradle.internal.operations.OperationIdentifier::equals (47 bytes)
Event: 11005.789 Thread 0x00000237ccc14000 nmethod 18833 0x00000237b830e710 code [0x00000237b830e8e0, 0x00000237b830ec58]
Event: 11006.009 Thread 0x00000237ccc07000 nmethod 18821 0x00000237bdf9cd90 code [0x00000237bdf9d1a0, 0x00000237bdf9f230]
Event: 11006.010 Thread 0x00000237ccc07000 18839       4       com.google.common.collect.Interners$InternerImpl::intern (50 bytes)
Event: 11006.118 Thread 0x00000237ccc14000 18849       2       java.io.BufferedReader::<init> (62 bytes)
Event: 11006.119 Thread 0x00000237ccc14000 nmethod 18849 0x00000237b830ed90 code [0x00000237b830ef80, 0x00000237b830f3f8]

GC Heap History (20 events):
Event: 1302.766 GC heap before
{Heap before GC invocations=97 (full 0):
 garbage-first heap   total 241664K, used 128643K [0x0000000080000000, 0x0000000100000000)
  region size 1024K, 11 young (11264K), 7 survivors (7168K)
 Metaspace       used 119790K, capacity 123294K, committed 123392K, reserved 1157120K
  class space    used 14643K, capacity 15807K, committed 15872K, reserved 1048576K
}
Event: 1302.878 GC heap after
{Heap after GC invocations=98 (full 0):
 garbage-first heap   total 241664K, used 112251K [0x0000000080000000, 0x0000000100000000)
  region size 1024K, 2 young (2048K), 2 survivors (2048K)
 Metaspace       used 119790K, capacity 123294K, committed 123392K, reserved 1157120K
  class space    used 14643K, capacity 15807K, committed 15872K, reserved 1048576K
}
Event: 1308.586 GC heap before
{Heap before GC invocations=98 (full 0):
 garbage-first heap   total 241664K, used 177787K [0x0000000080000000, 0x0000000100000000)
  region size 1024K, 67 young (68608K), 2 survivors (2048K)
 Metaspace       used 121218K, capacity 124859K, committed 125184K, reserved 1159168K
  class space    used 14781K, capacity 16030K, committed 16128K, reserved 1048576K
}
Event: 1308.621 GC heap after
{Heap after GC invocations=99 (full 0):
 garbage-first heap   total 241664K, used 114209K [0x0000000080000000, 0x0000000100000000)
  region size 1024K, 4 young (4096K), 4 survivors (4096K)
 Metaspace       used 121218K, capacity 124859K, committed 125184K, reserved 1159168K
  class space    used 14781K, capacity 16030K, committed 16128K, reserved 1048576K
}
Event: 5035.361 GC heap before
{Heap before GC invocations=99 (full 0):
 garbage-first heap   total 241664K, used 189985K [0x0000000080000000, 0x0000000100000000)
  region size 1024K, 79 young (80896K), 4 survivors (4096K)
 Metaspace       used 121415K, capacity 125161K, committed 125440K, reserved 1159168K
  class space    used 14792K, capacity 16040K, committed 16128K, reserved 1048576K
}
Event: 5035.611 GC heap after
{Heap after GC invocations=100 (full 0):
 garbage-first heap   total 241664K, used 113720K [0x0000000080000000, 0x0000000100000000)
  region size 1024K, 3 young (3072K), 3 survivors (3072K)
 Metaspace       used 121415K, capacity 125161K, committed 125440K, reserved 1159168K
  class space    used 14792K, capacity 16040K, committed 16128K, reserved 1048576K
}
Event: 9914.012 GC heap before
{Heap before GC invocations=100 (full 0):
 garbage-first heap   total 241664K, used 197688K [0x0000000080000000, 0x0000000100000000)
  region size 1024K, 86 young (88064K), 3 survivors (3072K)
 Metaspace       used 121423K, capacity 125161K, committed 125440K, reserved 1159168K
  class space    used 14792K, capacity 16040K, committed 16128K, reserved 1048576K
}
Event: 9914.420 GC heap after
{Heap after GC invocations=101 (full 0):
 garbage-first heap   total 241664K, used 113572K [0x0000000080000000, 0x0000000100000000)
  region size 1024K, 3 young (3072K), 3 survivors (3072K)
 Metaspace       used 121423K, capacity 125161K, committed 125440K, reserved 1159168K
  class space    used 14792K, capacity 16040K, committed 16128K, reserved 1048576K
}
Event: 10354.030 GC heap before
{Heap before GC invocations=102 (full 0):
 garbage-first heap   total 241664K, used 121764K [0x0000000080000000, 0x0000000100000000)
  region size 1024K, 11 young (11264K), 3 survivors (3072K)
 Metaspace       used 117757K, capacity 120286K, committed 125440K, reserved 1159168K
  class space    used 14212K, capacity 15131K, committed 16128K, reserved 1048576K
}
Event: 10354.410 GC heap after
{Heap after GC invocations=103 (full 0):
 garbage-first heap   total 241664K, used 113740K [0x0000000080000000, 0x0000000100000000)
  region size 1024K, 1 young (1024K), 1 survivors (1024K)
 Metaspace       used 117757K, capacity 120286K, committed 125440K, reserved 1159168K
  class space    used 14212K, capacity 15131K, committed 16128K, reserved 1048576K
}
Event: 10924.025 GC heap before
{Heap before GC invocations=103 (full 0):
 garbage-first heap   total 241664K, used 123980K [0x0000000080000000, 0x0000000100000000)
  region size 1024K, 11 young (11264K), 1 survivors (1024K)
 Metaspace       used 117757K, capacity 120286K, committed 125440K, reserved 1159168K
  class space    used 14212K, capacity 15131K, committed 16128K, reserved 1048576K
}
Event: 10924.388 GC heap after
{Heap after GC invocations=104 (full 0):
 garbage-first heap   total 241664K, used 105337K [0x0000000080000000, 0x0000000100000000)
  region size 1024K, 1 young (1024K), 1 survivors (1024K)
 Metaspace       used 117757K, capacity 120286K, committed 125440K, reserved 1159168K
  class space    used 14212K, capacity 15131K, committed 16128K, reserved 1048576K
}
Event: 10999.583 GC heap before
{Heap before GC invocations=104 (full 0):
 garbage-first heap   total 241664K, used 115577K [0x0000000080000000, 0x0000000100000000)
  region size 1024K, 11 young (11264K), 1 survivors (1024K)
 Metaspace       used 117921K, capacity 120507K, committed 125440K, reserved 1159168K
  class space    used 14240K, capacity 15184K, committed 16128K, reserved 1048576K
}
Event: 11000.134 GC heap after
{Heap after GC invocations=105 (full 0):
 garbage-first heap   total 241664K, used 102342K [0x0000000080000000, 0x0000000100000000)
  region size 1024K, 2 young (2048K), 2 survivors (2048K)
 Metaspace       used 117921K, capacity 120507K, committed 125440K, reserved 1159168K
  class space    used 14240K, capacity 15184K, committed 16128K, reserved 1048576K
}
Event: 11001.479 GC heap before
{Heap before GC invocations=105 (full 0):
 garbage-first heap   total 241664K, used 111558K [0x0000000080000000, 0x0000000100000000)
  region size 1024K, 11 young (11264K), 2 survivors (2048K)
 Metaspace       used 117929K, capacity 120507K, committed 125440K, reserved 1159168K
  class space    used 14240K, capacity 15184K, committed 16128K, reserved 1048576K
}
Event: 11001.712 GC heap after
{Heap after GC invocations=106 (full 0):
 garbage-first heap   total 241664K, used 98851K [0x0000000080000000, 0x0000000100000000)
  region size 1024K, 1 young (1024K), 1 survivors (1024K)
 Metaspace       used 117929K, capacity 120507K, committed 125440K, reserved 1159168K
  class space    used 14240K, capacity 15184K, committed 16128K, reserved 1048576K
}
Event: 11003.841 GC heap before
{Heap before GC invocations=106 (full 0):
 garbage-first heap   total 241664K, used 109091K [0x0000000080000000, 0x0000000100000000)
  region size 1024K, 11 young (11264K), 1 survivors (1024K)
 Metaspace       used 118063K, capacity 120674K, committed 125440K, reserved 1159168K
  class space    used 14250K, capacity 15201K, committed 16128K, reserved 1048576K
}
Event: 11003.931 GC heap after
{Heap after GC invocations=107 (full 0):
 garbage-first heap   total 241664K, used 100352K [0x0000000080000000, 0x0000000100000000)
  region size 1024K, 2 young (2048K), 2 survivors (2048K)
 Metaspace       used 118063K, capacity 120674K, committed 125440K, reserved 1159168K
  class space    used 14250K, capacity 15201K, committed 16128K, reserved 1048576K
}
Event: 11005.929 GC heap before
{Heap before GC invocations=107 (full 0):
 garbage-first heap   total 241664K, used 116736K [0x0000000080000000, 0x0000000100000000)
  region size 1024K, 19 young (19456K), 2 survivors (2048K)
 Metaspace       used 118223K, capacity 120861K, committed 125440K, reserved 1159168K
  class space    used 14261K, capacity 15220K, committed 16128K, reserved 1048576K
}
Event: 11005.999 GC heap after
{Heap after GC invocations=108 (full 0):
 garbage-first heap   total 241664K, used 102808K [0x0000000080000000, 0x0000000100000000)
  region size 1024K, 3 young (3072K), 3 survivors (3072K)
 Metaspace       used 118223K, capacity 120861K, committed 125440K, reserved 1159168K
  class space    used 14261K, capacity 15220K, committed 16128K, reserved 1048576K
}

Deoptimization events (20 events):
Event: 10998.941 Thread 0x00000237d54f7000 DEOPT PACKING pc=0x00000237b67cc72b sp=0x00000054a94f8160
Event: 10998.941 Thread 0x00000237d54f7000 DEOPT UNPACKING pc=0x00000237b5ad72ce sp=0x00000054a94f75f8 mode 0
Event: 11001.888 Thread 0x00000237d54f7000 DEOPT PACKING pc=0x00000237b63ca4f9 sp=0x00000054a94f94e0
Event: 11001.890 Thread 0x00000237d54f7000 DEOPT UNPACKING pc=0x00000237b5ad72ce sp=0x00000054a94f89a8 mode 0
Event: 11002.177 Thread 0x00000237d54f7000 Uncommon trap: trap_request=0xffffff4d fr.pc=0x00000237bdb984f0 relative=0x0000000000000610
Event: 11002.177 Thread 0x00000237d54f7000 Uncommon trap: reason=unstable_if action=reinterpret pc=0x00000237bdb984f0 method=java.lang.ref.SoftReference.get()Ljava/lang/Object; @ 6 c2
Event: 11002.177 Thread 0x00000237d54f7000 DEOPT PACKING pc=0x00000237bdb984f0 sp=0x00000054a94f9360
Event: 11002.177 Thread 0x00000237d54f7000 DEOPT UNPACKING pc=0x00000237b5ad74af sp=0x00000054a94f91e8 mode 2
Event: 11003.394 Thread 0x00000237d54f7000 Uncommon trap: trap_request=0xffffff4d fr.pc=0x00000237bd78404c relative=0x00000000000029ec
Event: 11003.395 Thread 0x00000237d54f7000 Uncommon trap: reason=unstable_if action=reinterpret pc=0x00000237bd78404c method=java.lang.ref.SoftReference.get()Ljava/lang/Object; @ 6 c2
Event: 11003.396 Thread 0x00000237d54f7000 DEOPT PACKING pc=0x00000237bd78404c sp=0x00000054a94f5130
Event: 11003.399 Thread 0x00000237d54f7000 DEOPT UNPACKING pc=0x00000237b5ad74af sp=0x00000054a94f5068 mode 2
Event: 11003.518 Thread 0x00000237d54f7000 Uncommon trap: trap_request=0xffffff4d fr.pc=0x00000237bdd2f7d8 relative=0x0000000000000538
Event: 11003.518 Thread 0x00000237d54f7000 Uncommon trap: reason=unstable_if action=reinterpret pc=0x00000237bdd2f7d8 method=com.android.ide.common.blame.SourceFile.equals(Ljava/lang/Object;)Z @ 2 c2
Event: 11003.518 Thread 0x00000237d54f7000 DEOPT PACKING pc=0x00000237bdd2f7d8 sp=0x00000054a94fb060
Event: 11003.518 Thread 0x00000237d54f7000 DEOPT UNPACKING pc=0x00000237b5ad74af sp=0x00000054a94fb030 mode 2
Event: 11005.834 Thread 0x00000237d3af9800 Uncommon trap: trap_request=0xffffff5c fr.pc=0x00000237bdbbd880 relative=0x0000000000002820
Event: 11005.834 Thread 0x00000237d3af9800 Uncommon trap: reason=speculate_null_assert action=make_not_entrant pc=0x00000237bdbbd880 method=com.google.common.collect.Interners$InternerImpl.intern(Ljava/lang/Object;)Ljava/lang/Object; @ 42 c2
Event: 11005.834 Thread 0x00000237d3af9800 DEOPT PACKING pc=0x00000237bdbbd880 sp=0x00000054b1ef94b0
Event: 11005.835 Thread 0x00000237d3af9800 DEOPT UNPACKING pc=0x00000237b5ad74af sp=0x00000054b1ef9410 mode 2

Classes redefined (0 events):
No events

Internal exceptions (20 events):
Event: 11001.807 Thread 0x00000237d54f5000 Exception <a 'java/lang/NoSuchMethodError'{0x000000008ea17d70}: <clinit>> (0x000000008ea17d70) thrown at [./src/hotspot/share/prims/jni.cpp, line 1362]
Event: 11001.807 Thread 0x00000237d54f5000 Exception <a 'java/lang/NoSuchMethodError'{0x000000008ea2d1c8}: <clinit>> (0x000000008ea2d1c8) thrown at [./src/hotspot/share/prims/jni.cpp, line 1362]
Event: 11001.816 Thread 0x00000237d54f5000 Exception <a 'java/lang/NoSuchMethodError'{0x000000008ea30c40}: <clinit>> (0x000000008ea30c40) thrown at [./src/hotspot/share/prims/jni.cpp, line 1362]
Event: 11001.817 Thread 0x00000237d54f5000 Exception <a 'java/lang/NoSuchMethodError'{0x000000008ea31ec8}: <clinit>> (0x000000008ea31ec8) thrown at [./src/hotspot/share/prims/jni.cpp, line 1362]
Event: 11001.828 Thread 0x00000237d54f5000 Exception <a 'java/lang/NoSuchMethodError'{0x000000008ea50540}: <clinit>> (0x000000008ea50540) thrown at [./src/hotspot/share/prims/jni.cpp, line 1362]
Event: 11001.831 Thread 0x00000237d54f5000 Exception <a 'java/lang/NoSuchMethodError'{0x000000008ea5b2b8}: <clinit>> (0x000000008ea5b2b8) thrown at [./src/hotspot/share/prims/jni.cpp, line 1362]
Event: 11001.860 Thread 0x00000237d54f5000 Exception <a 'java/lang/NoSuchMethodError'{0x000000008ea98e40}: <clinit>> (0x000000008ea98e40) thrown at [./src/hotspot/share/prims/jni.cpp, line 1362]
Event: 11002.176 Thread 0x00000237d54f7000 Implicit null exception at 0x00000237bdb97f49 to 0x00000237bdb984d4
Event: 11003.393 Thread 0x00000237d54f7000 Implicit null exception at 0x00000237bd7816bf to 0x00000237bd78403c
Event: 11003.744 Thread 0x00000237d54f7000 Exception <a 'sun/nio/fs/WindowsException'{0x000000008e1b18b8}> (0x000000008e1b18b8) thrown at [./src/hotspot/share/prims/jni.cpp, line 615]
Event: 11004.450 Thread 0x00000237d54f7000 Exception <a 'java/lang/NoSuchMethodError'{0x000000008e6d0438}: <clinit>> (0x000000008e6d0438) thrown at [./src/hotspot/share/prims/jni.cpp, line 1362]
Event: 11004.475 Thread 0x00000237d54f7000 Exception <a 'java/lang/NoSuchMethodError'{0x000000008e6f8c38}: <clinit>> (0x000000008e6f8c38) thrown at [./src/hotspot/share/prims/jni.cpp, line 1362]
Event: 11004.586 Thread 0x00000237d54f5000 Exception <a 'java/lang/NoSuchMethodError'{0x000000008e5c6bb0}: <clinit>> (0x000000008e5c6bb0) thrown at [./src/hotspot/share/prims/jni.cpp, line 1362]
Event: 11004.590 Thread 0x00000237d54f5000 Exception <a 'java/lang/NoSuchMethodError'{0x000000008e5d03c0}: <clinit>> (0x000000008e5d03c0) thrown at [./src/hotspot/share/prims/jni.cpp, line 1362]
Event: 11004.597 Thread 0x00000237d54f5000 Exception <a 'java/lang/NoSuchMethodError'{0x000000008e5dae70}: <clinit>> (0x000000008e5dae70) thrown at [./src/hotspot/share/prims/jni.cpp, line 1362]
Event: 11004.610 Thread 0x00000237d54f5000 Exception <a 'java/lang/NoSuchMethodError'{0x000000008e5fd878}: <clinit>> (0x000000008e5fd878) thrown at [./src/hotspot/share/prims/jni.cpp, line 1362]
Event: 11004.610 Thread 0x00000237d54f5000 Exception <a 'java/lang/NoSuchMethodError'{0x000000008e5feb50}: <clinit>> (0x000000008e5feb50) thrown at [./src/hotspot/share/prims/jni.cpp, line 1362]
Event: 11004.615 Thread 0x00000237d3af7800 Exception <a 'java/lang/NoSuchMethodError'{0x000000008e40a328}: <clinit>> (0x000000008e40a328) thrown at [./src/hotspot/share/prims/jni.cpp, line 1362]
Event: 11004.636 Thread 0x00000237d3af7800 Exception <a 'java/lang/NoSuchMethodError'{0x000000008e42b628}: <clinit>> (0x000000008e42b628) thrown at [./src/hotspot/share/prims/jni.cpp, line 1362]
Event: 11004.649 Thread 0x00000237d54f5000 Exception <a 'java/lang/NoSuchMethodError'{0x000000008e445458}: <clinit>> (0x000000008e445458) thrown at [./src/hotspot/share/prims/jni.cpp, line 1362]

Events (20 events):
Event: 11004.615 Executing VM operation: RevokeBias
Event: 11004.617 Executing VM operation: RevokeBias done
Event: 11004.617 Executing VM operation: RevokeBias
Event: 11004.618 Executing VM operation: RevokeBias done
Event: 11004.618 Executing VM operation: RevokeBias
Event: 11004.621 Executing VM operation: RevokeBias done
Event: 11004.892 Executing VM operation: RevokeBias
Event: 11004.897 Executing VM operation: RevokeBias done
Event: 11004.925 Executing VM operation: RevokeBias
Event: 11004.926 Executing VM operation: RevokeBias done
Event: 11005.018 Executing VM operation: RevokeBias
Event: 11005.020 Executing VM operation: RevokeBias done
Event: 11005.762 Executing VM operation: RevokeBias
Event: 11005.774 Executing VM operation: RevokeBias done
Event: 11005.774 Executing VM operation: RevokeBias
Event: 11005.777 Executing VM operation: RevokeBias done
Event: 11005.777 Executing VM operation: RevokeBias
Event: 11005.777 Executing VM operation: RevokeBias done
Event: 11005.927 Executing VM operation: G1CollectForAllocation
Event: 11005.999 Executing VM operation: G1CollectForAllocation done


Dynamic libraries:
0x00007ff7cfe10000 - 0x00007ff7cfe1a000 	C:\Program Files\Android\Android Studio\jre\bin\java.exe
0x00007ff8d0830000 - 0x00007ff8d0a25000 	C:\WINDOWS\SYSTEM32\ntdll.dll
0x00007ff8cee80000 - 0x00007ff8cef3d000 	C:\WINDOWS\System32\KERNEL32.DLL
0x00007ff8ce5c0000 - 0x00007ff8ce888000 	C:\WINDOWS\System32\KERNELBASE.dll
0x00007ff8ce1d0000 - 0x00007ff8ce2d0000 	C:\WINDOWS\System32\ucrtbase.dll
0x00007ff8a48f0000 - 0x00007ff8a4907000 	C:\Program Files\Android\Android Studio\jre\bin\VCRUNTIME140.dll
0x00007ff8a00d0000 - 0x00007ff8a00e9000 	C:\Program Files\Android\Android Studio\jre\bin\jli.dll
0x00007ff8b2aa0000 - 0x00007ff8b2d3a000 	C:\WINDOWS\WinSxS\amd64_microsoft.windows.common-controls_6595b64144ccf1df_6.0.19041.844_none_ca00b6081b84eb1d\COMCTL32.dll
0x00007ff8cf230000 - 0x00007ff8cf2ce000 	C:\WINDOWS\System32\msvcrt.dll
0x00007ff8ceff0000 - 0x00007ff8cf01a000 	C:\WINDOWS\System32\GDI32.dll
0x00007ff8ce430000 - 0x00007ff8ce452000 	C:\WINDOWS\System32\win32u.dll
0x00007ff8ce0c0000 - 0x00007ff8ce1cb000 	C:\WINDOWS\System32\gdi32full.dll
0x00007ff8ce020000 - 0x00007ff8ce0bd000 	C:\WINDOWS\System32\msvcp_win.dll
0x00007ff8ceb00000 - 0x00007ff8ceca0000 	C:\WINDOWS\System32\USER32.dll
0x00007ff8d0090000 - 0x00007ff8d00c0000 	C:\WINDOWS\System32\IMM32.DLL
0x00007ff897d40000 - 0x00007ff897ddd000 	C:\Program Files\Android\Android Studio\jre\bin\msvcp140.dll
0x00007ff86cbc0000 - 0x00007ff86d67c000 	C:\Program Files\Android\Android Studio\jre\bin\server\jvm.dll
0x00007ff8cf420000 - 0x00007ff8cf4cc000 	C:\WINDOWS\System32\ADVAPI32.dll
0x00007ff8d01e0000 - 0x00007ff8d027b000 	C:\WINDOWS\System32\sechost.dll
0x00007ff8d0280000 - 0x00007ff8d03ab000 	C:\WINDOWS\System32\RPCRT4.dll
0x00007ff8cf100000 - 0x00007ff8cf108000 	C:\WINDOWS\System32\PSAPI.DLL
0x00007ff8c5bd0000 - 0x00007ff8c5bd9000 	C:\WINDOWS\SYSTEM32\WSOCK32.dll
0x00007ff8d00c0000 - 0x00007ff8d012b000 	C:\WINDOWS\System32\WS2_32.dll
0x00007ff8c4410000 - 0x00007ff8c4437000 	C:\WINDOWS\SYSTEM32\WINMM.dll
0x00007ff8c4ef0000 - 0x00007ff8c4efa000 	C:\WINDOWS\SYSTEM32\VERSION.dll
0x00007ff8cc840000 - 0x00007ff8cc852000 	C:\WINDOWS\SYSTEM32\kernel.appcore.dll
0x00007ff8bc6e0000 - 0x00007ff8bc6f1000 	C:\Program Files\Android\Android Studio\jre\bin\verify.dll
0x00007ff8cc620000 - 0x00007ff8cc804000 	C:\WINDOWS\SYSTEM32\DBGHELP.DLL
0x00007ff8b4800000 - 0x00007ff8b482c000 	C:\WINDOWS\SYSTEM32\dbgcore.DLL
0x00007ff8cdfa0000 - 0x00007ff8ce020000 	C:\WINDOWS\System32\bcryptPrimitives.dll
0x00007ff8afd40000 - 0x00007ff8afd69000 	C:\Program Files\Android\Android Studio\jre\bin\java.dll
0x00007ff8bc6d0000 - 0x00007ff8bc6db000 	C:\Program Files\Android\Android Studio\jre\bin\jimage.dll
0x00007ff8bc030000 - 0x00007ff8bc048000 	C:\Program Files\Android\Android Studio\jre\bin\zip.dll
0x00007ff8cf940000 - 0x00007ff8d0082000 	C:\WINDOWS\System32\SHELL32.dll
0x00007ff8cbe90000 - 0x00007ff8cc620000 	C:\WINDOWS\SYSTEM32\windows.storage.dll
0x00007ff8d03c0000 - 0x00007ff8d0715000 	C:\WINDOWS\System32\combase.dll
0x00007ff8cd910000 - 0x00007ff8cd93c000 	C:\WINDOWS\SYSTEM32\Wldp.dll
0x00007ff8cedd0000 - 0x00007ff8cee7e000 	C:\WINDOWS\System32\SHCORE.dll
0x00007ff8ce890000 - 0x00007ff8ce8e5000 	C:\WINDOWS\System32\shlwapi.dll
0x00007ff8cdeb0000 - 0x00007ff8cdecf000 	C:\WINDOWS\SYSTEM32\profapi.dll
0x00007ff8af890000 - 0x00007ff8af8aa000 	C:\Program Files\Android\Android Studio\jre\bin\net.dll
0x00007ff8b8570000 - 0x00007ff8b867b000 	C:\WINDOWS\SYSTEM32\WINHTTP.dll
0x00007ff8cd680000 - 0x00007ff8cd6ea000 	C:\WINDOWS\system32\mswsock.dll
0x00007ff8af250000 - 0x00007ff8af264000 	C:\Program Files\Android\Android Studio\jre\bin\nio.dll
0x00007ff8b0380000 - 0x00007ff8b03a7000 	C:\Users\HP\.gradle\native\fdc75f09e3144964f2cf3f50f0aa648679c211496f362492102eb8c894070792\windows-amd64\native-platform.dll
0x00007ff89ad20000 - 0x00007ff89aeb6000 	C:\Users\HP\.gradle\native\12488b8bf47d2d4c9fbf2f6322a914ad602e24e48041cd04a747c6da556b65c4\windows-amd64\native-platform-file-events.dll
0x00007ff8b12b0000 - 0x00007ff8b12ba000 	C:\Program Files\Android\Android Studio\jre\bin\management.dll
0x00007ff8af240000 - 0x00007ff8af24c000 	C:\Program Files\Android\Android Studio\jre\bin\management_ext.dll
0x00007ff8cd850000 - 0x00007ff8cd868000 	C:\WINDOWS\SYSTEM32\CRYPTSP.dll
0x00007ff8cd020000 - 0x00007ff8cd054000 	C:\WINDOWS\system32\rsaenh.dll
0x00007ff8cdf70000 - 0x00007ff8cdf97000 	C:\WINDOWS\System32\bcrypt.dll
0x00007ff8cde70000 - 0x00007ff8cde9e000 	C:\WINDOWS\SYSTEM32\USERENV.dll
0x00007ff8cd870000 - 0x00007ff8cd87c000 	C:\WINDOWS\SYSTEM32\CRYPTBASE.dll
0x00007ff8cd370000 - 0x00007ff8cd3ab000 	C:\WINDOWS\SYSTEM32\IPHLPAPI.DLL
0x00007ff8d03b0000 - 0x00007ff8d03b8000 	C:\WINDOWS\System32\NSI.dll
0x00007ff8cbdb0000 - 0x00007ff8cbdc7000 	C:\WINDOWS\SYSTEM32\dhcpcsvc6.DLL
0x00007ff8cbd90000 - 0x00007ff8cbdad000 	C:\WINDOWS\SYSTEM32\dhcpcsvc.DLL
0x00007ff8cd3b0000 - 0x00007ff8cd47c000 	C:\WINDOWS\SYSTEM32\DNSAPI.dll
0x00007ff8c6c10000 - 0x00007ff8c6c1b000 	C:\WINDOWS\SYSTEM32\WINNSI.DLL
0x00007ff8b0f80000 - 0x00007ff8b1122000 	C:\Program Files\Android\Android Studio\jre\bin\awt.dll
0x00007ff8d0720000 - 0x00007ff8d07ed000 	C:\WINDOWS\System32\OLEAUT32.dll
0x00007ff8cb970000 - 0x00007ff8cb99f000 	C:\WINDOWS\SYSTEM32\dwmapi.dll
0x00007ff8cb400000 - 0x00007ff8cb490000 	C:\WINDOWS\SYSTEM32\apphelp.dll
0x00007ff8cb5a0000 - 0x00007ff8cb63e000 	C:\WINDOWS\system32\uxtheme.dll
0x00007ff8b0bf0000 - 0x00007ff8b0c17000 	C:\Program Files\Android\Android Studio\jre\bin\sunec.dll
0x00007ff8b7ae0000 - 0x00007ff8b7aea000 	C:\Windows\System32\rasadhlp.dll
0x00007ff8b8800000 - 0x00007ff8b887f000 	C:\WINDOWS\System32\fwpuclnt.dll

dbghelp: loaded successfully - version: 4.0.5 - missing functions: none
symbol engine: initialized successfully - sym options: 0x614 - pdb path: .;C:\Program Files\Android\Android Studio\jre\bin;C:\WINDOWS\SYSTEM32;C:\WINDOWS\WinSxS\amd64_microsoft.windows.common-controls_6595b64144ccf1df_6.0.19041.844_none_ca00b6081b84eb1d;C:\Program Files\Android\Android Studio\jre\bin\server;C:\Users\HP\.gradle\native\fdc75f09e3144964f2cf3f50f0aa648679c211496f362492102eb8c894070792\windows-amd64;C:\Users\HP\.gradle\native\12488b8bf47d2d4c9fbf2f6322a914ad602e24e48041cd04a747c6da556b65c4\windows-amd64

VM Arguments:
jvm_args: --add-opens=java.base/java.util=ALL-UNNAMED --add-opens=java.base/java.lang=ALL-UNNAMED --add-opens=java.base/java.lang.invoke=ALL-UNNAMED --add-opens=java.prefs/java.util.prefs=ALL-UNNAMED -Xmx2048m -Dfile.encoding=UTF-8 -Duser.country=US -Duser.language=en -Duser.variant 
java_command: org.gradle.launcher.daemon.bootstrap.GradleDaemon 6.7.1
java_class_path (initial): C:\Users\HP\.gradle\wrapper\dists\gradle-6.7.1-bin\bwlcbys1h7rz3272sye1xwiv6\gradle-6.7.1\lib\gradle-launcher-6.7.1.jar
Launcher Type: SUN_STANDARD

[Global flags]
     intx CICompilerCount                          = 4                                         {product} {ergonomic}
     uint ConcGCThreads                            = 2                                         {product} {ergonomic}
     uint G1ConcRefinementThreads                  = 8                                         {product} {ergonomic}
   size_t G1HeapRegionSize                         = 1048576                                   {product} {ergonomic}
    uintx GCDrainStackTargetSize                   = 64                                        {product} {ergonomic}
   size_t InitialHeapSize                          = 58720256                                  {product} {ergonomic}
   size_t MarkStackSize                            = 4194304                                   {product} {ergonomic}
   size_t MaxHeapSize                              = 2147483648                                {product} {command line}
   size_t MaxNewSize                               = 1287651328                                {product} {ergonomic}
   size_t MinHeapDeltaBytes                        = 1048576                                   {product} {ergonomic}
    uintx NonNMethodCodeHeapSize                   = 5836300                                {pd product} {ergonomic}
    uintx NonProfiledCodeHeapSize                  = 122910970                              {pd product} {ergonomic}
    uintx ProfiledCodeHeapSize                     = 122910970                              {pd product} {ergonomic}
    uintx ReservedCodeCacheSize                    = 251658240                              {pd product} {ergonomic}
     bool SegmentedCodeCache                       = true                                      {product} {ergonomic}
     bool UseCompressedClassPointers               = true                                 {lp64_product} {ergonomic}
     bool UseCompressedOops                        = true                                 {lp64_product} {ergonomic}
     bool UseG1GC                                  = true                                      {product} {ergonomic}
     bool UseLargePagesIndividualAllocation        = false                                  {pd product} {ergonomic}

Logging:
Log output configuration:
 #0: stdout all=warning uptime,level,tags
 #1: stderr all=off uptime,level,tags

Environment Variables:
JAVA_HOME=C:\Program Files\Java\jdk-16.0.1
PATH=C:\Program Files\Common Files\Oracle\Java\javapath;C:\Program Files (x86)\Common Files\Oracle\Java\javapath;C:\WINDOWS\system32;C:\WINDOWS;C:\WINDOWS\System32\Wbem;C:\WINDOWS\System32\WindowsPowerShell\v1.0\;C:\WINDOWS\System32\OpenSSH\;C:\Program Files (x86)\Windows Live\Shared;C:\Program Files\MATLAB\R2020a\bin;C:\Program Files\nodejs\;C:\Program Files\Java\jdk-16.0.1\bin;C:\Users\HP\AppData\Local\Microsoft\WindowsApps;C:\Users\HP\AppData\Roaming\npm
USERNAME=HP
OS=Windows_NT
PROCESSOR_IDENTIFIER=AMD64 Family 23 Model 24 Stepping 1, AuthenticAMD



---------------  S Y S T E M  ---------------

OS: Windows 10 , 64 bit Build 19041 (10.0.19041.928)
OS uptime: 0 days 3:15 hours

CPU:total 8 (initial active 8) (8 cores per cpu, 2 threads per core) family 23 model 24 stepping 1, cmov, cx8, fxsr, mmx, sse, sse2, sse3, ssse3, sse4.1, sse4.2, popcnt, avx, avx2, aes, clmul, mmxext, 3dnowpref, lzcnt, sse4a, ht, tsc, tscinvbit, tscinv, bmi1, bmi2, adx, sha, fma

Memory: 4k page, system-wide physical 3498M (88M free)
TotalPageFile size 14250M (AvailPageFile size 4M)
current process WorkingSet (physical memory assigned to process): 173M, peak: 378M
current process commit charge ("private bytes"): 589M, peak: 600M

vm_info: OpenJDK 64-Bit Server VM (11.0.8+10-b944.6842174) for windows-amd64 JRE (11.0.8+10-b944.6842174), built on Sep 19 2020 01:11:42 by "builder" with MS VC++ 14.0 (VS2015)

END.
